{"numTotalTestSuites":4,"numPassedTestSuites":1,"numFailedTestSuites":3,"numPendingTestSuites":0,"numTotalTests":5,"numPassedTests":4,"numFailedTests":1,"numPendingTests":0,"numTodoTests":0,"snapshot":{"added":0,"failure":false,"filesAdded":0,"filesRemoved":0,"filesRemovedList":[],"filesUnmatched":0,"filesUpdated":0,"matched":0,"total":0,"unchecked":0,"uncheckedKeysByFile":[],"unmatched":0,"updated":0,"didUpdate":false},"startTime":1771375188291,"success":false,"testResults":[{"assertionResults":[{"ancestorTitles":["React Query Integration","SuggestionList"],"fullName":"React Query Integration SuggestionList renders loading state","status":"passed","title":"renders loading state","duration":45.534400000000005,"failureMessages":[],"meta":{}},{"ancestorTitles":["React Query Integration","SuggestionList"],"fullName":"React Query Integration SuggestionList renders posts when data is available","status":"passed","title":"renders posts when data is available","duration":17.47109999999975,"failureMessages":[],"meta":{}},{"ancestorTitles":["React Query Integration","ActivityCard"],"fullName":"React Query Integration ActivityCard renders empty state when no reports","status":"failed","title":"renders empty state when no reports","duration":17.5954999999999,"failureMessages":["Error: \u001b[2mexpect(\u001b[22m\u001b[31melement\u001b[39m\u001b[2m).not.toBeInTheDocument()\u001b[22m\n\n\u001b[31mexpected document not to contain element, found <h4\n  class=\"font-bold text-text-main-light dark:text-text-main-dark truncate\"\n>\n  activity.leakingPipe\n</h4> instead\u001b[39m\n    at Proxy.expectWrapper (file:///C:/Users/%E9%AB%98%E6%9D%B0/house-maint-ai/node_modules/@vitest/expect/dist/index.js:1821:12)\n    at Proxy.<anonymous> (file:///C:/Users/%E9%AB%98%E6%9D%B0/house-maint-ai/node_modules/@vitest/expect/dist/index.js:1090:14)\n    at Proxy.methodWrapper (file:///C:/Users/%E9%AB%98%E6%9D%B0/house-maint-ai/node_modules/chai/index.js:1700:25)\n    at C:/Users/高杰/house-maint-ai/src/components/ReactQueryIntegration.test.tsx:93:68\n    at file:///C:/Users/%E9%AB%98%E6%9D%B0/house-maint-ai/node_modules/@vitest/runner/dist/index.js:145:11\n    at file:///C:/Users/%E9%AB%98%E6%9D%B0/house-maint-ai/node_modules/@vitest/runner/dist/index.js:915:26\n    at file:///C:/Users/%E9%AB%98%E6%9D%B0/house-maint-ai/node_modules/@vitest/runner/dist/index.js:1243:20\n    at new Promise (<anonymous>)\n    at runWithTimeout (file:///C:/Users/%E9%AB%98%E6%9D%B0/house-maint-ai/node_modules/@vitest/runner/dist/index.js:1209:10)\n    at file:///C:/Users/%E9%AB%98%E6%9D%B0/house-maint-ai/node_modules/@vitest/runner/dist/index.js:1653:37"],"meta":{}},{"ancestorTitles":["React Query Integration","ActivityCard"],"fullName":"React Query Integration ActivityCard renders active report when available","status":"passed","title":"renders active report when available","duration":4.78670000000011,"failureMessages":[],"meta":{}},{"ancestorTitles":["React Query Integration","ActivityCard"],"fullName":"React Query Integration ActivityCard renders loading state","status":"passed","title":"renders loading state","duration":2.628400000000056,"failureMessages":[],"meta":{}}],"startTime":1771375190386,"endTime":1771375190474.6284,"status":"failed","message":"","name":"C:/Users/高杰/house-maint-ai/src/components/ReactQueryIntegration.test.tsx"}]}