{"/app/server/index.ts": {"path":"/app/server/index.ts","statementMap":{"0":{"start":{"line":38,"column":6},"end":{"line":38,"column":null}},"1":{"start":{"line":39,"column":6},"end":{"line":39,"column":null}},"2":{"start":{"line":41,"column":6},"end":{"line":41,"column":null}},"3":{"start":{"line":42,"column":13},"end":{"line":42,"column":null}},"4":{"start":{"line":45,"column":26},"end":{"line":68,"column":null}},"5":{"start":{"line":46,"column":41},"end":{"line":46,"column":null}},"6":{"start":{"line":49,"column":4},"end":{"line":51,"column":null}},"7":{"start":{"line":50,"column":8},"end":{"line":50,"column":null}},"8":{"start":{"line":50,"column":69},"end":{"line":50,"column":77}},"9":{"start":{"line":54,"column":4},"end":{"line":60,"column":null}},"10":{"start":{"line":55,"column":8},"end":{"line":55,"column":null}},"11":{"start":{"line":56,"column":8},"end":{"line":56,"column":null}},"12":{"start":{"line":57,"column":8},"end":{"line":57,"column":null}},"13":{"start":{"line":58,"column":8},"end":{"line":58,"column":null}},"14":{"start":{"line":59,"column":8},"end":{"line":59,"column":null}},"15":{"start":{"line":63,"column":4},"end":{"line":65,"column":null}},"16":{"start":{"line":64,"column":8},"end":{"line":64,"column":null}},"17":{"start":{"line":67,"column":4},"end":{"line":67,"column":null}},"18":{"start":{"line":71,"column":0},"end":{"line":98,"column":null}},"19":{"start":{"line":74,"column":8},"end":{"line":74,"column":null}},"20":{"start":{"line":74,"column":21},"end":{"line":74,"column":null}},"21":{"start":{"line":77,"column":8},"end":{"line":79,"column":null}},"22":{"start":{"line":78,"column":12},"end":{"line":78,"column":null}},"23":{"start":{"line":81,"column":31},"end":{"line":81,"column":null}},"24":{"start":{"line":84,"column":26},"end":{"line":87,"column":null}},"25":{"start":{"line":85,"column":12},"end":{"line":85,"column":null}},"26":{"start":{"line":85,"column":37},"end":{"line":85,"column":null}},"27":{"start":{"line":86,"column":12},"end":{"line":86,"column":null}},"28":{"start":{"line":89,"column":8},"end":{"line":93,"column":null}},"29":{"start":{"line":90,"column":12},"end":{"line":90,"column":null}},"30":{"start":{"line":92,"column":12},"end":{"line":92,"column":null}},"31":{"start":{"line":101,"column":0},"end":{"line":108,"column":null}},"32":{"start":{"line":111,"column":0},"end":{"line":111,"column":null}},"33":{"start":{"line":114,"column":0},"end":{"line":114,"column":null}},"34":{"start":{"line":116,"column":0},"end":{"line":116,"column":null}},"35":{"start":{"line":117,"column":0},"end":{"line":117,"column":null}},"36":{"start":{"line":118,"column":0},"end":{"line":118,"column":null}},"37":{"start":{"line":119,"column":0},"end":{"line":119,"column":null}},"38":{"start":{"line":120,"column":0},"end":{"line":120,"column":null}},"39":{"start":{"line":123,"column":0},"end":{"line":126,"column":null}},"40":{"start":{"line":124,"column":4},"end":{"line":124,"column":null}},"41":{"start":{"line":125,"column":4},"end":{"line":125,"column":null}},"42":{"start":{"line":129,"column":0},"end":{"line":129,"column":null}},"43":{"start":{"line":132,"column":0},"end":{"line":132,"column":null}},"44":{"start":{"line":139,"column":0},"end":{"line":139,"column":null}},"45":{"start":{"line":142,"column":0},"end":{"line":142,"column":null}},"46":{"start":{"line":145,"column":20},"end":{"line":145,"column":null}},"47":{"start":{"line":148,"column":0},"end":{"line":154,"column":null}},"48":{"start":{"line":149,"column":4},"end":{"line":153,"column":null}},"49":{"start":{"line":157,"column":0},"end":{"line":157,"column":null}},"50":{"start":{"line":158,"column":0},"end":{"line":158,"column":null}},"51":{"start":{"line":159,"column":0},"end":{"line":159,"column":null}},"52":{"start":{"line":160,"column":0},"end":{"line":160,"column":null}},"53":{"start":{"line":161,"column":0},"end":{"line":161,"column":null}},"54":{"start":{"line":162,"column":0},"end":{"line":162,"column":null}},"55":{"start":{"line":163,"column":0},"end":{"line":163,"column":null}},"56":{"start":{"line":164,"column":0},"end":{"line":164,"column":null}},"57":{"start":{"line":165,"column":0},"end":{"line":165,"column":null}},"58":{"start":{"line":166,"column":0},"end":{"line":166,"column":null}},"59":{"start":{"line":167,"column":0},"end":{"line":167,"column":null}},"60":{"start":{"line":168,"column":0},"end":{"line":168,"column":null}},"61":{"start":{"line":169,"column":0},"end":{"line":169,"column":null}},"62":{"start":{"line":170,"column":0},"end":{"line":170,"column":null}},"63":{"start":{"line":171,"column":0},"end":{"line":171,"column":null}},"64":{"start":{"line":172,"column":0},"end":{"line":172,"column":null}},"65":{"start":{"line":173,"column":0},"end":{"line":173,"column":null}},"66":{"start":{"line":174,"column":0},"end":{"line":174,"column":null}},"67":{"start":{"line":177,"column":0},"end":{"line":177,"column":null}},"68":{"start":{"line":180,"column":0},"end":{"line":186,"column":null}},"69":{"start":{"line":181,"column":4},"end":{"line":185,"column":null}},"70":{"start":{"line":192,"column":0},"end":{"line":192,"column":null}},"71":{"start":{"line":195,"column":0},"end":{"line":197,"column":null}},"72":{"start":{"line":196,"column":4},"end":{"line":196,"column":null}},"73":{"start":{"line":203,"column":6},"end":{"line":203,"column":null}},"74":{"start":{"line":204,"column":0},"end":{"line":204,"column":null}},"75":{"start":{"line":206,"column":15},"end":{"line":212,"column":null}},"76":{"start":{"line":208,"column":8},"end":{"line":208,"column":null}},"77":{"start":{"line":209,"column":8},"end":{"line":209,"column":null}},"78":{"start":{"line":210,"column":8},"end":{"line":210,"column":null}}},"fnMap":{"0":{"name":"(anonymous_0)","decl":{"start":{"line":45,"column":26},"end":{"line":45,"column":53}},"loc":{"start":{"line":45,"column":53},"end":{"line":68,"column":null}},"line":45},"1":{"name":"(anonymous_1)","decl":{"start":{"line":50,"column":64},"end":{"line":50,"column":69}},"loc":{"start":{"line":50,"column":69},"end":{"line":50,"column":77}},"line":50},"2":{"name":"(anonymous_2)","decl":{"start":{"line":72,"column":12},"end":{"line":72,"column":13}},"loc":{"start":{"line":72,"column":34},"end":{"line":94,"column":null}},"line":72},"3":{"name":"(anonymous_3)","decl":{"start":{"line":84,"column":46},"end":{"line":84,"column":51}},"loc":{"start":{"line":84,"column":51},"end":{"line":87,"column":9}},"line":84},"4":{"name":"(anonymous_4)","decl":{"start":{"line":123,"column":8},"end":{"line":123,"column":9}},"loc":{"start":{"line":123,"column":28},"end":{"line":126,"column":1}},"line":123},"5":{"name":"(anonymous_5)","decl":{"start":{"line":148,"column":27},"end":{"line":148,"column":28}},"loc":{"start":{"line":148,"column":41},"end":{"line":154,"column":1}},"line":148},"6":{"name":"(anonymous_6)","decl":{"start":{"line":180,"column":23},"end":{"line":180,"column":24}},"loc":{"start":{"line":180,"column":37},"end":{"line":186,"column":1}},"line":180},"7":{"name":"(anonymous_7)","decl":{"start":{"line":195,"column":8},"end":{"line":195,"column":9}},"loc":{"start":{"line":195,"column":22},"end":{"line":197,"column":1}},"line":195},"8":{"name":"(anonymous_8)","decl":{"start":{"line":207,"column":49},"end":{"line":207,"column":55}},"loc":{"start":{"line":207,"column":55},"end":{"line":211,"column":5}},"line":207}},"branchMap":{"0":{"loc":{"start":{"line":42,"column":13},"end":{"line":42,"column":null}},"type":"binary-expr","locations":[{"start":{"line":42,"column":13},"end":{"line":42,"column":33}},{"start":{"line":42,"column":33},"end":{"line":42,"column":null}}],"line":42},"1":{"loc":{"start":{"line":49,"column":4},"end":{"line":51,"column":null}},"type":"if","locations":[{"start":{"line":49,"column":4},"end":{"line":51,"column":null}},{"start":{},"end":{}}],"line":49},"2":{"loc":{"start":{"line":54,"column":4},"end":{"line":60,"column":null}},"type":"if","locations":[{"start":{"line":54,"column":4},"end":{"line":60,"column":null}},{"start":{},"end":{}}],"line":54},"3":{"loc":{"start":{"line":63,"column":4},"end":{"line":65,"column":null}},"type":"if","locations":[{"start":{"line":63,"column":4},"end":{"line":65,"column":null}},{"start":{},"end":{}}],"line":63},"4":{"loc":{"start":{"line":67,"column":11},"end":{"line":67,"column":null}},"type":"cond-expr","locations":[{"start":{"line":67,"column":32},"end":{"line":67,"column":42}},{"start":{"line":67,"column":42},"end":{"line":67,"column":null}}],"line":67},"5":{"loc":{"start":{"line":74,"column":8},"end":{"line":74,"column":null}},"type":"if","locations":[{"start":{"line":74,"column":8},"end":{"line":74,"column":null}},{"start":{},"end":{}}],"line":74},"6":{"loc":{"start":{"line":77,"column":8},"end":{"line":79,"column":null}},"type":"if","locations":[{"start":{"line":77,"column":8},"end":{"line":79,"column":null}},{"start":{},"end":{}}],"line":77},"7":{"loc":{"start":{"line":85,"column":12},"end":{"line":85,"column":null}},"type":"if","locations":[{"start":{"line":85,"column":12},"end":{"line":85,"column":null}},{"start":{},"end":{}}],"line":85},"8":{"loc":{"start":{"line":89,"column":8},"end":{"line":93,"column":null}},"type":"if","locations":[{"start":{"line":89,"column":8},"end":{"line":93,"column":null}},{"start":{"line":91,"column":15},"end":{"line":93,"column":null}}],"line":89},"9":{"loc":{"start":{"line":206,"column":15},"end":{"line":212,"column":null}},"type":"cond-expr","locations":[{"start":{"line":207,"column":6},"end":{"line":211,"column":null}},{"start":{"line":212,"column":6},"end":{"line":212,"column":null}}],"line":206}},"s":{"0":14,"1":14,"2":14,"3":14,"4":14,"5":0,"6":0,"7":0,"8":0,"9":0,"10":0,"11":0,"12":0,"13":0,"14":0,"15":0,"16":0,"17":0,"18":14,"19":107,"20":107,"21":0,"22":0,"23":0,"24":0,"25":0,"26":0,"27":0,"28":0,"29":0,"30":0,"31":14,"32":14,"33":14,"34":14,"35":14,"36":14,"37":14,"38":14,"39":14,"40":107,"41":107,"42":14,"43":14,"44":14,"45":14,"46":14,"47":14,"48":0,"49":14,"50":14,"51":14,"52":14,"53":14,"54":14,"55":14,"56":14,"57":14,"58":14,"59":14,"60":14,"61":14,"62":14,"63":14,"64":14,"65":14,"66":14,"67":14,"68":14,"69":2,"70":14,"71":14,"72":61,"73":14,"74":14,"75":14,"76":0,"77":0,"78":0},"f":{"0":0,"1":0,"2":107,"3":0,"4":107,"5":0,"6":2,"7":61,"8":0},"b":{"0":[14,14],"1":[0,0],"2":[0,0],"3":[0,0],"4":[0,0],"5":[107,0],"6":[0,0],"7":[0,0],"8":[0,0],"9":[0,14]},"meta":{"lastBranch":10,"lastFunction":9,"lastStatement":79,"seen":{"s:38:6:38:Infinity":0,"s:39:6:39:Infinity":1,"s:41:6:41:Infinity":2,"s:42:13:42:Infinity":3,"b:42:13:42:33:42:33:42:Infinity":0,"s:45:26:68:Infinity":4,"f:45:26:45:53":0,"s:46:41:46:Infinity":5,"b:49:4:51:Infinity:undefined:undefined:undefined:undefined":1,"s:49:4:51:Infinity":6,"s:50:8:50:Infinity":7,"f:50:64:50:69":1,"s:50:69:50:77":8,"b:54:4:60:Infinity:undefined:undefined:undefined:undefined":2,"s:54:4:60:Infinity":9,"s:55:8:55:Infinity":10,"s:56:8:56:Infinity":11,"s:57:8:57:Infinity":12,"s:58:8:58:Infinity":13,"s:59:8:59:Infinity":14,"b:63:4:65:Infinity:undefined:undefined:undefined:undefined":3,"s:63:4:65:Infinity":15,"s:64:8:64:Infinity":16,"s:67:4:67:Infinity":17,"b:67:32:67:42:67:42:67:Infinity":4,"s:71:0:98:Infinity":18,"f:72:12:72:13":2,"b:74:8:74:Infinity:undefined:undefined:undefined:undefined":5,"s:74:8:74:Infinity":19,"s:74:21:74:Infinity":20,"b:77:8:79:Infinity:undefined:undefined:undefined:undefined":6,"s:77:8:79:Infinity":21,"s:78:12:78:Infinity":22,"s:81:31:81:Infinity":23,"s:84:26:87:Infinity":24,"f:84:46:84:51":3,"b:85:12:85:Infinity:undefined:undefined:undefined:undefined":7,"s:85:12:85:Infinity":25,"s:85:37:85:Infinity":26,"s:86:12:86:Infinity":27,"b:89:8:93:Infinity:91:15:93:Infinity":8,"s:89:8:93:Infinity":28,"s:90:12:90:Infinity":29,"s:92:12:92:Infinity":30,"s:101:0:108:Infinity":31,"s:111:0:111:Infinity":32,"s:114:0:114:Infinity":33,"s:116:0:116:Infinity":34,"s:117:0:117:Infinity":35,"s:118:0:118:Infinity":36,"s:119:0:119:Infinity":37,"s:120:0:120:Infinity":38,"s:123:0:126:Infinity":39,"f:123:8:123:9":4,"s:124:4:124:Infinity":40,"s:125:4:125:Infinity":41,"s:129:0:129:Infinity":42,"s:132:0:132:Infinity":43,"s:139:0:139:Infinity":44,"s:142:0:142:Infinity":45,"s:145:20:145:Infinity":46,"s:148:0:154:Infinity":47,"f:148:27:148:28":5,"s:149:4:153:Infinity":48,"s:157:0:157:Infinity":49,"s:158:0:158:Infinity":50,"s:159:0:159:Infinity":51,"s:160:0:160:Infinity":52,"s:161:0:161:Infinity":53,"s:162:0:162:Infinity":54,"s:163:0:163:Infinity":55,"s:164:0:164:Infinity":56,"s:165:0:165:Infinity":57,"s:166:0:166:Infinity":58,"s:167:0:167:Infinity":59,"s:168:0:168:Infinity":60,"s:169:0:169:Infinity":61,"s:170:0:170:Infinity":62,"s:171:0:171:Infinity":63,"s:172:0:172:Infinity":64,"s:173:0:173:Infinity":65,"s:174:0:174:Infinity":66,"s:177:0:177:Infinity":67,"s:180:0:186:Infinity":68,"f:180:23:180:24":6,"s:181:4:185:Infinity":69,"s:192:0:192:Infinity":70,"s:195:0:197:Infinity":71,"f:195:8:195:9":7,"s:196:4:196:Infinity":72,"s:203:6:203:Infinity":73,"s:204:0:204:Infinity":74,"s:206:15:212:Infinity":75,"b:207:6:211:Infinity:212:6:212:Infinity":9,"f:207:49:207:55":8,"s:208:8:208:Infinity":76,"s:209:8:209:Infinity":77,"s:210:8:210:Infinity":78}}}
,"/app/server/socket.ts": {"path":"/app/server/socket.ts","statementMap":{"0":{"start":{"line":7,"column":26},"end":{"line":91,"column":null}},"1":{"start":{"line":8,"column":4},"end":{"line":14,"column":null}},"2":{"start":{"line":16,"column":4},"end":{"line":52,"column":null}},"3":{"start":{"line":17,"column":8},"end":{"line":51,"column":null}},"4":{"start":{"line":21,"column":33},"end":{"line":21,"column":null}},"5":{"start":{"line":22,"column":24},"end":{"line":22,"column":null}},"6":{"start":{"line":24,"column":12},"end":{"line":31,"column":null}},"7":{"start":{"line":25,"column":32},"end":{"line":29,"column":null}},"8":{"start":{"line":26,"column":41},"end":{"line":26,"column":null}},"9":{"start":{"line":27,"column":20},"end":{"line":27,"column":null}},"10":{"start":{"line":28,"column":20},"end":{"line":28,"column":null}},"11":{"start":{"line":30,"column":16},"end":{"line":30,"column":null}},"12":{"start":{"line":34,"column":12},"end":{"line":36,"column":null}},"13":{"start":{"line":35,"column":16},"end":{"line":35,"column":null}},"14":{"start":{"line":38,"column":12},"end":{"line":40,"column":null}},"15":{"start":{"line":39,"column":16},"end":{"line":39,"column":null}},"16":{"start":{"line":42,"column":18},"end":{"line":42,"column":null}},"17":{"start":{"line":43,"column":12},"end":{"line":45,"column":null}},"18":{"start":{"line":44,"column":16},"end":{"line":44,"column":null}},"19":{"start":{"line":47,"column":12},"end":{"line":47,"column":null}},"20":{"start":{"line":48,"column":12},"end":{"line":48,"column":null}},"21":{"start":{"line":50,"column":12},"end":{"line":50,"column":null}},"22":{"start":{"line":54,"column":4},"end":{"line":88,"column":null}},"23":{"start":{"line":55,"column":8},"end":{"line":55,"column":null}},"24":{"start":{"line":58,"column":23},"end":{"line":58,"column":null}},"25":{"start":{"line":59,"column":8},"end":{"line":59,"column":null}},"26":{"start":{"line":61,"column":8},"end":{"line":63,"column":null}},"27":{"start":{"line":62,"column":12},"end":{"line":62,"column":null}},"28":{"start":{"line":65,"column":8},"end":{"line":67,"column":null}},"29":{"start":{"line":66,"column":12},"end":{"line":66,"column":null}},"30":{"start":{"line":70,"column":8},"end":{"line":75,"column":null}},"31":{"start":{"line":71,"column":12},"end":{"line":74,"column":null}},"32":{"start":{"line":77,"column":8},"end":{"line":81,"column":null}},"33":{"start":{"line":78,"column":12},"end":{"line":80,"column":null}},"34":{"start":{"line":83,"column":8},"end":{"line":87,"column":null}},"35":{"start":{"line":84,"column":12},"end":{"line":86,"column":null}},"36":{"start":{"line":90,"column":4},"end":{"line":90,"column":null}},"37":{"start":{"line":94,"column":26},"end":{"line":98,"column":null}},"38":{"start":{"line":95,"column":4},"end":{"line":97,"column":null}},"39":{"start":{"line":96,"column":8},"end":{"line":96,"column":null}},"40":{"start":{"line":100,"column":29},"end":{"line":104,"column":null}},"41":{"start":{"line":101,"column":4},"end":{"line":103,"column":null}},"42":{"start":{"line":102,"column":8},"end":{"line":102,"column":null}}},"fnMap":{"0":{"name":"(anonymous_0)","decl":{"start":{"line":7,"column":26},"end":{"line":7,"column":27}},"loc":{"start":{"line":7,"column":54},"end":{"line":91,"column":null}},"line":7},"1":{"name":"(anonymous_1)","decl":{"start":{"line":16,"column":11},"end":{"line":16,"column":18}},"loc":{"start":{"line":16,"column":35},"end":{"line":52,"column":5}},"line":16},"2":{"name":"(anonymous_2)","decl":{"start":{"line":25,"column":63},"end":{"line":25,"column":64}},"loc":{"start":{"line":25,"column":80},"end":{"line":29,"column":19}},"line":25},"3":{"name":"(anonymous_3)","decl":{"start":{"line":54,"column":24},"end":{"line":54,"column":25}},"loc":{"start":{"line":54,"column":36},"end":{"line":88,"column":5}},"line":54},"4":{"name":"(anonymous_4)","decl":{"start":{"line":65,"column":32},"end":{"line":65,"column":38}},"loc":{"start":{"line":65,"column":38},"end":{"line":67,"column":9}},"line":65},"5":{"name":"(anonymous_5)","decl":{"start":{"line":70,"column":28},"end":{"line":70,"column":29}},"loc":{"start":{"line":70,"column":54},"end":{"line":75,"column":9}},"line":70},"6":{"name":"(anonymous_6)","decl":{"start":{"line":77,"column":33},"end":{"line":77,"column":34}},"loc":{"start":{"line":77,"column":59},"end":{"line":81,"column":9}},"line":77},"7":{"name":"(anonymous_7)","decl":{"start":{"line":83,"column":31},"end":{"line":83,"column":32}},"loc":{"start":{"line":83,"column":64},"end":{"line":87,"column":9}},"line":83},"8":{"name":"(anonymous_8)","decl":{"start":{"line":94,"column":26},"end":{"line":94,"column":27}},"loc":{"start":{"line":94,"column":72},"end":{"line":98,"column":null}},"line":94},"9":{"name":"(anonymous_9)","decl":{"start":{"line":100,"column":29},"end":{"line":100,"column":30}},"loc":{"start":{"line":100,"column":59},"end":{"line":104,"column":null}},"line":100}},"branchMap":{"0":{"loc":{"start":{"line":10,"column":20},"end":{"line":10,"column":null}},"type":"binary-expr","locations":[{"start":{"line":10,"column":20},"end":{"line":10,"column":60}},{"start":{"line":10,"column":60},"end":{"line":10,"column":null}}],"line":10},"1":{"loc":{"start":{"line":24,"column":12},"end":{"line":31,"column":null}},"type":"if","locations":[{"start":{"line":24,"column":12},"end":{"line":31,"column":null}},{"start":{},"end":{}}],"line":24},"2":{"loc":{"start":{"line":34,"column":12},"end":{"line":36,"column":null}},"type":"if","locations":[{"start":{"line":34,"column":12},"end":{"line":36,"column":null}},{"start":{},"end":{}}],"line":34},"3":{"loc":{"start":{"line":34,"column":16},"end":{"line":34,"column":56}},"type":"binary-expr","locations":[{"start":{"line":34,"column":16},"end":{"line":34,"column":26}},{"start":{"line":34,"column":26},"end":{"line":34,"column":56}}],"line":34},"4":{"loc":{"start":{"line":38,"column":12},"end":{"line":40,"column":null}},"type":"if","locations":[{"start":{"line":38,"column":12},"end":{"line":40,"column":null}},{"start":{},"end":{}}],"line":38},"5":{"loc":{"start":{"line":43,"column":12},"end":{"line":45,"column":null}},"type":"if","locations":[{"start":{"line":43,"column":12},"end":{"line":45,"column":null}},{"start":{},"end":{}}],"line":43},"6":{"loc":{"start":{"line":61,"column":8},"end":{"line":63,"column":null}},"type":"if","locations":[{"start":{"line":61,"column":8},"end":{"line":63,"column":null}},{"start":{},"end":{}}],"line":61},"7":{"loc":{"start":{"line":95,"column":4},"end":{"line":97,"column":null}},"type":"if","locations":[{"start":{"line":95,"column":4},"end":{"line":97,"column":null}},{"start":{},"end":{}}],"line":95},"8":{"loc":{"start":{"line":101,"column":4},"end":{"line":103,"column":null}},"type":"if","locations":[{"start":{"line":101,"column":4},"end":{"line":103,"column":null}},{"start":{},"end":{}}],"line":101}},"s":{"0":15,"1":14,"2":14,"3":0,"4":0,"5":0,"6":0,"7":0,"8":0,"9":0,"10":0,"11":0,"12":0,"13":0,"14":0,"15":0,"16":0,"17":0,"18":0,"19":0,"20":0,"21":0,"22":14,"23":0,"24":0,"25":0,"26":0,"27":0,"28":0,"29":0,"30":0,"31":0,"32":0,"33":0,"34":0,"35":0,"36":14,"37":15,"38":4,"39":0,"40":15,"41":0,"42":0},"f":{"0":14,"1":0,"2":0,"3":0,"4":0,"5":0,"6":0,"7":0,"8":4,"9":0},"b":{"0":[14,14],"1":[0,0],"2":[0,0],"3":[0,0],"4":[0,0],"5":[0,0],"6":[0,0],"7":[0,4],"8":[0,0]},"meta":{"lastBranch":9,"lastFunction":10,"lastStatement":43,"seen":{"s:7:26:91:Infinity":0,"f:7:26:7:27":0,"s:8:4:14:Infinity":1,"b:10:20:10:60:10:60:10:Infinity":0,"s:16:4:52:Infinity":2,"f:16:11:16:18":1,"s:17:8:51:Infinity":3,"s:21:33:21:Infinity":4,"s:22:24:22:Infinity":5,"b:24:12:31:Infinity:undefined:undefined:undefined:undefined":1,"s:24:12:31:Infinity":6,"s:25:32:29:Infinity":7,"f:25:63:25:64":2,"s:26:41:26:Infinity":8,"s:27:20:27:Infinity":9,"s:28:20:28:Infinity":10,"s:30:16:30:Infinity":11,"b:34:12:36:Infinity:undefined:undefined:undefined:undefined":2,"s:34:12:36:Infinity":12,"b:34:16:34:26:34:26:34:56":3,"s:35:16:35:Infinity":13,"b:38:12:40:Infinity:undefined:undefined:undefined:undefined":4,"s:38:12:40:Infinity":14,"s:39:16:39:Infinity":15,"s:42:18:42:Infinity":16,"b:43:12:45:Infinity:undefined:undefined:undefined:undefined":5,"s:43:12:45:Infinity":17,"s:44:16:44:Infinity":18,"s:47:12:47:Infinity":19,"s:48:12:48:Infinity":20,"s:50:12:50:Infinity":21,"s:54:4:88:Infinity":22,"f:54:24:54:25":3,"s:55:8:55:Infinity":23,"s:58:23:58:Infinity":24,"s:59:8:59:Infinity":25,"b:61:8:63:Infinity:undefined:undefined:undefined:undefined":6,"s:61:8:63:Infinity":26,"s:62:12:62:Infinity":27,"s:65:8:67:Infinity":28,"f:65:32:65:38":4,"s:66:12:66:Infinity":29,"s:70:8:75:Infinity":30,"f:70:28:70:29":5,"s:71:12:74:Infinity":31,"s:77:8:81:Infinity":32,"f:77:33:77:34":6,"s:78:12:80:Infinity":33,"s:83:8:87:Infinity":34,"f:83:31:83:32":7,"s:84:12:86:Infinity":35,"s:90:4:90:Infinity":36,"s:94:26:98:Infinity":37,"f:94:26:94:27":8,"b:95:4:97:Infinity:undefined:undefined:undefined:undefined":7,"s:95:4:97:Infinity":38,"s:96:8:96:Infinity":39,"s:100:29:104:Infinity":40,"f:100:29:100:30":9,"b:101:4:103:Infinity:undefined:undefined:undefined:undefined":8,"s:101:4:103:Infinity":41,"s:102:8:102:Infinity":42}}}
,"/app/server/agents/common.ts": {"path":"/app/server/agents/common.ts","statementMap":{"0":{"start":{"line":14,"column":4},"end":{"line":24,"column":null}},"1":{"start":{"line":14,"column":23},"end":{"line":14,"column":26}},"2":{"start":{"line":15,"column":8},"end":{"line":23,"column":null}},"3":{"start":{"line":16,"column":12},"end":{"line":16,"column":null}},"4":{"start":{"line":18,"column":12},"end":{"line":18,"column":null}},"5":{"start":{"line":19,"column":12},"end":{"line":22,"column":null}},"6":{"start":{"line":20,"column":30},"end":{"line":20,"column":null}},"7":{"start":{"line":21,"column":16},"end":{"line":21,"column":null}},"8":{"start":{"line":21,"column":45},"end":{"line":21,"column":71}},"9":{"start":{"line":25,"column":4},"end":{"line":25,"column":null}},"10":{"start":{"line":32,"column":20},"end":{"line":32,"column":null}},"11":{"start":{"line":34,"column":4},"end":{"line":38,"column":null}},"12":{"start":{"line":35,"column":8},"end":{"line":35,"column":null}},"13":{"start":{"line":37,"column":8},"end":{"line":37,"column":null}},"14":{"start":{"line":39,"column":4},"end":{"line":43,"column":null}},"15":{"start":{"line":40,"column":8},"end":{"line":42,"column":null}},"16":{"start":{"line":41,"column":12},"end":{"line":41,"column":null}},"17":{"start":{"line":44,"column":4},"end":{"line":44,"column":null}}},"fnMap":{"0":{"name":"withRetry","decl":{"start":{"line":8,"column":22},"end":{"line":8,"column":null}},"loc":{"start":{"line":12,"column":14},"end":{"line":26,"column":null}},"line":12},"1":{"name":"(anonymous_1)","decl":{"start":{"line":21,"column":34},"end":{"line":21,"column":45}},"loc":{"start":{"line":21,"column":45},"end":{"line":21,"column":71}},"line":21},"2":{"name":"parseAiJson","decl":{"start":{"line":31,"column":16},"end":{"line":31,"column":31}},"loc":{"start":{"line":31,"column":73},"end":{"line":45,"column":null}},"line":31}},"branchMap":{"0":{"loc":{"start":{"line":10,"column":4},"end":{"line":10,"column":null}},"type":"default-arg","locations":[{"start":{"line":10,"column":26},"end":{"line":10,"column":null}}],"line":10},"1":{"loc":{"start":{"line":11,"column":4},"end":{"line":11,"column":null}},"type":"default-arg","locations":[{"start":{"line":11,"column":26},"end":{"line":11,"column":null}}],"line":11},"2":{"loc":{"start":{"line":18,"column":24},"end":{"line":18,"column":null}},"type":"cond-expr","locations":[{"start":{"line":18,"column":49},"end":{"line":18,"column":57}},{"start":{"line":18,"column":57},"end":{"line":18,"column":null}}],"line":18},"3":{"loc":{"start":{"line":19,"column":12},"end":{"line":22,"column":null}},"type":"if","locations":[{"start":{"line":19,"column":12},"end":{"line":22,"column":null}},{"start":{},"end":{}}],"line":19},"4":{"loc":{"start":{"line":40,"column":8},"end":{"line":42,"column":null}},"type":"if","locations":[{"start":{"line":40,"column":8},"end":{"line":42,"column":null}},{"start":{},"end":{}}],"line":40}},"s":{"0":3,"1":3,"2":3,"3":3,"4":0,"5":0,"6":0,"7":0,"8":0,"9":0,"10":0,"11":0,"12":0,"13":0,"14":0,"15":0,"16":0,"17":0},"f":{"0":3,"1":0,"2":0},"b":{"0":[3],"1":[3],"2":[0,0],"3":[0,0],"4":[0,0]},"meta":{"lastBranch":5,"lastFunction":3,"lastStatement":18,"seen":{"f:8:22:8:Infinity":0,"b:10:26:10:Infinity":0,"b:11:26:11:Infinity":1,"s:14:4:24:Infinity":0,"s:14:23:14:26":1,"s:15:8:23:Infinity":2,"s:16:12:16:Infinity":3,"s:18:12:18:Infinity":4,"b:18:49:18:57:18:57:18:Infinity":2,"b:19:12:22:Infinity:undefined:undefined:undefined:undefined":3,"s:19:12:22:Infinity":5,"s:20:30:20:Infinity":6,"s:21:16:21:Infinity":7,"f:21:34:21:45":1,"s:21:45:21:71":8,"s:25:4:25:Infinity":9,"f:31:16:31:31":2,"s:32:20:32:Infinity":10,"s:34:4:38:Infinity":11,"s:35:8:35:Infinity":12,"s:37:8:37:Infinity":13,"s:39:4:43:Infinity":14,"b:40:8:42:Infinity:undefined:undefined:undefined:undefined":4,"s:40:8:42:Infinity":15,"s:41:12:41:Infinity":16,"s:44:4:44:Infinity":17}}}
,"/app/server/agents/diagnosis/agent.ts": {"path":"/app/server/agents/diagnosis/agent.ts","statementMap":{"0":{"start":{"line":6,"column":11},"end":{"line":6,"column":null}},"1":{"start":{"line":12,"column":23},"end":{"line":12,"column":null}},"2":{"start":{"line":13,"column":8},"end":{"line":13,"column":null}},"3":{"start":{"line":14,"column":8},"end":{"line":14,"column":null}},"4":{"start":{"line":15,"column":8},"end":{"line":15,"column":null}},"5":{"start":{"line":21,"column":29},"end":{"line":21,"column":null}},"6":{"start":{"line":22,"column":8},"end":{"line":22,"column":null}},"7":{"start":{"line":22,"column":18},"end":{"line":22,"column":null}},"8":{"start":{"line":23,"column":8},"end":{"line":23,"column":null}},"9":{"start":{"line":23,"column":19},"end":{"line":23,"column":null}},"10":{"start":{"line":24,"column":8},"end":{"line":24,"column":null}},"11":{"start":{"line":30,"column":32},"end":{"line":33,"column":null}},"12":{"start":{"line":34,"column":23},"end":{"line":34,"column":null}},"13":{"start":{"line":35,"column":21},"end":{"line":35,"column":null}},"14":{"start":{"line":36,"column":22},"end":{"line":36,"column":null}},"15":{"start":{"line":37,"column":8},"end":{"line":37,"column":null}},"16":{"start":{"line":41,"column":8},"end":{"line":46,"column":null}},"17":{"start":{"line":52,"column":8},"end":{"line":54,"column":null}},"18":{"start":{"line":53,"column":12},"end":{"line":53,"column":null}},"19":{"start":{"line":55,"column":23},"end":{"line":55,"column":null}},"20":{"start":{"line":56,"column":22},"end":{"line":56,"column":null}},"21":{"start":{"line":57,"column":8},"end":{"line":63,"column":null}},"22":{"start":{"line":58,"column":50},"end":{"line":61,"column":null}},"23":{"start":{"line":62,"column":12},"end":{"line":62,"column":null}},"24":{"start":{"line":69,"column":8},"end":{"line":82,"column":null}},"25":{"start":{"line":70,"column":12},"end":{"line":81,"column":null}},"26":{"start":{"line":84,"column":21},"end":{"line":84,"column":null}},"27":{"start":{"line":85,"column":29},"end":{"line":90,"column":null}},"28":{"start":{"line":94,"column":22},"end":{"line":94,"column":null}},"29":{"start":{"line":95,"column":8},"end":{"line":98,"column":null}},"30":{"start":{"line":96,"column":50},"end":{"line":96,"column":null}},"31":{"start":{"line":97,"column":12},"end":{"line":97,"column":null}},"32":{"start":{"line":104,"column":8},"end":{"line":115,"column":null}},"33":{"start":{"line":105,"column":12},"end":{"line":114,"column":null}},"34":{"start":{"line":117,"column":21},"end":{"line":117,"column":null}},"35":{"start":{"line":118,"column":29},"end":{"line":126,"column":null}},"36":{"start":{"line":131,"column":22},"end":{"line":131,"column":null}},"37":{"start":{"line":132,"column":8},"end":{"line":135,"column":null}},"38":{"start":{"line":133,"column":50},"end":{"line":133,"column":null}},"39":{"start":{"line":134,"column":12},"end":{"line":134,"column":null}},"40":{"start":{"line":141,"column":8},"end":{"line":154,"column":null}},"41":{"start":{"line":142,"column":12},"end":{"line":153,"column":null}},"42":{"start":{"line":156,"column":21},"end":{"line":156,"column":null}},"43":{"start":{"line":157,"column":29},"end":{"line":164,"column":null}},"44":{"start":{"line":170,"column":22},"end":{"line":170,"column":null}},"45":{"start":{"line":171,"column":8},"end":{"line":174,"column":null}},"46":{"start":{"line":172,"column":50},"end":{"line":172,"column":null}},"47":{"start":{"line":173,"column":12},"end":{"line":173,"column":null}},"48":{"start":{"line":180,"column":8},"end":{"line":220,"column":null}},"49":{"start":{"line":181,"column":33},"end":{"line":181,"column":null}},"50":{"start":{"line":181,"column":53},"end":{"line":181,"column":70}},"51":{"start":{"line":182,"column":12},"end":{"line":203,"column":null}},"52":{"start":{"line":183,"column":31},"end":{"line":183,"column":null}},"53":{"start":{"line":184,"column":16},"end":{"line":202,"column":null}},"54":{"start":{"line":204,"column":12},"end":{"line":219,"column":null}},"55":{"start":{"line":222,"column":21},"end":{"line":222,"column":null}},"56":{"start":{"line":223,"column":29},"end":{"line":247,"column":null}},"57":{"start":{"line":252,"column":33},"end":{"line":252,"column":null}},"58":{"start":{"line":252,"column":50},"end":{"line":252,"column":112}},"59":{"start":{"line":253,"column":22},"end":{"line":253,"column":null}},"60":{"start":{"line":254,"column":8},"end":{"line":257,"column":null}},"61":{"start":{"line":255,"column":50},"end":{"line":255,"column":null}},"62":{"start":{"line":256,"column":12},"end":{"line":256,"column":null}},"63":{"start":{"line":263,"column":8},"end":{"line":290,"column":null}},"64":{"start":{"line":264,"column":12},"end":{"line":289,"column":null}},"65":{"start":{"line":292,"column":21},"end":{"line":292,"column":null}},"66":{"start":{"line":293,"column":29},"end":{"line":294,"column":null}},"67":{"start":{"line":305,"column":22},"end":{"line":305,"column":null}},"68":{"start":{"line":306,"column":8},"end":{"line":309,"column":null}},"69":{"start":{"line":307,"column":50},"end":{"line":307,"column":null}},"70":{"start":{"line":308,"column":12},"end":{"line":308,"column":null}},"71":{"start":{"line":315,"column":8},"end":{"line":417,"column":null}},"72":{"start":{"line":317,"column":33},"end":{"line":317,"column":null}},"73":{"start":{"line":317,"column":53},"end":{"line":317,"column":70}},"74":{"start":{"line":318,"column":12},"end":{"line":416,"column":null}},"75":{"start":{"line":319,"column":16},"end":{"line":335,"column":null}},"76":{"start":{"line":336,"column":12},"end":{"line":416,"column":null}},"77":{"start":{"line":337,"column":16},"end":{"line":353,"column":null}},"78":{"start":{"line":354,"column":12},"end":{"line":416,"column":null}},"79":{"start":{"line":355,"column":16},"end":{"line":371,"column":null}},"80":{"start":{"line":372,"column":12},"end":{"line":416,"column":null}},"81":{"start":{"line":373,"column":16},"end":{"line":393,"column":null}},"82":{"start":{"line":396,"column":16},"end":{"line":415,"column":null}},"83":{"start":{"line":419,"column":21},"end":{"line":419,"column":null}},"84":{"start":{"line":420,"column":29},"end":{"line":450,"column":null}},"85":{"start":{"line":464,"column":33},"end":{"line":464,"column":null}},"86":{"start":{"line":464,"column":50},"end":{"line":464,"column":112}},"87":{"start":{"line":465,"column":22},"end":{"line":465,"column":null}},"88":{"start":{"line":466,"column":8},"end":{"line":469,"column":null}},"89":{"start":{"line":467,"column":50},"end":{"line":467,"column":null}},"90":{"start":{"line":468,"column":12},"end":{"line":468,"column":null}},"91":{"start":{"line":475,"column":8},"end":{"line":475,"column":null}},"92":{"start":{"line":481,"column":8},"end":{"line":483,"column":null}},"93":{"start":{"line":482,"column":12},"end":{"line":482,"column":null}},"94":{"start":{"line":484,"column":8},"end":{"line":487,"column":null}},"95":{"start":{"line":485,"column":50},"end":{"line":485,"column":null}},"96":{"start":{"line":486,"column":12},"end":{"line":486,"column":null}},"97":{"start":{"line":493,"column":8},"end":{"line":497,"column":null}},"98":{"start":{"line":501,"column":30},"end":{"line":501,"column":null}}},"fnMap":{"0":{"name":"(anonymous_0)","decl":{"start":{"line":11,"column":4},"end":{"line":11,"column":18}},"loc":{"start":{"line":11,"column":18},"end":{"line":16,"column":null}},"line":11},"1":{"name":"(anonymous_1)","decl":{"start":{"line":20,"column":12},"end":{"line":20,"column":23}},"loc":{"start":{"line":20,"column":80},"end":{"line":25,"column":null}},"line":20},"2":{"name":"(anonymous_2)","decl":{"start":{"line":27,"column":18},"end":{"line":27,"column":28}},"loc":{"start":{"line":27,"column":103},"end":{"line":38,"column":null}},"line":27},"3":{"name":"(anonymous_3)","decl":{"start":{"line":40,"column":12},"end":{"line":40,"column":21}},"loc":{"start":{"line":40,"column":33},"end":{"line":47,"column":null}},"line":40},"4":{"name":"(anonymous_4)","decl":{"start":{"line":51,"column":10},"end":{"line":51,"column":19}},"loc":{"start":{"line":51,"column":107},"end":{"line":64,"column":null}},"line":51},"5":{"name":"(anonymous_5)","decl":{"start":{"line":57,"column":25},"end":{"line":57,"column":37}},"loc":{"start":{"line":57,"column":37},"end":{"line":63,"column":9}},"line":57},"6":{"name":"(anonymous_6)","decl":{"start":{"line":68,"column":10},"end":{"line":68,"column":22}},"loc":{"start":{"line":68,"column":121},"end":{"line":99,"column":null}},"line":68},"7":{"name":"(anonymous_7)","decl":{"start":{"line":95,"column":25},"end":{"line":95,"column":37}},"loc":{"start":{"line":95,"column":37},"end":{"line":98,"column":9}},"line":95},"8":{"name":"(anonymous_8)","decl":{"start":{"line":103,"column":10},"end":{"line":103,"column":29}},"loc":{"start":{"line":103,"column":146},"end":{"line":136,"column":null}},"line":103},"9":{"name":"(anonymous_9)","decl":{"start":{"line":132,"column":25},"end":{"line":132,"column":37}},"loc":{"start":{"line":132,"column":37},"end":{"line":135,"column":9}},"line":132},"10":{"name":"(anonymous_10)","decl":{"start":{"line":140,"column":10},"end":{"line":140,"column":28}},"loc":{"start":{"line":140,"column":147},"end":{"line":175,"column":null}},"line":140},"11":{"name":"(anonymous_11)","decl":{"start":{"line":171,"column":25},"end":{"line":171,"column":37}},"loc":{"start":{"line":171,"column":37},"end":{"line":174,"column":9}},"line":171},"12":{"name":"(anonymous_12)","decl":{"start":{"line":179,"column":10},"end":{"line":179,"column":23}},"loc":{"start":{"line":179,"column":145},"end":{"line":258,"column":null}},"line":179},"13":{"name":"(anonymous_13)","decl":{"start":{"line":181,"column":48},"end":{"line":181,"column":53}},"loc":{"start":{"line":181,"column":53},"end":{"line":181,"column":70}},"line":181},"14":{"name":"(anonymous_14)","decl":{"start":{"line":252,"column":45},"end":{"line":252,"column":50}},"loc":{"start":{"line":252,"column":50},"end":{"line":252,"column":112}},"line":252},"15":{"name":"(anonymous_15)","decl":{"start":{"line":254,"column":25},"end":{"line":254,"column":37}},"loc":{"start":{"line":254,"column":37},"end":{"line":257,"column":9}},"line":254},"16":{"name":"(anonymous_16)","decl":{"start":{"line":262,"column":10},"end":{"line":262,"column":27}},"loc":{"start":{"line":262,"column":109},"end":{"line":310,"column":null}},"line":262},"17":{"name":"(anonymous_17)","decl":{"start":{"line":306,"column":25},"end":{"line":306,"column":37}},"loc":{"start":{"line":306,"column":37},"end":{"line":309,"column":9}},"line":306},"18":{"name":"(anonymous_18)","decl":{"start":{"line":314,"column":10},"end":{"line":314,"column":30}},"loc":{"start":{"line":314,"column":138},"end":{"line":470,"column":null}},"line":314},"19":{"name":"(anonymous_19)","decl":{"start":{"line":317,"column":48},"end":{"line":317,"column":53}},"loc":{"start":{"line":317,"column":53},"end":{"line":317,"column":70}},"line":317},"20":{"name":"(anonymous_20)","decl":{"start":{"line":464,"column":45},"end":{"line":464,"column":50}},"loc":{"start":{"line":464,"column":50},"end":{"line":464,"column":112}},"line":464},"21":{"name":"(anonymous_21)","decl":{"start":{"line":466,"column":25},"end":{"line":466,"column":37}},"loc":{"start":{"line":466,"column":37},"end":{"line":469,"column":9}},"line":466},"22":{"name":"(anonymous_22)","decl":{"start":{"line":474,"column":10},"end":{"line":474,"column":31}},"loc":{"start":{"line":474,"column":116},"end":{"line":476,"column":null}},"line":474},"23":{"name":"(anonymous_23)","decl":{"start":{"line":480,"column":10},"end":{"line":480,"column":25}},"loc":{"start":{"line":480,"column":67},"end":{"line":488,"column":null}},"line":480},"24":{"name":"(anonymous_24)","decl":{"start":{"line":484,"column":25},"end":{"line":484,"column":37}},"loc":{"start":{"line":484,"column":37},"end":{"line":487,"column":9}},"line":484},"25":{"name":"(anonymous_25)","decl":{"start":{"line":492,"column":12},"end":{"line":492,"column":45}},"loc":{"start":{"line":492,"column":45},"end":{"line":498,"column":null}},"line":492}},"branchMap":{"0":{"loc":{"start":{"line":12,"column":23},"end":{"line":12,"column":null}},"type":"binary-expr","locations":[{"start":{"line":12,"column":23},"end":{"line":12,"column":53}},{"start":{"line":12,"column":53},"end":{"line":12,"column":null}}],"line":12},"1":{"loc":{"start":{"line":22,"column":8},"end":{"line":22,"column":null}},"type":"if","locations":[{"start":{"line":22,"column":8},"end":{"line":22,"column":null}},{"start":{},"end":{}}],"line":22},"2":{"loc":{"start":{"line":23,"column":8},"end":{"line":23,"column":null}},"type":"if","locations":[{"start":{"line":23,"column":8},"end":{"line":23,"column":null}},{"start":{},"end":{}}],"line":23},"3":{"loc":{"start":{"line":23,"column":69},"end":{"line":23,"column":94}},"type":"binary-expr","locations":[{"start":{"line":23,"column":69},"end":{"line":23,"column":81}},{"start":{"line":23,"column":81},"end":{"line":23,"column":94}}],"line":23},"4":{"loc":{"start":{"line":36,"column":22},"end":{"line":36,"column":null}},"type":"binary-expr","locations":[{"start":{"line":36,"column":22},"end":{"line":36,"column":55}},{"start":{"line":36,"column":55},"end":{"line":36,"column":null}}],"line":36},"5":{"loc":{"start":{"line":42,"column":26},"end":{"line":42,"column":null}},"type":"binary-expr","locations":[{"start":{"line":42,"column":26},"end":{"line":42,"column":52}},{"start":{"line":42,"column":52},"end":{"line":42,"column":null}}],"line":42},"6":{"loc":{"start":{"line":43,"column":27},"end":{"line":43,"column":null}},"type":"binary-expr","locations":[{"start":{"line":43,"column":27},"end":{"line":43,"column":57}},{"start":{"line":43,"column":57},"end":{"line":43,"column":null}}],"line":43},"7":{"loc":{"start":{"line":44,"column":26},"end":{"line":44,"column":null}},"type":"binary-expr","locations":[{"start":{"line":44,"column":26},"end":{"line":44,"column":51}},{"start":{"line":44,"column":51},"end":{"line":44,"column":null}}],"line":44},"8":{"loc":{"start":{"line":52,"column":8},"end":{"line":54,"column":null}},"type":"if","locations":[{"start":{"line":52,"column":8},"end":{"line":54,"column":null}},{"start":{},"end":{}}],"line":52},"9":{"loc":{"start":{"line":68,"column":72},"end":{"line":68,"column":121}},"type":"default-arg","locations":[{"start":{"line":68,"column":89},"end":{"line":68,"column":121}}],"line":68},"10":{"loc":{"start":{"line":69,"column":8},"end":{"line":82,"column":null}},"type":"if","locations":[{"start":{"line":69,"column":8},"end":{"line":82,"column":null}},{"start":{},"end":{}}],"line":69},"11":{"loc":{"start":{"line":73,"column":48},"end":{"line":73,"column":88}},"type":"cond-expr","locations":[{"start":{"line":73,"column":66},"end":{"line":73,"column":76}},{"start":{"line":73,"column":76},"end":{"line":73,"column":88}}],"line":73},"12":{"loc":{"start":{"line":73,"column":137},"end":{"line":73,"column":195}},"type":"cond-expr","locations":[{"start":{"line":73,"column":155},"end":{"line":73,"column":170}},{"start":{"line":73,"column":170},"end":{"line":73,"column":195}}],"line":73},"13":{"loc":{"start":{"line":74,"column":50},"end":{"line":74,"column":92}},"type":"cond-expr","locations":[{"start":{"line":74,"column":68},"end":{"line":74,"column":78}},{"start":{"line":74,"column":78},"end":{"line":74,"column":92}}],"line":74},"14":{"loc":{"start":{"line":74,"column":137},"end":{"line":74,"column":197}},"type":"cond-expr","locations":[{"start":{"line":74,"column":155},"end":{"line":74,"column":170}},{"start":{"line":74,"column":170},"end":{"line":74,"column":197}}],"line":74},"15":{"loc":{"start":{"line":75,"column":50},"end":{"line":75,"column":92}},"type":"cond-expr","locations":[{"start":{"line":75,"column":68},"end":{"line":75,"column":78}},{"start":{"line":75,"column":78},"end":{"line":75,"column":92}}],"line":75},"16":{"loc":{"start":{"line":75,"column":137},"end":{"line":75,"column":196}},"type":"cond-expr","locations":[{"start":{"line":75,"column":155},"end":{"line":75,"column":171}},{"start":{"line":75,"column":171},"end":{"line":75,"column":196}}],"line":75},"17":{"loc":{"start":{"line":78,"column":29},"end":{"line":78,"column":null}},"type":"cond-expr","locations":[{"start":{"line":78,"column":47},"end":{"line":78,"column":74}},{"start":{"line":78,"column":74},"end":{"line":78,"column":null}}],"line":78},"18":{"loc":{"start":{"line":84,"column":21},"end":{"line":84,"column":null}},"type":"cond-expr","locations":[{"start":{"line":84,"column":39},"end":{"line":84,"column":51}},{"start":{"line":84,"column":51},"end":{"line":84,"column":null}}],"line":84},"19":{"loc":{"start":{"line":103,"column":97},"end":{"line":103,"column":146}},"type":"default-arg","locations":[{"start":{"line":103,"column":114},"end":{"line":103,"column":146}}],"line":103},"20":{"loc":{"start":{"line":104,"column":8},"end":{"line":115,"column":null}},"type":"if","locations":[{"start":{"line":104,"column":8},"end":{"line":115,"column":null}},{"start":{},"end":{}}],"line":104},"21":{"loc":{"start":{"line":108,"column":43},"end":{"line":108,"column":91}},"type":"cond-expr","locations":[{"start":{"line":108,"column":61},"end":{"line":108,"column":72}},{"start":{"line":108,"column":72},"end":{"line":108,"column":91}}],"line":108},"22":{"loc":{"start":{"line":108,"column":121},"end":{"line":108,"column":191}},"type":"cond-expr","locations":[{"start":{"line":108,"column":139},"end":{"line":108,"column":155}},{"start":{"line":108,"column":155},"end":{"line":108,"column":191}}],"line":108},"23":{"loc":{"start":{"line":108,"column":208},"end":{"line":108,"column":314}},"type":"cond-expr","locations":[{"start":{"line":108,"column":226},"end":{"line":108,"column":255}},{"start":{"line":108,"column":255},"end":{"line":108,"column":314}}],"line":108},"24":{"loc":{"start":{"line":109,"column":43},"end":{"line":109,"column":90}},"type":"cond-expr","locations":[{"start":{"line":109,"column":61},"end":{"line":109,"column":72}},{"start":{"line":109,"column":72},"end":{"line":109,"column":90}}],"line":109},"25":{"loc":{"start":{"line":109,"column":120},"end":{"line":109,"column":188}},"type":"cond-expr","locations":[{"start":{"line":109,"column":138},"end":{"line":109,"column":155}},{"start":{"line":109,"column":155},"end":{"line":109,"column":188}}],"line":109},"26":{"loc":{"start":{"line":109,"column":205},"end":{"line":109,"column":307}},"type":"cond-expr","locations":[{"start":{"line":109,"column":223},"end":{"line":109,"column":251}},{"start":{"line":109,"column":251},"end":{"line":109,"column":307}}],"line":109},"27":{"loc":{"start":{"line":110,"column":43},"end":{"line":110,"column":89}},"type":"cond-expr","locations":[{"start":{"line":110,"column":61},"end":{"line":110,"column":71}},{"start":{"line":110,"column":71},"end":{"line":110,"column":89}}],"line":110},"28":{"loc":{"start":{"line":110,"column":119},"end":{"line":110,"column":194}},"type":"cond-expr","locations":[{"start":{"line":110,"column":137},"end":{"line":110,"column":152}},{"start":{"line":110,"column":152},"end":{"line":110,"column":194}}],"line":110},"29":{"loc":{"start":{"line":110,"column":211},"end":{"line":110,"column":288}},"type":"cond-expr","locations":[{"start":{"line":110,"column":229},"end":{"line":110,"column":253}},{"start":{"line":110,"column":253},"end":{"line":110,"column":288}}],"line":110},"30":{"loc":{"start":{"line":117,"column":21},"end":{"line":117,"column":null}},"type":"cond-expr","locations":[{"start":{"line":117,"column":39},"end":{"line":117,"column":51}},{"start":{"line":117,"column":51},"end":{"line":117,"column":null}}],"line":117},"31":{"loc":{"start":{"line":140,"column":98},"end":{"line":140,"column":147}},"type":"default-arg","locations":[{"start":{"line":140,"column":115},"end":{"line":140,"column":147}}],"line":140},"32":{"loc":{"start":{"line":141,"column":8},"end":{"line":154,"column":null}},"type":"if","locations":[{"start":{"line":141,"column":8},"end":{"line":154,"column":null}},{"start":{},"end":{}}],"line":141},"33":{"loc":{"start":{"line":145,"column":46},"end":{"line":145,"column":133}},"type":"cond-expr","locations":[{"start":{"line":145,"column":64},"end":{"line":145,"column":85}},{"start":{"line":145,"column":85},"end":{"line":145,"column":133}}],"line":145},"34":{"loc":{"start":{"line":146,"column":46},"end":{"line":146,"column":116}},"type":"cond-expr","locations":[{"start":{"line":146,"column":64},"end":{"line":146,"column":79}},{"start":{"line":146,"column":79},"end":{"line":146,"column":116}}],"line":146},"35":{"loc":{"start":{"line":146,"column":141},"end":{"line":146,"column":253}},"type":"cond-expr","locations":[{"start":{"line":146,"column":159},"end":{"line":146,"column":190}},{"start":{"line":146,"column":190},"end":{"line":146,"column":253}}],"line":146},"36":{"loc":{"start":{"line":147,"column":46},"end":{"line":147,"column":147}},"type":"cond-expr","locations":[{"start":{"line":147,"column":64},"end":{"line":147,"column":86}},{"start":{"line":147,"column":86},"end":{"line":147,"column":147}}],"line":147},"37":{"loc":{"start":{"line":148,"column":46},"end":{"line":148,"column":149}},"type":"cond-expr","locations":[{"start":{"line":148,"column":64},"end":{"line":148,"column":86}},{"start":{"line":148,"column":86},"end":{"line":148,"column":149}}],"line":148},"38":{"loc":{"start":{"line":149,"column":46},"end":{"line":149,"column":115}},"type":"cond-expr","locations":[{"start":{"line":149,"column":64},"end":{"line":149,"column":80}},{"start":{"line":149,"column":80},"end":{"line":149,"column":115}}],"line":149},"39":{"loc":{"start":{"line":149,"column":140},"end":{"line":149,"column":282}},"type":"cond-expr","locations":[{"start":{"line":149,"column":158},"end":{"line":149,"column":199}},{"start":{"line":149,"column":199},"end":{"line":149,"column":282}}],"line":149},"40":{"loc":{"start":{"line":156,"column":21},"end":{"line":156,"column":null}},"type":"cond-expr","locations":[{"start":{"line":156,"column":39},"end":{"line":156,"column":51}},{"start":{"line":156,"column":51},"end":{"line":156,"column":null}}],"line":156},"41":{"loc":{"start":{"line":179,"column":96},"end":{"line":179,"column":145}},"type":"default-arg","locations":[{"start":{"line":179,"column":113},"end":{"line":179,"column":145}}],"line":179},"42":{"loc":{"start":{"line":180,"column":8},"end":{"line":220,"column":null}},"type":"if","locations":[{"start":{"line":180,"column":8},"end":{"line":220,"column":null}},{"start":{},"end":{}}],"line":180},"43":{"loc":{"start":{"line":182,"column":12},"end":{"line":203,"column":null}},"type":"if","locations":[{"start":{"line":182,"column":12},"end":{"line":203,"column":null}},{"start":{},"end":{}}],"line":182},"44":{"loc":{"start":{"line":188,"column":33},"end":{"line":190,"column":null}},"type":"cond-expr","locations":[{"start":{"line":189,"column":30},"end":{"line":189,"column":null}},{"start":{"line":190,"column":30},"end":{"line":190,"column":null}}],"line":188},"45":{"loc":{"start":{"line":191,"column":34},"end":{"line":193,"column":null}},"type":"cond-expr","locations":[{"start":{"line":192,"column":30},"end":{"line":192,"column":null}},{"start":{"line":193,"column":30},"end":{"line":193,"column":null}}],"line":191},"46":{"loc":{"start":{"line":194,"column":33},"end":{"line":196,"column":null}},"type":"cond-expr","locations":[{"start":{"line":195,"column":30},"end":{"line":195,"column":null}},{"start":{"line":196,"column":30},"end":{"line":196,"column":null}}],"line":194},"47":{"loc":{"start":{"line":197,"column":39},"end":{"line":199,"column":null}},"type":"cond-expr","locations":[{"start":{"line":198,"column":30},"end":{"line":198,"column":null}},{"start":{"line":199,"column":30},"end":{"line":199,"column":null}}],"line":197},"48":{"loc":{"start":{"line":207,"column":29},"end":{"line":209,"column":null}},"type":"cond-expr","locations":[{"start":{"line":208,"column":26},"end":{"line":208,"column":null}},{"start":{"line":209,"column":26},"end":{"line":209,"column":null}}],"line":207},"49":{"loc":{"start":{"line":210,"column":32},"end":{"line":212,"column":null}},"type":"cond-expr","locations":[{"start":{"line":211,"column":26},"end":{"line":211,"column":null}},{"start":{"line":212,"column":26},"end":{"line":212,"column":null}}],"line":210},"50":{"loc":{"start":{"line":214,"column":42},"end":{"line":216,"column":null}},"type":"cond-expr","locations":[{"start":{"line":215,"column":26},"end":{"line":215,"column":null}},{"start":{"line":216,"column":26},"end":{"line":216,"column":null}}],"line":214},"51":{"loc":{"start":{"line":222,"column":21},"end":{"line":222,"column":null}},"type":"cond-expr","locations":[{"start":{"line":222,"column":39},"end":{"line":222,"column":51}},{"start":{"line":222,"column":51},"end":{"line":222,"column":null}}],"line":222},"52":{"loc":{"start":{"line":252,"column":53},"end":{"line":252,"column":96}},"type":"cond-expr","locations":[{"start":{"line":252,"column":73},"end":{"line":252,"column":87}},{"start":{"line":252,"column":87},"end":{"line":252,"column":96}}],"line":252},"53":{"loc":{"start":{"line":262,"column":60},"end":{"line":262,"column":109}},"type":"default-arg","locations":[{"start":{"line":262,"column":77},"end":{"line":262,"column":109}}],"line":262},"54":{"loc":{"start":{"line":263,"column":8},"end":{"line":290,"column":null}},"type":"if","locations":[{"start":{"line":263,"column":8},"end":{"line":290,"column":null}},{"start":{},"end":{}}],"line":263},"55":{"loc":{"start":{"line":266,"column":32},"end":{"line":266,"column":null}},"type":"cond-expr","locations":[{"start":{"line":266,"column":50},"end":{"line":266,"column":63}},{"start":{"line":266,"column":63},"end":{"line":266,"column":null}}],"line":266},"56":{"loc":{"start":{"line":270,"column":43},"end":{"line":270,"column":94}},"type":"cond-expr","locations":[{"start":{"line":270,"column":61},"end":{"line":270,"column":71}},{"start":{"line":270,"column":71},"end":{"line":270,"column":94}}],"line":270},"57":{"loc":{"start":{"line":270,"column":102},"end":{"line":270,"column":190}},"type":"cond-expr","locations":[{"start":{"line":270,"column":120},"end":{"line":270,"column":140}},{"start":{"line":270,"column":140},"end":{"line":270,"column":190}}],"line":270},"58":{"loc":{"start":{"line":271,"column":43},"end":{"line":271,"column":89}},"type":"cond-expr","locations":[{"start":{"line":271,"column":61},"end":{"line":271,"column":70}},{"start":{"line":271,"column":70},"end":{"line":271,"column":89}}],"line":271},"59":{"loc":{"start":{"line":271,"column":97},"end":{"line":271,"column":180}},"type":"cond-expr","locations":[{"start":{"line":271,"column":115},"end":{"line":271,"column":136}},{"start":{"line":271,"column":136},"end":{"line":271,"column":180}}],"line":271},"60":{"loc":{"start":{"line":272,"column":43},"end":{"line":272,"column":93}},"type":"cond-expr","locations":[{"start":{"line":272,"column":61},"end":{"line":272,"column":72}},{"start":{"line":272,"column":72},"end":{"line":272,"column":93}}],"line":272},"61":{"loc":{"start":{"line":272,"column":101},"end":{"line":272,"column":208}},"type":"cond-expr","locations":[{"start":{"line":272,"column":119},"end":{"line":272,"column":143}},{"start":{"line":272,"column":143},"end":{"line":272,"column":208}}],"line":272},"62":{"loc":{"start":{"line":273,"column":43},"end":{"line":273,"column":87}},"type":"cond-expr","locations":[{"start":{"line":273,"column":61},"end":{"line":273,"column":70}},{"start":{"line":273,"column":70},"end":{"line":273,"column":87}}],"line":273},"63":{"loc":{"start":{"line":273,"column":95},"end":{"line":273,"column":195}},"type":"cond-expr","locations":[{"start":{"line":273,"column":113},"end":{"line":273,"column":134}},{"start":{"line":273,"column":134},"end":{"line":273,"column":195}}],"line":273},"64":{"loc":{"start":{"line":276,"column":32},"end":{"line":276,"column":76}},"type":"cond-expr","locations":[{"start":{"line":276,"column":50},"end":{"line":276,"column":60}},{"start":{"line":276,"column":60},"end":{"line":276,"column":76}}],"line":276},"65":{"loc":{"start":{"line":276,"column":82},"end":{"line":276,"column":122}},"type":"cond-expr","locations":[{"start":{"line":276,"column":100},"end":{"line":276,"column":108}},{"start":{"line":276,"column":108},"end":{"line":276,"column":122}}],"line":276},"66":{"loc":{"start":{"line":276,"column":139},"end":{"line":276,"column":176}},"type":"cond-expr","locations":[{"start":{"line":276,"column":157},"end":{"line":276,"column":168}},{"start":{"line":276,"column":168},"end":{"line":276,"column":176}}],"line":276},"67":{"loc":{"start":{"line":277,"column":32},"end":{"line":277,"column":73}},"type":"cond-expr","locations":[{"start":{"line":277,"column":50},"end":{"line":277,"column":58}},{"start":{"line":277,"column":58},"end":{"line":277,"column":73}}],"line":277},"68":{"loc":{"start":{"line":277,"column":79},"end":{"line":277,"column":122}},"type":"cond-expr","locations":[{"start":{"line":277,"column":97},"end":{"line":277,"column":105}},{"start":{"line":277,"column":105},"end":{"line":277,"column":122}}],"line":277},"69":{"loc":{"start":{"line":277,"column":139},"end":{"line":277,"column":174}},"type":"cond-expr","locations":[{"start":{"line":277,"column":157},"end":{"line":277,"column":167}},{"start":{"line":277,"column":167},"end":{"line":277,"column":174}}],"line":277},"70":{"loc":{"start":{"line":279,"column":34},"end":{"line":279,"column":null}},"type":"cond-expr","locations":[{"start":{"line":279,"column":52},"end":{"line":279,"column":74}},{"start":{"line":279,"column":74},"end":{"line":279,"column":null}}],"line":279},"71":{"loc":{"start":{"line":280,"column":36},"end":{"line":280,"column":null}},"type":"cond-expr","locations":[{"start":{"line":280,"column":54},"end":{"line":280,"column":65}},{"start":{"line":280,"column":65},"end":{"line":280,"column":null}}],"line":280},"72":{"loc":{"start":{"line":281,"column":36},"end":{"line":281,"column":null}},"type":"cond-expr","locations":[{"start":{"line":281,"column":54},"end":{"line":281,"column":66}},{"start":{"line":281,"column":66},"end":{"line":281,"column":null}}],"line":281},"73":{"loc":{"start":{"line":284,"column":38},"end":{"line":284,"column":108}},"type":"cond-expr","locations":[{"start":{"line":284,"column":56},"end":{"line":284,"column":70}},{"start":{"line":284,"column":70},"end":{"line":284,"column":108}}],"line":284},"74":{"loc":{"start":{"line":285,"column":38},"end":{"line":285,"column":null}},"type":"cond-expr","locations":[{"start":{"line":285,"column":56},"end":{"line":285,"column":88}},{"start":{"line":285,"column":88},"end":{"line":285,"column":null}}],"line":285},"75":{"loc":{"start":{"line":286,"column":38},"end":{"line":286,"column":103}},"type":"cond-expr","locations":[{"start":{"line":286,"column":56},"end":{"line":286,"column":71}},{"start":{"line":286,"column":71},"end":{"line":286,"column":103}}],"line":286},"76":{"loc":{"start":{"line":286,"column":103},"end":{"line":286,"column":178}},"type":"cond-expr","locations":[{"start":{"line":286,"column":121},"end":{"line":286,"column":139}},{"start":{"line":286,"column":139},"end":{"line":286,"column":178}}],"line":286},"77":{"loc":{"start":{"line":292,"column":21},"end":{"line":292,"column":null}},"type":"cond-expr","locations":[{"start":{"line":292,"column":39},"end":{"line":292,"column":51}},{"start":{"line":292,"column":51},"end":{"line":292,"column":null}}],"line":292},"78":{"loc":{"start":{"line":314,"column":89},"end":{"line":314,"column":138}},"type":"default-arg","locations":[{"start":{"line":314,"column":106},"end":{"line":314,"column":138}}],"line":314},"79":{"loc":{"start":{"line":315,"column":8},"end":{"line":417,"column":null}},"type":"if","locations":[{"start":{"line":315,"column":8},"end":{"line":417,"column":null}},{"start":{},"end":{}}],"line":315},"80":{"loc":{"start":{"line":318,"column":12},"end":{"line":416,"column":null}},"type":"if","locations":[{"start":{"line":318,"column":12},"end":{"line":416,"column":null}},{"start":{"line":336,"column":12},"end":{"line":416,"column":null}}],"line":318},"81":{"loc":{"start":{"line":322,"column":33},"end":{"line":324,"column":null}},"type":"cond-expr","locations":[{"start":{"line":323,"column":30},"end":{"line":323,"column":null}},{"start":{"line":324,"column":30},"end":{"line":324,"column":null}}],"line":322},"82":{"loc":{"start":{"line":325,"column":35},"end":{"line":327,"column":null}},"type":"cond-expr","locations":[{"start":{"line":326,"column":30},"end":{"line":326,"column":null}},{"start":{"line":327,"column":30},"end":{"line":327,"column":null}}],"line":325},"83":{"loc":{"start":{"line":328,"column":38},"end":{"line":330,"column":null}},"type":"cond-expr","locations":[{"start":{"line":329,"column":30},"end":{"line":329,"column":null}},{"start":{"line":330,"column":30},"end":{"line":330,"column":null}}],"line":328},"84":{"loc":{"start":{"line":336,"column":12},"end":{"line":416,"column":null}},"type":"if","locations":[{"start":{"line":336,"column":12},"end":{"line":416,"column":null}},{"start":{"line":354,"column":12},"end":{"line":416,"column":null}}],"line":336},"85":{"loc":{"start":{"line":340,"column":33},"end":{"line":342,"column":null}},"type":"cond-expr","locations":[{"start":{"line":341,"column":30},"end":{"line":341,"column":null}},{"start":{"line":342,"column":30},"end":{"line":342,"column":null}}],"line":340},"86":{"loc":{"start":{"line":343,"column":35},"end":{"line":345,"column":null}},"type":"cond-expr","locations":[{"start":{"line":344,"column":30},"end":{"line":344,"column":null}},{"start":{"line":345,"column":30},"end":{"line":345,"column":null}}],"line":343},"87":{"loc":{"start":{"line":346,"column":38},"end":{"line":348,"column":null}},"type":"cond-expr","locations":[{"start":{"line":347,"column":30},"end":{"line":347,"column":null}},{"start":{"line":348,"column":30},"end":{"line":348,"column":null}}],"line":346},"88":{"loc":{"start":{"line":350,"column":56},"end":{"line":350,"column":99}},"type":"binary-expr","locations":[{"start":{"line":350,"column":56},"end":{"line":350,"column":96}},{"start":{"line":350,"column":96},"end":{"line":350,"column":99}}],"line":350},"89":{"loc":{"start":{"line":354,"column":12},"end":{"line":416,"column":null}},"type":"if","locations":[{"start":{"line":354,"column":12},"end":{"line":416,"column":null}},{"start":{"line":372,"column":12},"end":{"line":416,"column":null}}],"line":354},"90":{"loc":{"start":{"line":358,"column":33},"end":{"line":360,"column":null}},"type":"cond-expr","locations":[{"start":{"line":359,"column":30},"end":{"line":359,"column":null}},{"start":{"line":360,"column":30},"end":{"line":360,"column":null}}],"line":358},"91":{"loc":{"start":{"line":361,"column":35},"end":{"line":363,"column":null}},"type":"cond-expr","locations":[{"start":{"line":362,"column":30},"end":{"line":362,"column":null}},{"start":{"line":363,"column":30},"end":{"line":363,"column":null}}],"line":361},"92":{"loc":{"start":{"line":364,"column":38},"end":{"line":366,"column":null}},"type":"cond-expr","locations":[{"start":{"line":365,"column":30},"end":{"line":365,"column":null}},{"start":{"line":366,"column":30},"end":{"line":366,"column":null}}],"line":364},"93":{"loc":{"start":{"line":368,"column":56},"end":{"line":368,"column":83}},"type":"binary-expr","locations":[{"start":{"line":368,"column":56},"end":{"line":368,"column":79}},{"start":{"line":368,"column":79},"end":{"line":368,"column":83}}],"line":368},"94":{"loc":{"start":{"line":368,"column":89},"end":{"line":368,"column":132}},"type":"binary-expr","locations":[{"start":{"line":368,"column":89},"end":{"line":368,"column":129}},{"start":{"line":368,"column":129},"end":{"line":368,"column":132}}],"line":368},"95":{"loc":{"start":{"line":372,"column":12},"end":{"line":416,"column":null}},"type":"if","locations":[{"start":{"line":372,"column":12},"end":{"line":416,"column":null}},{"start":{"line":394,"column":19},"end":{"line":416,"column":null}}],"line":372},"96":{"loc":{"start":{"line":376,"column":33},"end":{"line":378,"column":null}},"type":"cond-expr","locations":[{"start":{"line":377,"column":30},"end":{"line":377,"column":null}},{"start":{"line":378,"column":30},"end":{"line":378,"column":null}}],"line":376},"97":{"loc":{"start":{"line":379,"column":35},"end":{"line":381,"column":null}},"type":"cond-expr","locations":[{"start":{"line":380,"column":30},"end":{"line":380,"column":null}},{"start":{"line":381,"column":30},"end":{"line":381,"column":null}}],"line":379},"98":{"loc":{"start":{"line":382,"column":38},"end":{"line":384,"column":null}},"type":"cond-expr","locations":[{"start":{"line":383,"column":30},"end":{"line":383,"column":null}},{"start":{"line":384,"column":30},"end":{"line":384,"column":null}}],"line":382},"99":{"loc":{"start":{"line":387,"column":41},"end":{"line":387,"column":null}},"type":"binary-expr","locations":[{"start":{"line":387,"column":41},"end":{"line":387,"column":64}},{"start":{"line":387,"column":64},"end":{"line":387,"column":null}}],"line":387},"100":{"loc":{"start":{"line":388,"column":34},"end":{"line":388,"column":null}},"type":"binary-expr","locations":[{"start":{"line":388,"column":34},"end":{"line":388,"column":57}},{"start":{"line":388,"column":57},"end":{"line":388,"column":null}}],"line":388},"101":{"loc":{"start":{"line":389,"column":35},"end":{"line":389,"column":null}},"type":"binary-expr","locations":[{"start":{"line":389,"column":35},"end":{"line":389,"column":75}},{"start":{"line":389,"column":75},"end":{"line":389,"column":null}}],"line":389},"102":{"loc":{"start":{"line":399,"column":33},"end":{"line":401,"column":null}},"type":"cond-expr","locations":[{"start":{"line":400,"column":30},"end":{"line":400,"column":null}},{"start":{"line":401,"column":30},"end":{"line":401,"column":null}}],"line":399},"103":{"loc":{"start":{"line":404,"column":41},"end":{"line":404,"column":null}},"type":"cond-expr","locations":[{"start":{"line":404,"column":59},"end":{"line":404,"column":69}},{"start":{"line":404,"column":69},"end":{"line":404,"column":null}}],"line":404},"104":{"loc":{"start":{"line":405,"column":34},"end":{"line":405,"column":null}},"type":"cond-expr","locations":[{"start":{"line":405,"column":52},"end":{"line":405,"column":59}},{"start":{"line":405,"column":59},"end":{"line":405,"column":null}}],"line":405},"105":{"loc":{"start":{"line":406,"column":35},"end":{"line":406,"column":null}},"type":"cond-expr","locations":[{"start":{"line":406,"column":53},"end":{"line":406,"column":75}},{"start":{"line":406,"column":75},"end":{"line":406,"column":null}}],"line":406},"106":{"loc":{"start":{"line":407,"column":36},"end":{"line":407,"column":null}},"type":"cond-expr","locations":[{"start":{"line":407,"column":54},"end":{"line":407,"column":68}},{"start":{"line":407,"column":68},"end":{"line":407,"column":null}}],"line":407},"107":{"loc":{"start":{"line":408,"column":38},"end":{"line":408,"column":null}},"type":"cond-expr","locations":[{"start":{"line":408,"column":56},"end":{"line":408,"column":64}},{"start":{"line":408,"column":64},"end":{"line":408,"column":null}}],"line":408},"108":{"loc":{"start":{"line":410,"column":49},"end":{"line":410,"column":null}},"type":"cond-expr","locations":[{"start":{"line":410,"column":67},"end":{"line":410,"column":77}},{"start":{"line":410,"column":77},"end":{"line":410,"column":null}}],"line":410},"109":{"loc":{"start":{"line":419,"column":21},"end":{"line":419,"column":null}},"type":"cond-expr","locations":[{"start":{"line":419,"column":39},"end":{"line":419,"column":51}},{"start":{"line":419,"column":51},"end":{"line":419,"column":null}}],"line":419},"110":{"loc":{"start":{"line":464,"column":53},"end":{"line":464,"column":96}},"type":"cond-expr","locations":[{"start":{"line":464,"column":73},"end":{"line":464,"column":87}},{"start":{"line":464,"column":87},"end":{"line":464,"column":96}}],"line":464},"111":{"loc":{"start":{"line":481,"column":8},"end":{"line":483,"column":null}},"type":"if","locations":[{"start":{"line":481,"column":8},"end":{"line":483,"column":null}},{"start":{},"end":{}}],"line":481}},"s":{"0":16,"1":16,"2":16,"3":16,"4":16,"5":0,"6":0,"7":0,"8":0,"9":0,"10":0,"11":0,"12":0,"13":0,"14":0,"15":0,"16":0,"17":1,"18":1,"19":0,"20":0,"21":0,"22":0,"23":0,"24":0,"25":0,"26":0,"27":0,"28":0,"29":0,"30":0,"31":0,"32":0,"33":0,"34":0,"35":0,"36":0,"37":0,"38":0,"39":0,"40":0,"41":0,"42":0,"43":0,"44":0,"45":0,"46":0,"47":0,"48":0,"49":0,"50":0,"51":0,"52":0,"53":0,"54":0,"55":0,"56":0,"57":0,"58":0,"59":0,"60":0,"61":0,"62":0,"63":0,"64":0,"65":0,"66":0,"67":0,"68":0,"69":0,"70":0,"71":0,"72":0,"73":0,"74":0,"75":0,"76":0,"77":0,"78":0,"79":0,"80":0,"81":0,"82":0,"83":0,"84":0,"85":0,"86":0,"87":0,"88":0,"89":0,"90":0,"91":0,"92":2,"93":2,"94":0,"95":0,"96":0,"97":1,"98":16},"f":{"0":16,"1":0,"2":0,"3":0,"4":1,"5":0,"6":0,"7":0,"8":0,"9":0,"10":0,"11":0,"12":0,"13":0,"14":0,"15":0,"16":0,"17":0,"18":0,"19":0,"20":0,"21":0,"22":0,"23":2,"24":0,"25":1},"b":{"0":[16,16],"1":[0,0],"2":[0,0],"3":[0,0],"4":[0,0],"5":[0,0],"6":[0,0],"7":[0,0],"8":[1,0],"9":[0],"10":[0,0],"11":[0,0],"12":[0,0],"13":[0,0],"14":[0,0],"15":[0,0],"16":[0,0],"17":[0,0],"18":[0,0],"19":[0],"20":[0,0],"21":[0,0],"22":[0,0],"23":[0,0],"24":[0,0],"25":[0,0],"26":[0,0],"27":[0,0],"28":[0,0],"29":[0,0],"30":[0,0],"31":[0],"32":[0,0],"33":[0,0],"34":[0,0],"35":[0,0],"36":[0,0],"37":[0,0],"38":[0,0],"39":[0,0],"40":[0,0],"41":[0],"42":[0,0],"43":[0,0],"44":[0,0],"45":[0,0],"46":[0,0],"47":[0,0],"48":[0,0],"49":[0,0],"50":[0,0],"51":[0,0],"52":[0,0],"53":[0],"54":[0,0],"55":[0,0],"56":[0,0],"57":[0,0],"58":[0,0],"59":[0,0],"60":[0,0],"61":[0,0],"62":[0,0],"63":[0,0],"64":[0,0],"65":[0,0],"66":[0,0],"67":[0,0],"68":[0,0],"69":[0,0],"70":[0,0],"71":[0,0],"72":[0,0],"73":[0,0],"74":[0,0],"75":[0,0],"76":[0,0],"77":[0,0],"78":[0],"79":[0,0],"80":[0,0],"81":[0,0],"82":[0,0],"83":[0,0],"84":[0,0],"85":[0,0],"86":[0,0],"87":[0,0],"88":[0,0],"89":[0,0],"90":[0,0],"91":[0,0],"92":[0,0],"93":[0,0],"94":[0,0],"95":[0,0],"96":[0,0],"97":[0,0],"98":[0,0],"99":[0,0],"100":[0,0],"101":[0,0],"102":[0,0],"103":[0,0],"104":[0,0],"105":[0,0],"106":[0,0],"107":[0,0],"108":[0,0],"109":[0,0],"110":[0,0],"111":[2,0]},"meta":{"lastBranch":112,"lastFunction":26,"lastStatement":99,"seen":{"s:6:11:6:Infinity":0,"f:11:4:11:18":0,"s:12:23:12:Infinity":1,"b:12:23:12:53:12:53:12:Infinity":0,"s:13:8:13:Infinity":2,"s:14:8:14:Infinity":3,"s:15:8:15:Infinity":4,"f:20:12:20:23":1,"s:21:29:21:Infinity":5,"b:22:8:22:Infinity:undefined:undefined:undefined:undefined":1,"s:22:8:22:Infinity":6,"s:22:18:22:Infinity":7,"b:23:8:23:Infinity:undefined:undefined:undefined:undefined":2,"s:23:8:23:Infinity":8,"s:23:19:23:Infinity":9,"b:23:69:23:81:23:81:23:94":3,"s:24:8:24:Infinity":10,"f:27:18:27:28":2,"s:30:32:33:Infinity":11,"s:34:23:34:Infinity":12,"s:35:21:35:Infinity":13,"s:36:22:36:Infinity":14,"b:36:22:36:55:36:55:36:Infinity":4,"s:37:8:37:Infinity":15,"f:40:12:40:21":3,"s:41:8:46:Infinity":16,"b:42:26:42:52:42:52:42:Infinity":5,"b:43:27:43:57:43:57:43:Infinity":6,"b:44:26:44:51:44:51:44:Infinity":7,"f:51:10:51:19":4,"b:52:8:54:Infinity:undefined:undefined:undefined:undefined":8,"s:52:8:54:Infinity":17,"s:53:12:53:Infinity":18,"s:55:23:55:Infinity":19,"s:56:22:56:Infinity":20,"s:57:8:63:Infinity":21,"f:57:25:57:37":5,"s:58:50:61:Infinity":22,"s:62:12:62:Infinity":23,"f:68:10:68:22":6,"b:68:89:68:121":9,"b:69:8:82:Infinity:undefined:undefined:undefined:undefined":10,"s:69:8:82:Infinity":24,"s:70:12:81:Infinity":25,"b:73:66:73:76:73:76:73:88":11,"b:73:155:73:170:73:170:73:195":12,"b:74:68:74:78:74:78:74:92":13,"b:74:155:74:170:74:170:74:197":14,"b:75:68:75:78:75:78:75:92":15,"b:75:155:75:171:75:171:75:196":16,"b:78:47:78:74:78:74:78:Infinity":17,"s:84:21:84:Infinity":26,"b:84:39:84:51:84:51:84:Infinity":18,"s:85:29:90:Infinity":27,"s:94:22:94:Infinity":28,"s:95:8:98:Infinity":29,"f:95:25:95:37":7,"s:96:50:96:Infinity":30,"s:97:12:97:Infinity":31,"f:103:10:103:29":8,"b:103:114:103:146":19,"b:104:8:115:Infinity:undefined:undefined:undefined:undefined":20,"s:104:8:115:Infinity":32,"s:105:12:114:Infinity":33,"b:108:61:108:72:108:72:108:91":21,"b:108:139:108:155:108:155:108:191":22,"b:108:226:108:255:108:255:108:314":23,"b:109:61:109:72:109:72:109:90":24,"b:109:138:109:155:109:155:109:188":25,"b:109:223:109:251:109:251:109:307":26,"b:110:61:110:71:110:71:110:89":27,"b:110:137:110:152:110:152:110:194":28,"b:110:229:110:253:110:253:110:288":29,"s:117:21:117:Infinity":34,"b:117:39:117:51:117:51:117:Infinity":30,"s:118:29:126:Infinity":35,"s:131:22:131:Infinity":36,"s:132:8:135:Infinity":37,"f:132:25:132:37":9,"s:133:50:133:Infinity":38,"s:134:12:134:Infinity":39,"f:140:10:140:28":10,"b:140:115:140:147":31,"b:141:8:154:Infinity:undefined:undefined:undefined:undefined":32,"s:141:8:154:Infinity":40,"s:142:12:153:Infinity":41,"b:145:64:145:85:145:85:145:133":33,"b:146:64:146:79:146:79:146:116":34,"b:146:159:146:190:146:190:146:253":35,"b:147:64:147:86:147:86:147:147":36,"b:148:64:148:86:148:86:148:149":37,"b:149:64:149:80:149:80:149:115":38,"b:149:158:149:199:149:199:149:282":39,"s:156:21:156:Infinity":42,"b:156:39:156:51:156:51:156:Infinity":40,"s:157:29:164:Infinity":43,"s:170:22:170:Infinity":44,"s:171:8:174:Infinity":45,"f:171:25:171:37":11,"s:172:50:172:Infinity":46,"s:173:12:173:Infinity":47,"f:179:10:179:23":12,"b:179:113:179:145":41,"b:180:8:220:Infinity:undefined:undefined:undefined:undefined":42,"s:180:8:220:Infinity":48,"s:181:33:181:Infinity":49,"f:181:48:181:53":13,"s:181:53:181:70":50,"b:182:12:203:Infinity:undefined:undefined:undefined:undefined":43,"s:182:12:203:Infinity":51,"s:183:31:183:Infinity":52,"s:184:16:202:Infinity":53,"b:189:30:189:Infinity:190:30:190:Infinity":44,"b:192:30:192:Infinity:193:30:193:Infinity":45,"b:195:30:195:Infinity:196:30:196:Infinity":46,"b:198:30:198:Infinity:199:30:199:Infinity":47,"s:204:12:219:Infinity":54,"b:208:26:208:Infinity:209:26:209:Infinity":48,"b:211:26:211:Infinity:212:26:212:Infinity":49,"b:215:26:215:Infinity:216:26:216:Infinity":50,"s:222:21:222:Infinity":55,"b:222:39:222:51:222:51:222:Infinity":51,"s:223:29:247:Infinity":56,"s:252:33:252:Infinity":57,"f:252:45:252:50":14,"s:252:50:252:112":58,"b:252:73:252:87:252:87:252:96":52,"s:253:22:253:Infinity":59,"s:254:8:257:Infinity":60,"f:254:25:254:37":15,"s:255:50:255:Infinity":61,"s:256:12:256:Infinity":62,"f:262:10:262:27":16,"b:262:77:262:109":53,"b:263:8:290:Infinity:undefined:undefined:undefined:undefined":54,"s:263:8:290:Infinity":63,"s:264:12:289:Infinity":64,"b:266:50:266:63:266:63:266:Infinity":55,"b:270:61:270:71:270:71:270:94":56,"b:270:120:270:140:270:140:270:190":57,"b:271:61:271:70:271:70:271:89":58,"b:271:115:271:136:271:136:271:180":59,"b:272:61:272:72:272:72:272:93":60,"b:272:119:272:143:272:143:272:208":61,"b:273:61:273:70:273:70:273:87":62,"b:273:113:273:134:273:134:273:195":63,"b:276:50:276:60:276:60:276:76":64,"b:276:100:276:108:276:108:276:122":65,"b:276:157:276:168:276:168:276:176":66,"b:277:50:277:58:277:58:277:73":67,"b:277:97:277:105:277:105:277:122":68,"b:277:157:277:167:277:167:277:174":69,"b:279:52:279:74:279:74:279:Infinity":70,"b:280:54:280:65:280:65:280:Infinity":71,"b:281:54:281:66:281:66:281:Infinity":72,"b:284:56:284:70:284:70:284:108":73,"b:285:56:285:88:285:88:285:Infinity":74,"b:286:56:286:71:286:71:286:103":75,"b:286:121:286:139:286:139:286:178":76,"s:292:21:292:Infinity":65,"b:292:39:292:51:292:51:292:Infinity":77,"s:293:29:294:Infinity":66,"s:305:22:305:Infinity":67,"s:306:8:309:Infinity":68,"f:306:25:306:37":17,"s:307:50:307:Infinity":69,"s:308:12:308:Infinity":70,"f:314:10:314:30":18,"b:314:106:314:138":78,"b:315:8:417:Infinity:undefined:undefined:undefined:undefined":79,"s:315:8:417:Infinity":71,"s:317:33:317:Infinity":72,"f:317:48:317:53":19,"s:317:53:317:70":73,"b:318:12:416:Infinity:336:12:416:Infinity":80,"s:318:12:416:Infinity":74,"s:319:16:335:Infinity":75,"b:323:30:323:Infinity:324:30:324:Infinity":81,"b:326:30:326:Infinity:327:30:327:Infinity":82,"b:329:30:329:Infinity:330:30:330:Infinity":83,"b:336:12:416:Infinity:354:12:416:Infinity":84,"s:336:12:416:Infinity":76,"s:337:16:353:Infinity":77,"b:341:30:341:Infinity:342:30:342:Infinity":85,"b:344:30:344:Infinity:345:30:345:Infinity":86,"b:347:30:347:Infinity:348:30:348:Infinity":87,"b:350:56:350:96:350:96:350:99":88,"b:354:12:416:Infinity:372:12:416:Infinity":89,"s:354:12:416:Infinity":78,"s:355:16:371:Infinity":79,"b:359:30:359:Infinity:360:30:360:Infinity":90,"b:362:30:362:Infinity:363:30:363:Infinity":91,"b:365:30:365:Infinity:366:30:366:Infinity":92,"b:368:56:368:79:368:79:368:83":93,"b:368:89:368:129:368:129:368:132":94,"b:372:12:416:Infinity:394:19:416:Infinity":95,"s:372:12:416:Infinity":80,"s:373:16:393:Infinity":81,"b:377:30:377:Infinity:378:30:378:Infinity":96,"b:380:30:380:Infinity:381:30:381:Infinity":97,"b:383:30:383:Infinity:384:30:384:Infinity":98,"b:387:41:387:64:387:64:387:Infinity":99,"b:388:34:388:57:388:57:388:Infinity":100,"b:389:35:389:75:389:75:389:Infinity":101,"s:396:16:415:Infinity":82,"b:400:30:400:Infinity:401:30:401:Infinity":102,"b:404:59:404:69:404:69:404:Infinity":103,"b:405:52:405:59:405:59:405:Infinity":104,"b:406:53:406:75:406:75:406:Infinity":105,"b:407:54:407:68:407:68:407:Infinity":106,"b:408:56:408:64:408:64:408:Infinity":107,"b:410:67:410:77:410:77:410:Infinity":108,"s:419:21:419:Infinity":83,"b:419:39:419:51:419:51:419:Infinity":109,"s:420:29:450:Infinity":84,"s:464:33:464:Infinity":85,"f:464:45:464:50":20,"s:464:50:464:112":86,"b:464:73:464:87:464:87:464:96":110,"s:465:22:465:Infinity":87,"s:466:8:469:Infinity":88,"f:466:25:466:37":21,"s:467:50:467:Infinity":89,"s:468:12:468:Infinity":90,"f:474:10:474:31":22,"s:475:8:475:Infinity":91,"f:480:10:480:25":23,"b:481:8:483:Infinity:undefined:undefined:undefined:undefined":111,"s:481:8:483:Infinity":92,"s:482:12:482:Infinity":93,"s:484:8:487:Infinity":94,"f:484:25:484:37":24,"s:485:50:485:Infinity":95,"s:486:12:486:Infinity":96,"f:492:12:492:45":25,"s:493:8:497:Infinity":97,"s:501:30:501:Infinity":98}}}
,"/app/server/agents/fault/agent.ts": {"path":"/app/server/agents/fault/agent.ts","statementMap":{"0":{"start":{"line":8,"column":11},"end":{"line":8,"column":null}},"1":{"start":{"line":14,"column":23},"end":{"line":14,"column":null}},"2":{"start":{"line":15,"column":8},"end":{"line":15,"column":null}},"3":{"start":{"line":16,"column":8},"end":{"line":16,"column":null}},"4":{"start":{"line":17,"column":8},"end":{"line":17,"column":null}},"5":{"start":{"line":28,"column":8},"end":{"line":30,"column":null}},"6":{"start":{"line":29,"column":12},"end":{"line":29,"column":null}},"7":{"start":{"line":32,"column":21},"end":{"line":32,"column":null}},"8":{"start":{"line":33,"column":29},"end":{"line":61,"column":null}},"9":{"start":{"line":72,"column":8},"end":{"line":103,"column":null}},"10":{"start":{"line":73,"column":33},"end":{"line":73,"column":null}},"11":{"start":{"line":74,"column":12},"end":{"line":76,"column":null}},"12":{"start":{"line":75,"column":16},"end":{"line":75,"column":null}},"13":{"start":{"line":77,"column":12},"end":{"line":77,"column":null}},"14":{"start":{"line":79,"column":27},"end":{"line":85,"column":null}},"15":{"start":{"line":80,"column":33},"end":{"line":83,"column":null}},"16":{"start":{"line":84,"column":16},"end":{"line":84,"column":null}},"17":{"start":{"line":87,"column":25},"end":{"line":87,"column":null}},"18":{"start":{"line":88,"column":26},"end":{"line":88,"column":null}},"19":{"start":{"line":89,"column":18},"end":{"line":89,"column":null}},"20":{"start":{"line":91,"column":12},"end":{"line":99,"column":null}},"21":{"start":{"line":101,"column":12},"end":{"line":101,"column":null}},"22":{"start":{"line":102,"column":12},"end":{"line":102,"column":null}},"23":{"start":{"line":107,"column":8},"end":{"line":119,"column":null}},"24":{"start":{"line":123,"column":26},"end":{"line":123,"column":null}}},"fnMap":{"0":{"name":"(anonymous_0)","decl":{"start":{"line":13,"column":4},"end":{"line":13,"column":18}},"loc":{"start":{"line":13,"column":18},"end":{"line":18,"column":null}},"line":13},"1":{"name":"(anonymous_1)","decl":{"start":{"line":20,"column":10},"end":{"line":20,"column":null}},"loc":{"start":{"line":27,"column":45},"end":{"line":104,"column":null}},"line":27},"2":{"name":"(anonymous_2)","decl":{"start":{"line":79,"column":43},"end":{"line":79,"column":55}},"loc":{"start":{"line":79,"column":55},"end":{"line":85,"column":13}},"line":79},"3":{"name":"(anonymous_3)","decl":{"start":{"line":106,"column":4},"end":{"line":106,"column":40}},"loc":{"start":{"line":106,"column":40},"end":{"line":120,"column":null}},"line":106}},"branchMap":{"0":{"loc":{"start":{"line":14,"column":23},"end":{"line":14,"column":null}},"type":"binary-expr","locations":[{"start":{"line":14,"column":23},"end":{"line":14,"column":53}},{"start":{"line":14,"column":53},"end":{"line":14,"column":null}}],"line":14},"1":{"loc":{"start":{"line":16,"column":44},"end":{"line":16,"column":61}},"type":"binary-expr","locations":[{"start":{"line":16,"column":44},"end":{"line":16,"column":54}},{"start":{"line":16,"column":54},"end":{"line":16,"column":61}}],"line":16},"2":{"loc":{"start":{"line":26,"column":8},"end":{"line":26,"column":null}},"type":"default-arg","locations":[{"start":{"line":26,"column":25},"end":{"line":26,"column":null}}],"line":26},"3":{"loc":{"start":{"line":28,"column":8},"end":{"line":30,"column":null}},"type":"if","locations":[{"start":{"line":28,"column":8},"end":{"line":30,"column":null}},{"start":{},"end":{}}],"line":28},"4":{"loc":{"start":{"line":32,"column":21},"end":{"line":32,"column":null}},"type":"cond-expr","locations":[{"start":{"line":32,"column":39},"end":{"line":32,"column":46}},{"start":{"line":32,"column":46},"end":{"line":32,"column":null}}],"line":32},"5":{"loc":{"start":{"line":58,"column":16},"end":{"line":58,"column":45}},"type":"binary-expr","locations":[{"start":{"line":58,"column":16},"end":{"line":58,"column":36}},{"start":{"line":58,"column":
[...]
rt":{"line":52,"column":23},"end":{"line":54,"column":null}},"12":{"start":{"line":53,"column":8},"end":{"line":53,"column":null}},"13":{"start":{"line":56,"column":4},"end":{"line":56,"column":null}},"14":{"start":{"line":74,"column":27},"end":{"line":74,"column":null}},"15":{"start":{"line":77,"column":14},"end":{"line":77,"column":null}},"16":{"start":{"line":80,"column":14},"end":{"line":80,"column":null}},"17":{"start":{"line":83,"column":14},"end":{"line":83,"column":null}},"18":{"start":{"line":86,"column":14},"end":{"line":86,"column":null}},"19":{"start":{"line":88,"column":4},"end":{"line":88,"column":null}},"20":{"start":{"line":97,"column":4},"end":{"line":97,"column":null}},"21":{"start":{"line":97,"column":21},"end":{"line":97,"column":null}},"22":{"start":{"line":98,"column":4},"end":{"line":98,"column":null}},"23":{"start":{"line":98,"column":21},"end":{"line":98,"column":null}},"24":{"start":{"line":99,"column":4},"end":{"line":99,"column":null}},"25":{"start":{"line":99,"column":21},"end":{"line":99,"column":null}},"26":{"start":{"line":100,"column":4},"end":{"line":100,"column":null}}},"fnMap":{"0":{"name":"calculateDistanceScore","decl":{"start":{"line":27,"column":16},"end":{"line":27,"column":39}},"loc":{"start":{"line":27,"column":83},"end":{"line":31,"column":null}},"line":27},"1":{"name":"calculateRatingScore","decl":{"start":{"line":38,"column":16},"end":{"line":38,"column":37}},"loc":{"start":{"line":38,"column":61},"end":{"line":40,"column":null}},"line":38},"2":{"name":"calculateTechnicalScore","decl":{"start":{"line":48,"column":16},"end":{"line":48,"column":40}},"loc":{"start":{"line":48,"column":98},"end":{"line":57,"column":null}},"line":48},"3":{"name":"(anonymous_3)","decl":{"start":{"line":52,"column":45},"end":{"line":52,"column":46}},"loc":{"start":{"line":53,"column":8},"end":{"line":53,"column":null}},"line":53},"4":{"name":"calculateMatchScore","decl":{"start":{"line":69,"column":16},"end":{"line":69,"column":null}},"loc":{"start":{"line":73,"column":10},"end":{"line":89,"column":null}},"line":73},"5":{"name":"getMatchLevel","decl":{"start":{"line":96,"column":16},"end":{"line":96,"column":30}},"loc":{"start":{"line":96,"column":45},"end":{"line":101,"column":null}},"line":96}},"branchMap":{"0":{"loc":{"start":{"line":27,"column":57},"end":{"line":27,"column":83}},"type":"default-arg","locations":[{"start":{"line":27,"column":71},"end":{"line":27,"column":83}}],"line":27},"1":{"loc":{"start":{"line":28,"column":4},"end":{"line":28,"column":null}},"type":"if","locations":[{"start":{"line":28,"column":4},"end":{"line":28,"column":null}},{"start":{},"end":{}}],"line":28},"2":{"loc":{"start":{"line":29,"column":4},"end":{"line":29,"column":null}},"type":"if","locations":[{"start":{"line":29,"column":4},"end":{"line":29,"column":null}},{"start":{},"end":{}}],"line":29},"3":{"loc":{"start":{"line":49,"column":4},"end":{"line":49,"column":null}},"type":"if","locations":[{"start":{"line":49,"column":4},"end":{"line":49,"column":null}},{"start":{},"end":{}}],"line":49},"4":{"loc":{"start":{"line":49,"column":8},"end":{"line":49,"column":56}},"type":"binary-expr","locations":[{"start":{"line":49,"column":8},"end":{"line":49,"column":27}},{"start":{"line":49,"column":27},"end":{"line":49,"column":56}}],"line":49},"5":{"loc":{"start":{"line":50,"column":4},"end":{"line":50,"column":null}},"type":"if","locations":[{"start":{"line":50,"column":4},"end":{"line":50,"column":null}},{"start":{},"end":{}}],"line":50},"6":{"loc":{"start":{"line":50,"column":8},"end":{"line":50,"column":52}},"type":"binary-expr","locations":[{"start":{"line":50,"column":8},"end":{"line":50,"column":25}},{"start":{"line":50,"column":25},"end":{"line":50,"column":52}}],"line":50},"7":{"loc":{"start":{"line":72,"column":4},"end":{"line":72,"column":null}},"type":"default-arg","locations":[{"start":{"line":72,"column":47},"end":{"line":72,"column":null}}],"line":72},"8":{"loc":{"start":{"line":83,"column":53},"end":{"line":83,"column":80}},"type":"binary-expr","locations":[{"start":{"line":83,"column":53},"end":{"line":83,"column":78}},{"start":{"line":83,"column":78},"end":{"line":83,"column":80}}],"line":83},"9":{"loc":{"start":{"line":97,"column":4},"end":{"line":97,"column":null}},"type":"if","locations":[{"start":{"line":97,"column":4},"end":{"line":97,"column":null}},{"start":{},"end":{}}],"line":97},"10":{"loc":{"start":{"line":98,"column":4},"end":{"line":98,"column":null}},"type":"if","locations":[{"start":{"line":98,"column":4},"end":{"line":98,"column":null}},{"start":{},"end":{}}],"line":98},"11":{"loc":{"start":{"line":99,"column":4},"end":{"line":99,"column":null}},"type":"if","locations":[{"start":{"line":99,"column":4},"end":{"line":99,"column":null}},{"start":{},"end":{}}],"line":99}},"s":{"0":1,"1":14,"2":3,"3":11,"4":4,"5":7,"6":10,"7":13,"8":2,"9":11,"10":3,"11":8,"12":15,"13":8,"14":5,"15":5,"16":5,"17":5,"18":5,"19":5,"20":14,"21":3,"22":11,"23":11,"24":7,"25":7,"26":3},"f":{"0":14,"1":10,"2":13,"3":15,"4":5,"5":14},"b":{"0":[14],"1":[3,11],"2":[4,7],"3":[2,11],"4":[13,12],"5":[3,8],"6":[11,10],"7":[5],"8":[5,0],"9":[3,11],"10":[4,7],"11":[4,3]},"meta":{"lastBranch":12,"lastFunction":6,"lastStatement":27,"seen":{"s:15:31:19:Infinity":0,"f:27:16:27:39":0,"b:27:71:27:83":0,"b:28:4:28:Infinity:undefined:undefined:undefined:undefined":1,"s:28:4:28:Infinity":1,"s:28:23:28:Infinity":2,"b:29:4:29:Infinity:undefined:undefined:undefined:undefined":2,"s:29:4:29:Infinity":3,"s:29:33:29:Infinity":4,"s:30:4:30:Infinity":5,"f:38:16:38:37":1,"s:39:4:39:Infinity":6,"f:48:16:48:40":2,"b:49:4:49:Infinity:undefined:undefined:undefined:undefined":3,"s:49:4:49:Infinity":7,"b:49:8:49:27:49:27:49:56":4,"s:49:56:49:Infinity":8,"b:50:4:50:Infinity:undefined:undefined:undefined:undefined":5,"s:50:4:50:Infinity":9,"b:50:8:50:25:50:25:50:52":6,"s:50:52:50:Infinity":10,"s:52:23:54:Infinity":11,"f:52:45:52:46":3,"s:53:8:53:Infinity":12,"s:56:4:56:Infinity":13,"f:69:16:69:Infinity":4,"b:72:47:72:Infinity":7,"s:74:27:74:Infinity":14,"s:77:14:77:Infinity":15,"s:80:14:80:Infinity":16,"s:83:14:83:Infinity":17,"b:83:53:83:78:83:78:83:80":8,"s:86:14:86:Infinity":18,"s:88:4:88:Infinity":19,"f:96:16:96:30":5,"b:97:4:97:Infinity:undefined:undefined:undefined:undefined":9,"s:97:4:97:Infinity":20,"s:97:21:97:Infinity":21,"b:98:4:98:Infinity:undefined:undefined:undefined:undefined":10,"s:98:4:98:Infinity":22,"s:98:21:98:Infinity":23,"b:99:4:99:Infinity:undefined:undefined:undefined:undefined":11,"s:99:4:99:Infinity":24,"s:99:21:99:Infinity":25,"s:100:4:100:Infinity":26}}}
,"/app/tests/testHelper.ts": {"path":"/app/tests/testHelper.ts","statementMap":{"0":{"start":{"line":6,"column":22},"end":{"line":6,"column":null}},"1":{"start":{"line":124,"column":18},"end":{"line":169,"column":null}},"2":{"start":{"line":124,"column":31},"end":{"line":169,"column":null}},"3":{"start":{"line":125,"column":14},"end":{"line":125,"column":null}},"4":{"start":{"line":126,"column":4},"end":{"line":131,"column":null}},"5":{"start":{"line":127,"column":8},"end":{"line":130,"column":null}},"6":{"start":{"line":128,"column":25},"end":{"line":128,"column":null}},"7":{"start":{"line":129,"column":12},"end":{"line":129,"column":null}},"8":{"start":{"line":132,"column":4},"end":{"line":134,"column":null}},"9":{"start":{"line":136,"column":4},"end":{"line":168,"column":null}},"10":{"start":{"line":137,"column":24},"end":{"line":137,"column":null}},"11":{"start":{"line":140,"column":8},"end":{"line":145,"column":null}},"12":{"start":{"line":142,"column":12},"end":{"line":142,"column":null}},"13":{"start":{"line":144,"column":12},"end":{"line":144,"column":null}},"14":{"start":{"line":147,"column":8},"end":{"line":164,"column":null}},"15":{"start":{"line":148,"column":25},"end":{"line":148,"column":null}},"16":{"start":{"line":149,"column":12},"end":{"line":149,"column":null}},"17":{"start":{"line":151,"column":27},"end":{"line":151,"column":null}},"18":{"start":{"line":152,"column":12},"end":{"line":162,"column":null}},"19":{"start":{"line":154,"column":36},"end":{"line":154,"column":null}},"20":{"start":{"line":155,"column":17},"end":{"line":161,"column":null}},"21":{"start":{"line":156,"column":34},"end":{"line":156,"column":null}},"22":{"start":{"line":159,"column":32},"end":{"line":159,"column":null}},"23":{"start":{"line":160,"column":20},"end":{"line":160,"column":null}},"24":{"start":{"line":163,"column":12},"end":{"line":163,"column":null}},"25":{"start":{"line":166,"column":8},"end":{"line":166,"column":null}},"26":{"start":{"line":167,"column":8},"end":{"line":167,"column":null}}},"fnMap":{"0":{"name":"(anonymous_0)","decl":{"start":{"line":124,"column":18},"end":{"line":124,"column":19}},"loc":{"start":{"line":124,"column":31},"end":{"line":169,"column":null}},"line":124},"1":{"name":"(anonymous_1)","decl":{"start":{"line":124,"column":31},"end":{"line":124,"column":38}},"loc":{"start":{"line":124,"column":71},"end":{"line":169,"column":null}},"line":124},"2":{"name":"(anonymous_2)","decl":{"start":{"line":127,"column":23},"end":{"line":127,"column":24}},"loc":{"start":{"line":127,"column":33},"end":{"line":130,"column":9}},"line":127}},"branchMap":{"0":{"loc":{"start":{"line":126,"column":4},"end":{"line":131,"column":null}},"type":"if","locations":[{"start":{"line":126,"column":4},"end":{"line":131,"column":null}},{"start":{},"end":{}}],"line":126},"1":{"loc":{"start":{"line":128,"column":25},"end":{"line":128,"column":null}},"type":"cond-expr","locations":[{"start":{"line":128,"column":58},"end":{"line":128,"column":68}},{"start":{"line":128,"column":68},"end":{"line":128,"column":null}}],"line":128},"2":{"loc":{"start":{"line":128,"column":25},"end":{"line":128,"column":58}},"type":"binary-expr","locations":[{"start":{"line":128,"column":25},"end":{"line":128,"column":44}},{"start":{"line":128,"column":44},"end":{"line":128,"column":58}}],"line":128},"3":{"loc":{"start":{"line":128,"column":68},"end":{"line":128,"column":null}},"type":"cond-expr","locations":[{"start":{"line":128,"column":92},"end":{"line":128,"column":123}},{"start":{"line":128,"column":123},"end":{"line":128,"column":null}}],"line":128},"4":{"loc":{"start":{"line":140,"column":8},"end":{"line":145,"column":null}},"type":"if","locations":[{"start":{"line":140,"column":8},"end":{"line":145,"column":null}},{"start":{},"end":{}}],"line":140},"5":{"loc":{"start":{"line":140,"column":12},"end":{"line":140,"column":71}},"type":"binary-expr","locations":[{"start":{"line":140,"column":12},"end":{"line":140,"column":41}},{"start":{"line":140,"column":41},"end":{"line":140,"column":71}}],"line":140},"6":{"loc":{"start":{"line":147,"column":8},"end":{"line":164,"column":null}},"type":"if","locations":[{"start":{"line":147,"column":8},"end":{"line":164,"column":null}},{"start":{"line":150,"column":15},"end":{"line":164,"column":null}}],"line":147},"7":{"loc":{"start":{"line":152,"column":12},"end":{"line":162,"column":null}},"type":"if","locations":[{"start":{"line":152,"column":12},"end":{"line":162,"column":null}},{"start":{},"end":{}}],"line":152},"8":{"loc":{"start":{"line":155,"column":17},"end":{"line":161,"column":null}},"type":"if","locations":[{"start":{"line":155,"column":17},"end":{"line":161,"column":null}},{"start":{},"end":{}}],"line":155}},"s":{"0":2,"1":2,"2":4,"3":23,"4":23,"5":17,"6":43,"7":43,"8":23,"9":23,"10":23,"11":23,"12":0,"13":0,"14":23,"15":10,"16":10,"17":13,"18":13,"19":11,"20":11,"21":11,"22":11,"23":11,"24":2,"25":1,"26":1},"f":{"0":4,"1":23,"2":43},"b":{"0":[17,6],"1":[8,35],"2":[43,40],"3":[20,15],"4":[0,23],"5":[23,23],"6":[10,13],"7":[11,2],"8":[11,0]},"meta":{"lastBranch":9,"lastFunction":3,"lastStatement":27,"seen":{"s:6:22:6:Infinity":0,"s:124:18:169:Infinity":1,"f:124:18:124:19":0,"s:124:31:169:Infinity":2,"f:124:31:124:38":1,"s:125:14:125:Infinity":3,"b:126:4:131:Infinity:undefined:undefined:undefined:undefined":0,"s:126:4:131:Infinity":4,"s:127:8:130:Infinity":5,"f:127:23:127:24":2,"s:128:25:128:Infinity":6,"b:128:58:128:68:128:68:128:Infinity":1,"b:128:25:128:44:128:44:128:58":2,"b:128:92:128:123:128:123:128:Infinity":3,"s:129:12:129:Infinity":7,"s:132:4:134:Infinity":8,"s:136:4:168:Infinity":9,"s:137:24:137:Infinity":10,"b:140:8:145:Infinity:undefined:undefined:undefined:undefined":4,"s:140:8:145:Infinity":11,"b:140:12:140:41:140:41:140:71":5,"s:142:12:142:Infinity":12,"s:144:12:144:Infinity":13,"b:147:8:164:Infinity:150:15:164:Infinity":6,"s:147:8:164:Infinity":14,"s:148:25:148:Infinity":15,"s:149:12:149:Infinity":16,"s:151:27:151:Infinity":17,"b:152:12:162:Infinity:undefined:undefined:undefined:undefined":7,"s:152:12:162:Infinity":18,"s:154:36:154:Infinity":19,"b:155:17:161:Infinity:undefined:undefined:undefined:undefined":8,"s:155:17:161:Infinity":20,"s:156:34:156:Infinity":21,"s:159:32:159:Infinity":22,"s:160:20:160:Infinity":23,"s:163:12:163:Infinity":24,"s:166:8:166:Infinity":25,"s:167:8:167:Infinity":26}}}
,"/app/tests/agents/agent-utils.ts": {"path":"/app/tests/agents/agent-utils.ts","statementMap":{"0":{"start":{"line":10,"column":6},"end":{"line":10,"column":null}},"1":{"start":{"line":32,"column":10},"end":{"line":32,"column":null}},"2":{"start":{"line":34,"column":4},"end":{"line":36,"column":null}},"3":{"start":{"line":35,"column":8},"end":{"line":35,"column":null}},"4":{"start":{"line":38,"column":10},"end":{"line":38,"column":null}},"5":{"start":{"line":39,"column":24},"end":{"line":39,"column":null}},"6":{"start":{"line":40,"column":21},"end":{"line":40,"column":null}},"7":{"start":{"line":42,"column":4},"end":{"line":47,"column":null}},"8":{"start":{"line":54,"column":18},"end":{"line":54,"column":null}},"9":{"start":{"line":55,"column":4},"end":{"line":55,"column":null}},"10":{"start":{"line":55,"column":16},"end":{"line":55,"column":null}},"11":{"start":{"line":57,"column":43},"end":{"line":57,"column":null}},"12":{"start":{"line":58,"column":18},"end":{"line":58,"column":null}},"13":{"start":{"line":60,"column":4},"end":{"line":67,"column":null}},"14":{"start":{"line":61,"column":27},"end":{"line":61,"column":null}},"15":{"start":{"line":62,"column":8},"end":{"line":66,"column":null}},"16":{"start":{"line":63,"column":24},"end":{"line":63,"column":null}},"17":{"start":{"line":64,"column":26},"end":{"line":64,"column":null}},"18":{"start":{"line":65,"column":12},"end":{"line":65,"column":null}},"19":{"start":{"line":69,"column":4},"end":{"line":69,"column":null}},"20":{"start":{"line":76,"column":42},"end":{"line":76,"column":null}},"21":{"start":{"line":77,"column":25},"end":{"line":77,"column":null}},"22":{"start":{"line":80,"column":4},"end":{"line":85,"column":null}},"23":{"start":{"line":81,"column":8},"end":{"line":84,"column":null}},"24":{"start":{"line":87,"column":4},"end":{"line":87,"column":null}},"25":{"start":{"line":94,"column":29},"end":{"line":94,"column":null}},"26":{"start":{"line":96,"column":4},"end":{"line":101,"column":null}},"27":{"start":{"line":97,"column":14},"end":{"line":97,"column":null}},"28":{"start":{"line":98,"column":8},"end":{"line":100,"column":null}},"29":{"start":{"line":99,"column":12},"end":{"line":99,"column":null}},"30":{"start":{"line":103,"column":4},"end":{"line":103,"column":null}},"31":{"start":{"line":110,"column":15},"end":{"line":110,"column":null}},"32":{"start":{"line":111,"column":18},"end":{"line":111,"column":null}},"33":{"start":{"line":112,"column":4},"end":{"line":114,"column":null}},"34":{"start":{"line":113,"column":31},"end":{"line":113,"column":48}},"35":{"start":{"line":114,"column":28},"end":{"line":114,"column":48}}},"fnMap":{"0":{"name":"loadAgent","decl":{"start":{"line":31,"column":16},"end":{"line":31,"column":26}},"loc":{"start":{"line":31,"column":62},"end":{"line":48,"column":null}},"line":31},"1":{"name":"parseFrontmatter","decl":{"start":{"line":53,"column":9},"end":{"line":53,"column":26}},"loc":{"start":{"line":53,"column":67},"end":{"line":70,"column":null}},"line":53},"2":{"name":"parseHandoffs","decl":{"start":{"line":75,"column":9},"end":{"line":75,"column":23}},"loc":{"start":{"line":75,"column":61},"end":{"line":88,"column":null}},"line":75},"3":{"name":"validateHandoffTargets","decl":{"start":{"line":93,"column":16},"end":{"line":93,"column":39}},"loc":{"start":{"line":93,"column":73},"end":{"line":104,"column":null}},"line":93},"4":{"name":"getAllAgentNames","decl":{"start":{"line":109,"column":16},"end":{"line":109,"column":45}},"loc":{"start":{"line":109,"column":45},"end":{"line":115,"column":null}},"line":109},"5":{"name":"(anonymous_5)","decl":{"start":{"line":113,"column":16},"end":{"line":113,"column":17}},"loc":{"start":{"line":113,"column":31},"end":{"line":113,"column":48}},"line":113},"6":{"name":"(anonymous_6)","decl":{"start":{"line":114,"column":13},"end":{"line":114,"column":14}},"loc":{"start":{"line":114,"column":28},"end":{"line":114,"column":48}},"line":114}},"branchMap":{"0":{"loc":{"start":{"line":34,"column":4},"end":{"line":36,"column":null}},"type":"if","locations":[{"start":{"line":34,"column":4},"end":{"line":36,"column":null}},{"start":{},"end":{}}],"line":34},"1":{"loc":{"start":{"line":43,"column":14},"end":{"line":43,"column":null}},"type":"binary-expr","locations":[{"start":{"line":43,"column":14},"end":{"line":43,"column":34}},{"start":{"line":43,"column":34},"end":{"line":43,"column":null}}],"line":43},"2":{"loc":{"start":{"line":44,"column":21},"end":{"line":44,"column":null}},"type":"binary-expr","locations":[{"start":{"line":44,"column":21},"end":{"line":44,"column":48}},{"start":{"line":44,"column":48},"end":{"line":44,"column":null}}],"line":44},"3":{"loc":{"start":{"line":55,"column":4},"end":{"line":55,"column":null}},"type":"if","locations":[{"start":{"line":55,"column":4},"end":{"line":55,"column":null}},{"start":{},"end":{}}],"line":55},"4":{"loc":{"start":{"line":62,"column":8},"end":{"line":66,"column":null}},"type":"if","locations":[{"start":{"line":62,"column":8},"end":{"line":66,"column":null}},{"start":{},"end":{}}],"line":62},"5":{"loc":{"start":{"line":98,"column":8},"end":{"line":100,"column":null}},"type":"if","locations":[{"start":{"line":98,"column":8},"end":{"line":100,"column":null}},{"start":{},"end":{}}],"line":98}},"s":{"0":1,"1":77,"2":77,"3":0,"4":77,"5":77,"6":77,"7":77,"8":77,"9":77,"10":0,"11":77,"12":77,"13":77,"14":154,"15":154,"16":154,"17":154,"18":154,"19":77,"20":77,"21":77,"22":77,"23":56,"24":77,"25":22,"26":22,"27":7,"28":7,"29":0,"30":22,"31":3,"32":3,"33":3,"34":66,"35":66},"f":{"0":77,"1":77,"2":77,"3":22,"4":3,"5":66,"6":66},"b":{"0":[0,77],"1":[77,0],"2":[77,0],"3":[0,77],"4":[154,0],"5":[0,7]},"meta":{"lastBranch":6,"lastFunction":7,"lastStatement":36,"seen":{"s:10:6:10:Infinity":0,"f:31:16:31:26":0,"s:32:10:32:Infinity":1,"b:34:4:36:Infinity:undefined:undefined:undefined:undefined":0,"s:34:4:36:Infinity":2,"s:35:8:35:Infinity":3,"s:38:10:38:Infinity":4,"s:39:24:39:Infinity":5,"s:40:21:40:Infinity":6,"s:42:4:47:Infinity":7,"b:43:14:43:34:43:34:43:Infinity":1,"b:44:21:44:48:44:48:44:Infinity":2,"f:53:9:53:26":1,"s:54:18:54:Infinity":8,"b:55:4:55:Infinity:undefined:undefined:undefined:undefined":3,"s:55:4:55:Infinity":9,"s:55:16:55:Infinity":10,"s:57:43:57:Infinity":11,"s:58:18:58:Infinity":12,"s:60:4:67:Infinity":13,"s:61:27:61:Infinity":14,"b:62:8:66:Infinity:undefined:undefined:undefined:undefined":4,"s:62:8:66:Infinity":15,"s:63:24:63:Infinity":16,"s:64:26:64:Infinity":17,"s:65:12:65:Infinity":18,"s:69:4:69:Infinity":19,"f:75:9:75:23":2,"s:76:42:76:Infinity":20,"s:77:25:77:Infinity":21,"s:80:4:85:Infinity":22,"s:81:8:84:Infinity":23,"s:87:4:87:Infinity":24,"f:93:16:93:39":3,"s:94:29:94:Infinity":25,"s:96:4:101:Infinity":26,"s:97:14:97:Infinity":27,"b:98:8:100:Infinity:undefined:undefined:undefined:undefined":5,"s:98:8:100:Infinity":28,"s:99:12:99:Infinity":29,"s:103:4:103:Infinity":30,"f:109:16:109:45":4,"s:110:15:110:Infinity":31,"s:111:18:111:Infinity":32,"s:112:4:114:Infinity":33,"f:113:16:113:17":5,"s:113:31:113:48":34,"f:114:13:114:14":6,"s:114:28:114:48":35}}}
}
