{"C:\\Users\\高杰\\house-maint-ai\\scripts\\hooks\\evaluate-session.js": {"path":"C:\\Users\\高杰\\house-maint-ai\\scripts\\hooks\\evaluate-session.js","statementMap":{"0":{"start":{"line":13,"column":21},"end":{"line":13,"column":23}},"1":{"start":{"line":14,"column":20},"end":{"line":14,"column":21}},"2":{"start":{"line":17,"column":4},"end":{"line":29,"column":5}},"3":{"start":{"line":18,"column":8},"end":{"line":28,"column":9}},"4":{"start":{"line":19,"column":12},"end":{"line":27,"column":15}},"5":{"start":{"line":32,"column":4},"end":{"line":44,"column":5}},"6":{"start":{"line":33,"column":8},"end":{"line":43,"column":9}},"7":{"start":{"line":34,"column":12},"end":{"line":42,"column":15}},"8":{"start":{"line":46,"column":4},"end":{"line":46,"column":20}},"9":{"start":{"line":53,"column":17},"end":{"line":53,"column":44}},"10":{"start":{"line":54,"column":4},"end":{"line":54,"column":53}},"11":{"start":{"line":56,"column":4},"end":{"line":56,"column":43}},"12":{"start":{"line":57,"column":4},"end":{"line":59,"column":5}},"13":{"start":{"line":58,"column":8},"end":{"line":58,"column":64}},"14":{"start":{"line":61,"column":4},"end":{"line":66,"column":5}},"15":{"start":{"line":62,"column":8},"end":{"line":62,"column":38}},"16":{"start":{"line":63,"column":8},"end":{"line":63,"column":72}},"17":{"start":{"line":64,"column":8},"end":{"line":64,"column":70}},"18":{"start":{"line":65,"column":8},"end":{"line":65,"column":64}},"19":{"start":{"line":68,"column":4},"end":{"line":68,"column":18}},"20":{"start":{"line":75,"column":4},"end":{"line":75,"column":44}},"21":{"start":{"line":77,"column":21},"end":{"line":77,"column":53}},"22":{"start":{"line":78,"column":19},"end":{"line":78,"column":62}},"23":{"start":{"line":80,"column":4},"end":{"line":80,"column":59}},"24":{"start":{"line":82,"column":4},"end":{"line":82,"column":32}}},"fnMap":{"0":{"name":"extractPatterns","decl":{"start":{"line":12,"column":16},"end":{"line":12,"column":31}},"loc":{"start":{"line":12,"column":49},"end":{"line":47,"column":1}},"line":12},"1":{"name":"generateEvaluationReport","decl":{"start":{"line":52,"column":16},"end":{"line":52,"column":40}},"loc":{"start":{"line":52,"column":60},"end":{"line":69,"column":1}},"line":52},"2":{"name":"onEvaluateSession","decl":{"start":{"line":74,"column":16},"end":{"line":74,"column":33}},"loc":{"start":{"line":74,"column":70},"end":{"line":83,"column":1}},"line":74}},"branchMap":{"0":{"loc":{"start":{"line":17,"column":4},"end":{"line":29,"column":5}},"type":"if","locations":[{"start":{"line":17,"column":4},"end":{"line":29,"column":5}},{"start":{},"end":{}}],"line":17},"1":{"loc":{"start":{"line":26,"column":22},"end":{"line":26,"column":41}},"type":"binary-expr","locations":[{"start":{"line":26,"column":22},"end":{"line":26,"column":35}},{"start":{"line":26,"column":39},"end":{"line":26,"column":41}}],"line":26},"2":{"loc":{"start":{"line":32,"column":4},"end":{"line":44,"column":5}},"type":"if","locations":[{"start":{"line":32,"column":4},"end":{"line":44,"column":5}},{"start":{},"end":{}}],"line":32},"3":{"loc":{"start":{"line":61,"column":4},"end":{"line":66,"column":5}},"type":"if","locations":[{"start":{"line":61,"column":4},"end":{"line":66,"column":5}},{"start":{},"end":{}}],"line":61},"4":{"loc":{"start":{"line":63,"column":40},"end":{"line":63,"column":67}},"type":"binary-expr","locations":[{"start":{"line":63,"column":40},"end":{"line":63,"column":62}},{"start":{"line":63,"column":66},"end":{"line":63,"column":67}}],"line":63},"5":{"loc":{"start":{"line":64,"column":39},"end":{"line":64,"column":65}},"type":"binary-expr","locations":[{"start":{"line":64,"column":39},"end":{"line":64,"column":60}},{"start":{"line":64,"column":64},"end":{"line":64,"column":65}}],"line":64},"6":{"loc":{"start":{"line":65,"column":36},"end":{"line":65,"column":59}},"type":"binary-expr","locations":[{"start":{"line":65,"column":36},"end":{"line":65,"column":54}},{"start":{"line":65,"column":58},"end":{"line":65,"column":59}}],"line":65},"7":{"loc":{"start":{"line":74,"column":34},"end":{"line":74,"column":54}},"type":"default-arg","locations":[{"start":{"line":74,"column":52},"end":{"line":74,"column":54}}],"line":74},"8":{"loc":{"start":{"line":74,"column":56},"end":{"line":74,"column":68}},"type":"default-arg","locations":[{"start":{"line":74,"column":66},"end":{"line":74,"column":68}}],"line":74}},"s":{"0":2,"1":2,"2":2,"3":1,"4":1,"5":2,"6":0,"7":0,"8":2,"9":0,"10":0,"11":0,"12":0,"13":0,"14":0,"15":0,"16":0,"17":0,"18":0,"19":0,"20":0,"21":0,"22":0,"23":0,"24":0},"f":{"0":2,"1":0,"2":0},"b":{"0":[1,1],"1":[1,1],"2":[0,2],"3":[0,0],"4":[0,0],"5":[0,0],"6":[0,0],"7":[0],"8":[0]},"meta":{"lastBranch":9,"lastFunction":3,"lastStatement":25,"seen":{"f:12:16:12:31":0,"s:13:21:13:23":0,"s:14:20:14:21":1,"b:17:4:29:5:undefined:undefined:undefined:undefined":0,"s:17:4:29:5":2,"s:18:8:28:9":3,"s:19:12:27:15":4,"b:26:22:26:35:26:39:26:41":1,"b:32:4:44:5:undefined:undefined:undefined:undefined":2,"s:32:4:44:5":5,"s:33:8:43:9":6,"s:34:12:42:15":7,"s:46:4:46:20":8,"f:52:16:52:40":1,"s:53:17:53:44":9,"s:54:4:54:53":10,"s:56:4:56:43":11,"s:57:4:59:5":12,"s:58:8:58:64":13,"b:61:4:66:5:undefined:undefined:undefined:undefined":3,"s:61:4:66:5":14,"s:62:8:62:38":15,"s:63:8:63:72":16,"b:63:40:63:62:63:66:63:67":4,"s:64:8:64:70":17,"b:64:39:64:60:64:64:64:65":5,"s:65:8:65:64":18,"b:65:36:65:54:65:58:65:59":6,"s:68:4:68:18":19,"f:74:16:74:33":2,"b:74:52:74:54":7,"b:74:66:74:68":8,"s:75:4:75:44":20,"s:77:21:77:53":21,"s:78:19:78:62":22,"s:80:4:80:59":23,"s:82:4:82:32":24}}}
,"C:\\Users\\高杰\\house-maint-ai\\scripts\\hooks\\session-start.js": {"path":"C:\\Users\\高杰\\house-maint-ai\\scripts\\hooks\\session-start.js","statementMap":{"0":{"start":{"line":10,"column":19},"end":{"line":10,"column":77}},"1":{"start":{"line":16,"column":23},"end":{"line":16,"column":59}},"2":{"start":{"line":17,"column":25},"end":{"line":17,"column":63}},"3":{"start":{"line":19,"column":18},"end":{"line":19,"column":76}},"4":{"start":{"line":20,"column":20},"end":{"line":20,"column":67}},"5":{"start":{"line":22,"column":4},"end":{"line":26,"column":6}},"6":{"start":{"line":33,"column":4},"end":{"line":33,"column":51}},"7":{"start":{"line":33,"column":41},"end":{"line":33,"column":51}},"8":{"start":{"line":35,"column":4},"end":{"line":38,"column":22}},"9":{"start":{"line":36,"column":21},"end":{"line":36,"column":58}},"10":{"start":{"line":37,"column":24},"end":{"line":37,"column":49}},"11":{"start":{"line":45,"column":4},"end":{"line":45,"column":49}},"12":{"start":{"line":47,"column":46},"end":{"line":47,"column":66}},"13":{"start":{"line":49,"column":4},"end":{"line":51,"column":5}},"14":{"start":{"line":50,"column":8},"end":{"line":50,"column":65}},"15":{"start":{"line":53,"column":29},"end":{"line":53,"column":62}},"16":{"start":{"line":54,"column":4},"end":{"line":56,"column":5}},"17":{"start":{"line":55,"column":8},"end":{"line":55,"column":78}},"18":{"start":{"line":58,"column":4},"end":{"line":58,"column":44}},"19":{"start":{"line":60,"column":4},"end":{"line":64,"column":6}}},"fnMap":{"0":{"name":"loadSessionContext","decl":{"start":{"line":15,"column":16},"end":{"line":15,"column":34}},"loc":{"start":{"line":15,"column":37},"end":{"line":27,"column":1}},"line":15},"1":{"name":"getRelevantPatterns","decl":{"start":{"line":32,"column":16},"end":{"line":32,"column":35}},"loc":{"start":{"line":32,"column":55},"end":{"line":39,"column":1}},"line":32},"2":{"name":"(anonymous_2)","decl":{"start":{"line":36,"column":16},"end":{"line":36,"column":17}},"loc":{"start":{"line":36,"column":21},"end":{"line":36,"column":58}},"line":36},"3":{"name":"(anonymous_3)","decl":{"start":{"line":37,"column":14},"end":{"line":37,"column":15}},"loc":{"start":{"line":37,"column":24},"end":{"line":37,"column":49}},"line":37},"4":{"name":"onSessionStart","decl":{"start":{"line":44,"column":16},"end":{"line":44,"column":30}},"loc":{"start":{"line":44,"column":33},"end":{"line":65,"column":1}},"line":44}},"branchMap":{"0":{"loc":{"start":{"line":19,"column":18},"end":{"line":19,"column":76}},"type":"binary-expr","locations":[{"start":{"line":19,"column":18},"end":{"line":19,"column":43}},{"start":{"line":19,"column":47},"end":{"line":19,"column":76}}],"line":19},"1":{"loc":{"start":{"line":20,"column":20},"end":{"line":20,"column":67}},"type":"binary-expr","locations":[{"start":{"line":20,"column":20},"end":{"line":20,"column":47}},{"start":{"line":20,"column":51},"end":{"line":20,"column":67}}],"line":20},"2":{"loc":{"start":{"line":25,"column":21},"end":{"line":25,"column":72}},"type":"binary-expr","locations":[{"start":{"line":25,"column":21},"end":{"line":25,"column":64}},{"start":{"line":25,"column":68},"end":{"line":25,"column":72}}],"line":25},"3":{"loc":{"start":{"line":33,"column":4},"end":{"line":33,"column":51}},"type":"if","locations":[{"start":{"line":33,"column":4},"end":{"line":33,"column":51}},{"start":{},"end":{}}],"line":33},"4":{"loc":{"start":{"line":33,"column":8},"end":{"line":33,"column":39}},"type":"binary-expr","locations":[{"start":{"line":33,"column":8},"end":{"line":33,"column":17}},{"start":{"line":33,"column":21},"end":{"line":33,"column":39}}],"line":33},"5":{"loc":{"start":{"line":36,"column":21},"end":{"line":36,"column":58}},"type":"binary-expr","locations":[{"start":{"line":36,"column":21},"end":{"line":36,"column":36}},{"start":{"line":36,"column":40},"end":{"line":36,"column":58}}],"line":36},"6":{"loc":{"start":{"line":49,"column":4},"end":{"line":51,"column":5}},"type":"if","locations":[{"start":{"line":49,"column":4},"end":{"line":51,"column":5}},{"start":{},"end":{}}],"line":49},"7":{"loc":{"start":{"line":54,"column":4},"end":{"line":56,"column":5}},"type":"if","locations":[{"start":{"line":54,"column":4},"end":{"line":56,"column":5}},{"start":{},"end":{}}],"line":54}},"s":{"0":1,"1":0,"2":0,"3":0,"4":0,"5":0,"6":2,"7":1,"8":1,"9":3,"10":1,"11":0,"12":0,"13":0,"14":0,"15":0,"16":0,"17":0,"18":0,"19":0},"f":{"0":0,"1":2,"2":3,"3":1,"4":0},"b":{"0":[0,0],"1":[0,0],"2":[0,0],"3":[1,1],"4":[2,1],"5":[3,1],"6":[0,0],"7":[0,0]},"meta":{"lastBranch":8,"lastFunction":5,"lastStatement":20,"seen":{"s:10:19:10:77":0,"f:15:16:15:34":0,"s:16:23:16:59":1,"s:17:25:17:63":2,"s:19:18:19:76":3,"b:19:18:19:43:19:47:19:76":0,"s:20:20:20:67":4,"b:20:20:20:47:20:51:20:67":1,"s:22:4:26:6":5,"b:25:21:25:64:25:68:25:72":2,"f:32:16:32:35":1,"b:33:4:33:51:undefined:undefined:undefined:undefined":3,"s:33:4:33:51":6,"b:33:8:33:17:33:21:33:39":4,"s:33:41:33:51":7,"s:35:4:38:22":8,"f:36:16:36:17":2,"s:36:21:36:58":9,"b:36:21:36:36:36:40:36:58":5,"f:37:14:37:15":3,"s:37:24:37:49":10,"f:44:16:44:30":4,"s:45:4:45:49":11,"s:47:46:47:66":12,"b:49:4:51:5:undefined:undefined:undefined:undefined":6,"s:49:4:51:5":13,"s:50:8:50:65":14,"s:53:29:53:62":15,"b:54:4:56:5:undefined:undefined:undefined:undefined":7,"s:54:4:56:5":16,"s:55:8:55:78":17,"s:58:4:58:44":18,"s:60:4:64:6":19}}}
,"C:\\Users\\高杰\\house-maint-ai\\scripts\\hooks\\suggest-compact.js": {"path":"C:\\Users\\高杰\\house-maint-ai\\scripts\\hooks\\suggest-compact.js","statementMap":{"0":{"start":{"line":11,"column":24},"end":{"line":11,"column":26}},"1":{"start":{"line":14,"column":4},"end":{"line":22,"column":5}},"2":{"start":{"line":15,"column":8},"end":{"line":21,"column":11}},"3":{"start":{"line":25,"column":4},"end":{"line":33,"column":5}},"4":{"start":{"line":26,"column":8},"end":{"line":32,"column":11}},"5":{"start":{"line":36,"column":4},"end":{"line":44,"column":5}},"6":{"start":{"line":37,"column":8},"end":{"line":43,"column":11}},"7":{"start":{"line":46,"column":4},"end":{"line":46,"column":23}},"8":{"start":{"line":53,"column":4},"end":{"line":55,"column":5}},"9":{"start":{"line":54,"column":8},"end":{"line":54,"column":57}},"10":{"start":{"line":57,"column":17},"end":{"line":57,"column":48}},"11":{"start":{"line":59,"column":4},"end":{"line":65,"column":5}},"12":{"start":{"line":60,"column":8},"end":{"line":60,"column":45}},"13":{"start":{"line":61,"column":8},"end":{"line":61,"column":59}},"14":{"start":{"line":62,"column":8},"end":{"line":62,"column":65}},"15":{"start":{"line":63,"column":8},"end":{"line":63,"column":76}},"16":{"start":{"line":64,"column":8},"end":{"line":64,"column":57}},"17":{"start":{"line":67,"column":4},"end":{"line":67,"column":18}},"18":{"start":{"line":74,"column":4},"end":{"line":74,"column":58}},"19":{"start":{"line":76,"column":24},"end":{"line":76,"column":57}},"20":{"start":{"line":77,"column":19},"end":{"line":77,"column":56}},"21":{"start":{"line":79,"column":4},"end":{"line":81,"column":5}},"22":{"start":{"line":80,"column":8},"end":{"line":80,"column":71}},"23":{"start":{"line":83,"column":4},"end":{"line":83,"column":35}}},"fnMap":{"0":{"name":"analyzeForCompaction","decl":{"start":{"line":10,"column":16},"end":{"line":10,"column":36}},"loc":{"start":{"line":10,"column":50},"end":{"line":47,"column":1}},"line":10},"1":{"name":"generateCompactionReport","decl":{"start":{"line":52,"column":16},"end":{"line":52,"column":40}},"loc":{"start":{"line":52,"column":54},"end":{"line":68,"column":1}},"line":52},"2":{"name":"onSuggestCompact","decl":{"start":{"line":73,"column":16},"end":{"line":73,"column":32}},"loc":{"start":{"line":73,"column":51},"end":{"line":84,"column":1}},"line":73}},"branchMap":{"0":{"loc":{"start":{"line":14,"column":4},"end":{"line":22,"column":5}},"type":"if","locations":[{"start":{"line":14,"column":4},"end":{"line":22,"column":5}},{"start":{},"end":{}}],"line":14},"1":{"loc":{"start":{"line":14,"column":8},"end":{"line":14,"column":70}},"type":"binary-expr","locations":[{"start":{"line":14,"column":8},"end":{"line":14,"column":31}},{"start":{"line":14,"column":35},"end":{"line":14,"column":70}}],"line":14},"2":{"loc":{"start":{"line":25,"column":4},"end":{"line":33,"column":5}},"type":"if","locations":[{"start":{"line":25,"column":4},"end":{"line":33,"column":5}},{"start":{},"end":{}}],"line":25},"3":{"loc":{"start":{"line":25,"column":8},"end":{"line":25,"column":75}},"type":"binary-expr","locations":[{"start":{"line":25,"column":8},"end":{"line":25,"column":34}},{"start":{"line":25,"column":38},"end":{"line":25,"column":75}}],"line":25},"4":{"loc":{"start":{"line":36,"column":4},"end":{"line":44,"column":5}},"type":"if","locations":[{"start":{"line":36,"column":4},"end":{"line":44,"column":5}},{"start":{},"end":{}}],"line":36},"5":{"loc":{"start":{"line":36,"column":8},"end":{"line":36,"column":69}},"type":"binary-expr","locations":[{"start":{"line":36,"column":8},"end":{"line":36,"column":31}},{"start":{"line":36,"column":35},"end":{"line":36,"column":69}}],"line":36},"6":{"loc":{"start":{"line":53,"column":4},"end":{"line":55,"column":5}},"type":"if","locations":[{"start":{"line":53,"column":4},"end":{"line":55,"column":5}},{"start":{},"end":{}}],"line":53},"7":{"loc":{"start":{"line":73,"column":33},"end":{"line":73,"column":49}},"type":"default-arg","locations":[{"start":{"line":73,"column":47},"end":{"line":73,"column":49}}],"line":73},"8":{"loc":{"start":{"line":79,"column":4},"end":{"line":81,"column":5}},"type":"if","locations":[{"start":{"line":79,"column":4},"end":{"line":81,"column":5}},{"start":{},"end":{}}],"line":79}},"s":{"0":2,"1":2,"2":1,"3":2,"4":0,"5":2,"6":0,"7":2,"8":0,"9":0,"10":0,"11":0,"12":0,"13":0,"14":0,"15":0,"16":0,"17":0,"18":0,"19":0,"20":0,"21":0,"22":0,"23":0},"f":{"0":2,"1":0,"2":0},"b":{"0":[1,1],"1":[2,1],"2":[0,2],"3":[2,0],"4":[0,2],"5":[2,0],"6":[0,0],"7":[0],"8":[0,0]},"meta":{"lastBranch":9,"lastFunction":3,"lastStatement":24,"seen":{"f:10:16:10:36":0,"s:11:24:11:26":0,"b:14:4:22:5:undefined:undefined:undefined:undefined":0,"s:14:4:22:5":1,"b:14:8:14:31:14:35:14:70":1,"s:15:8:21:11":2,"b:25:4:33:5:undefined:undefined:undefined:undefined":2,"s:25:4:33:5":3,"b:25:8:25:34:25:38:25:75":3,"s:26:8:32:11":4,"b:36:4:44:5:undefined:undefined:undefined:undefined":4,"s:36:4:44:5":5,"b:36:8:36:31:36:35:36:69":5,"s:37:8:43:11":6,"s:46:4:46:23":7,"f:52:16:52:40":1,"b:53:4:55:5:undefined:undefined:undefined:undefined":6,"s:53:4:55:5":8,"s:54:8:54:57":9,"s:57:17:57:48":10,"s:59:4:65:5":11,"s:60:8:60:45":12,"s:61:8:61:59":13,"s:62:8:62:65":14,"s:63:8:63:76":15,"s:64:8:64:57":16,"s:67:4:67:18":17,"f:73:16:73:32":2,"b:73:47:73:49":7,"s:74:4:74:58":18,"s:76:24:76:57":19,"s:77:19:77:56":20,"b:79:4:81:5:undefined:undefined:undefined:undefined":8,"s:79:4:81:5":21,"s:80:8:80:71":22,"s:83:4:83:35":23}}}
,"C:\\Users\\高杰\\house-maint-ai\\scripts\\lib\\utils.js": {"path":"C:\\Users\\高杰\\house-maint-ai\\scripts\\lib\\utils.js","statementMap":{"0":{"start":{"line":8,"column":93},"end":{"line":8,"column":132}},"1":{"start":{"line":14,"column":23},"end":{"line":14,"column":53}},"2":{"start":{"line":15,"column":22},"end":{"line":15,"column":46}},"3":{"start":{"line":16,"column":4},"end":{"line":16,"column":47}},"4":{"start":{"line":23,"column":4},"end":{"line":23,"column":35}},"5":{"start":{"line":30,"column":4},"end":{"line":35,"column":5}},"6":{"start":{"line":31,"column":24},"end":{"line":31,"column":58}},"7":{"start":{"line":32,"column":8},"end":{"line":32,"column":35}},"8":{"start":{"line":34,"column":8},"end":{"line":34,"column":20}},"9":{"start":{"line":42,"column":16},"end":{"line":42,"column":38}},"10":{"start":{"line":43,"column":4},"end":{"line":45,"column":5}},"11":{"start":{"line":44,"column":8},"end":{"line":44,"column":47}},"12":{"start":{"line":46,"column":4},"end":{"line":46,"column":62}},"13":{"start":{"line":53,"column":4},"end":{"line":53,"column":36}},"14":{"start":{"line":60,"column":4},"end":{"line":60,"column":20}},"15":{"start":{"line":67,"column":4},"end":{"line":67,"column":37}},"16":{"start":{"line":74,"column":21},"end":{"line":74,"column":34}},"17":{"start":{"line":75,"column":4},"end":{"line":75,"column":47}},"18":{"start":{"line":75,"column":30},"end":{"line":75,"column":47}},"19":{"start":{"line":76,"column":4},"end":{"line":76,"column":46}},"20":{"start":{"line":76,"column":31},"end":{"line":76,"column":46}},"21":{"start":{"line":77,"column":4},"end":{"line":77,"column":19}},"22":{"start":{"line":84,"column":25},"end":{"line":84,"column":83}},"23":{"start":{"line":85,"column":4},"end":{"line":95,"column":5}},"24":{"start":{"line":86,"column":8},"end":{"line":89,"column":10}},"25":{"start":{"line":91,"column":8},"end":{"line":94,"column":10}}},"fnMap":{"0":{"name":"getProjectRoot","decl":{"start":{"line":13,"column":16},"end":{"line":13,"column":30}},"loc":{"start":{"line":13,"column":33},"end":{"line":17,"column":1}},"line":13},"1":{"name":"fileExists","decl":{"start":{"line":22,"column":16},"end":{"line":22,"column":26}},"loc":{"start":{"line":22,"column":37},"end":{"line":24,"column":1}},"line":22},"2":{"name":"readJsonFile","decl":{"start":{"line":29,"column":16},"end":{"line":29,"column":28}},"loc":{"start":{"line":29,"column":39},"end":{"line":36,"column":1}},"line":29},"3":{"name":"writeJsonFile","decl":{"start":{"line":41,"column":16},"end":{"line":41,"column":29}},"loc":{"start":{"line":41,"column":46},"end":{"line":47,"column":1}},"line":41},"4":{"name":"getTimestamp","decl":{"start":{"line":52,"column":16},"end":{"line":52,"column":28}},"loc":{"start":{"line":52,"column":31},"end":{"line":54,"column":1}},"line":52},"5":{"name":"getPathSeparator","decl":{"start":{"line":59,"column":16},"end":{"line":59,"column":32}},"loc":{"start":{"line":59,"column":35},"end":{"line":61,"column":1}},"line":59},"6":{"name":"normalizePath","decl":{"start":{"line":66,"column":16},"end":{"line":66,"column":29}},"loc":{"start":{"line":66,"column":41},"end":{"line":68,"column":1}},"line":66},"7":{"name":"getOSType","decl":{"start":{"line":73,"column":16},"end":{"line":73,"column":25}},"loc":{"start":{"line":73,"column":28},"end":{"line":78,"column":1}},"line":73},"8":{"name":"safeExec","decl":{"start":{"line":83,"column":22},"end":{"line":83,"column":30}},"loc":{"start":{"line":83,"column":40},"end":{"line":96,"column":1}},"line":83}},"branchMap":{"0":{"loc":{"start":{"line":43,"column":4},"end":{"line":45,"column":5}},"type":"if","locations":[{"start":{"line":43,"column":4},"end":{"line":45,"column":5}},{"start":{},"end":{}}],"line":43},"1":{"loc":{"start":{"line":75,"column":4},"end":{"line":75,"column":47}},"type":"if","locations":[{"start":{"line":75,"column":4},"end":{"line":75,"column":47}},{"start":{},"end":{}}],"line":75},"2":{"loc":{"start":{"line":76,"column":4},"end":{"line":76,"column":46}},"type":"if","locations":[{"start":{"line":76,"column":4},"end":{"line":76,"column":46}},{"start":{},"end":{}}],"line":76}},"s":{"0":2,"1":1,"2":1,"3":1,"4":0,"5":0,"6":0,"7":0,"8":0,"9":0,"10":0,"11":0,"12":0,"13":1,"14":1,"15":1,"16":1,"17":1,"18":1,"19":0,"20":0,"21":0,"22":0,"23":0,"24":0,"25":0},"f":{"0":1,"1":0,"2":0,"3":0,"4":1,"5":1,"6":1,"7":1,"8":0},"b":{"0":[0,0],"1":[1,0],"2":[0,0]},"meta":{"lastBranch":3,"lastFunction":9,"lastStatement":26,"seen":{"s:8:93:8:132":0,"f:13:16:13:30":0,"s:14:23:14:53":1,"s:15:22:15:46":2,"s:16:4:16:47":3,"f:22:16:22:26":1,"s:23:4:23:35":4,"f:29:16:29:28":2,"s:30:4:35:5":5,"s:31:24:31:58":6,"s:32:8:32:35":7,"s:34:8:34:20":8,"f:41:16:41:29":3,"s:42:16:42:38":9,"b:43:4:45:5:undefined:undefined:undefined:undefined":0,"s:43:4:45:5":10,"s:44:8:44:47":11,"s:46:4:46:62":12,"f:52:16:52:28":4,"s:53:4:53:36":13,"f:59:16:59:32":5,"s:60:4:60:20":14,"f:66:16:66:29":6,"s:67:4:67:37":15,"f:73:16:73:25":7,"s:74:21:74:34":16,"b:75:4:75:47:undefined:undefined:undefined:undefined":1,"s:75:4:75:47":17,"s:75:30:75:47":18,"b:76:4:76:46:undefined:undefined:undefined:undefined":2,"s:76:4:76:46":19,"s:76:31:76:46":20,"s:77:4:77:19":21,"f:83:22:83:30":8,"s:84:25:84:83":22,"s:85:4:95:5":23,"s:86:8:89:10":24,"s:91:8:94:10":25}}}
,"C:\\Users\\高杰\\house-maint-ai\\server\\index.ts": {"path":"C:\\Users\\高杰\\house-maint-ai\\server\\index.ts","statementMap":{"0":{"start":{"line":6,"column":30},"end":{"line":6,"column":null}},"1":{"start":{"line":7,"column":30},"end":{"line":7,"column":null}},"2":{"start":{"line":21,"column":19},"end":{"line":21,"column":null}},"3":{"start":{"line":22,"column":18},"end":{"line":22,"column":null}},"4":{"start":{"line":24,"column":6},"end":{"line":24,"column":null}},"5":{"start":{"line":25,"column":13},"end":{"line":25,"column":null}},"6":{"start":{"line":28,"column":0},"end":{"line":31,"column":null}},"7":{"start":{"line":32,"column":0},"end":{"line":32,"column":null}},"8":{"start":{"line":33,"column":0},"end":{"line":33,"column":null}},"9":{"start":{"line":36,"column":0},"end":{"line":36,"column":null}},"10":{"start":{"line":43,"column":0},"end":{"line":43,"column":null}},"11":{"start":{"line":46,"column":0},"end":{"line":46,"column":null}},"12":{"start":{"line":49,"column":0},"end":{"line":49,"column":null}},"13":{"start":{"line":50,"column":0},"end":{"line":50,"column":null}},"14":{"start":{"line":51,"column":0},"end":{"line":51,"column":null}},"15":{"start":{"line":52,"column":0},"end":{"line":52,"column":null}},"16":{"start":{"line":53,"column":0},"end":{"line":53,"column":null}},"17":{"start":{"line":54,"column":0},"end":{"line":54,"column":null}},"18":{"start":{"line":57,"column":0},"end":{"line":57,"column":null}},"19":{"start":{"line":60,"column":0},"end":{"line":66,"column":null}},"20":{"start":{"line":61,"column":4},"end":{"line":65,"column":null}},"21":{"start":{"line":69,"column":0},"end":{"line":69,"column":null}},"22":{"start":{"line":72,"column":0},"end":{"line":74,"column":null}},"23":{"start":{"line":73,"column":4},"end":{"line":73,"column":null}},"24":{"start":{"line":76,"column":0},"end":{"line":81,"column":null}},"25":{"start":{"line":77,"column":4},"end":{"line":80,"column":null}},"26":{"start":{"line":78,"column":8},"end":{"line":78,"column":null}},"27":{"start":{"line":79,"column":8},"end":{"line":79,"column":null}}},"fnMap":{"0":{"name":"(anonymous_0)","decl":{"start":{"line":60,"column":23},"end":{"line":60,"column":24}},"loc":{"start":{"line":60,"column":37},"end":{"line":66,"column":1}},"line":60},"1":{"name":"(anonymous_1)","decl":{"start":{"line":72,"column":8},"end":{"line":72,"column":9}},"loc":{"start":{"line":72,"column":22},"end":{"line":74,"column":1}},"line":72},"2":{"name":"(anonymous_2)","decl":{"start":{"line":77,"column":21},"end":{"line":77,"column":27}},"loc":{"start":{"line":77,"column":27},"end":{"line":80,"column":5}},"line":77}},"branchMap":{"0":{"loc":{"start":{"line":25,"column":13},"end":{"line":25,"column":null}},"type":"binary-expr","locations":[{"start":{"line":25,"column":13},"end":{"line":25,"column":33}},{"start":{"line":25,"column":33},"end":{"line":25,"column":null}}],"line":25},"1":{"loc":{"start":{"line":76,"column":0},"end":{"line":81,"column":null}},"type":"if","locations":[{"start":{"line":76,"column":0},"end":{"line":81,"column":null}},{"start":{},"end":{}}],"line":76}},"s":{"0":2,"1":2,"2":2,"3":2,"4":2,"5":2,"6":2,"7":2,"8":2,"9":2,"10":2,"11":2,"12":2,"13":2,"14":2,"15":2,"16":2,"17":2,"18":2,"19":2,"20":0,"21":2,"22":2,"23":0,"24":2,"25":0,"26":0,"27":0},"f":{"0":0,"1":0,"2":0},"b":{"0":[2,2],"1":[0,2]},"meta":{"lastBranch":2,"lastFunction":3,"lastStatement":28,"seen":{"s:6:30:6:Infinity":0,"s:7:30:7:Infinity":1,"s:21:19:21:Infinity":2,"s:22:18:22:Infinity":3,"s:24:6:24:Infinity":4,"s:25:13:25:Infinity":5,"b:25:13:25:33:25:33:25:Infinity":0,"s:28:0:31:Infinity":6,"s:32:0:32:Infinity":7,"s:33:0:33:Infinity":8,"s:36:0:36:Infinity":9,"s:43:0:43:Infinity":10,"s:46:0:46:Infinity":11,"s:49:0:49:Infinity":12,"s:50:0:50:Infinity":13,"s:51:0:51:Infinity":14,"s:52:0:52:Infinity":15,"s:53:0:53:Infinity":16,"s:54:0:54:Infinity":17,"s:57:0:57:Infinity":18,"s:60:0:66:Infinity":19,"f:60:23:60:24":0,"s:61:4:65:Infinity":20,"s:69:0:69:Infinity":21,"s:72:0:74:Infinity":22,"f:72:8:72:9":1,"s:73:4:73:Infinity":23,"b:76:0:81:Infinity:undefined:undefined:undefined:undefined":1,"s:76:0:81:Infinity":24,"s:77:4:80:Infinity":25,"f:77:21:77:27":2,"s:78:8:78:Infinity":26,"s:79:8:79:Infinity":27}}}
,"C:\\Users\\高杰\\house-maint-ai\\server\\instrument.ts": {"path":"C:\\Users\\高杰\\house-maint-ai\\server\\instrument.ts","statementMap":{"0":{"start":{"line":7,"column":0},"end":{"line":17,"column":null}}},"fnMap":{},"branchMap":{},"s":{"0":2},"f":{},"b":{},"meta":{"lastBranch":0,"lastFunction":0,"lastStatement":1,"seen":{"s:7:0:17:Infinity":0}}}
,"C:\\Users\\高杰\\house-maint-ai\\server\\config\\database.ts": {"path":"C:\\Users\\高杰\\house-maint-ai\\server\\config\\database.ts","statementMap":{"0":{"start":{"line":4,"column":0},"end":{"line":4,"column":null}},"1":{"start":{"line":6,"column":17},"end":{"line":6,"column":null}},"2":{"start":{"line":8,"column":13},"end":{"line":14,"column":null}},"3":{"start":{"line":17,"column":0},"end":{"line":20,"column":null}},"4":{"start":{"line":18,"column":4},"end":{"line":18,"column":null}},"5":{"start":{"line":19,"column":4},"end":{"line":19,"column":null}},"6":{"start":{"line":22,"column":21},"end":{"line":22,"column":null}},"7":{"start":{"line":22,"column":39},"end":{"line":22,"column":null}}},"fnMap":{"0":{"name":"(anonymous_0)","decl":{"start":{"line":17,"column":17},"end":{"line":17,"column":18}},"loc":{"start":{"line":17,"column":34},"end":{"line":20,"column":1}},"line":17},"1":{"name":"(anonymous_1)","decl":{"start":{"line":22,"column":21},"end":{"line":22,"column":22}},"loc":{"start":{"line":22,"column":39},"end":{"line":22,"column":null}},"line":22}},"branchMap":{"0":{"loc":{"start":{"line":9,"column":10},"end":{"line":9,"column":null}},"type":"binary-expr","locations":[{"start":{"line":9,"column":10},"end":{"line":9,"column":33}},{"start":{"line":9,"column":33},"end":{"line":9,"column":null}}],"line":9},"1":{"loc":{"start":{"line":10,"column":10},"end":{"line":10,"column":null}},"type":"binary-expr","locations":[{"start":{"line":10,"column":10},"end":{"line":10,"column":33}},{"start":{"line":10,"column":33},"end":{"line":10,"column":null}}],"line":10},"2":{"loc":{"start":{"line":11,"column":14},"end":{"line":11,"column":null}},"type":"binary-expr","locations":[{"start":{"line":11,"column":14},"end":{"line":11,"column":37}},{"start":{"line":11,"column":37},"end":{"line":11,"column":null}}],"line":11},"3":{"loc":{"start":{"line":12,"column":14},"end":{"line":12,"column":null}},"type":"binary-expr","locations":[{"start":{"line":12,"column":14},"end":{"line":12,"column":41}},{"start":{"line":12,"column":41},"end":{"line":12,"column":null}}],"line":12},"4":{"loc":{"start":{"line":13,"column":19},"end":{"line":13,"column":48}},"type":"binary-expr","locations":[{"start":{"line":13,"column":19},"end":{"line":13,"column":42}},{"start":{"line":13,"column":42},"end":{"line":13,"column":48}}],"line":13}},"s":{"0":2,"1":2,"2":2,"3":2,"4":0,"5":0,"6":2,"7":0},"f":{"0":0,"1":0},"b":{"0":[2,2],"1":[2,2],"2":[2,2],"3":[2,2],"4":[2,2]},"meta":{"lastBranch":5,"lastFunction":2,"lastStatement":8,"seen":{"s:4:0:4:Infinity":0,"s:6:17:6:Infinity":1,"s:8:13:14:Infinity":2,"b:9:10:9:33:9:33:9:Infinity":0,"b:10:10:10:33:10:33:10:Infinity":1,"b:11:14:11:37:11:37:11:Infinity":2,"b:12:14:12:41:12:41:12:Infinity":3,"b:13:19:13:42:13:42:13:48":4,"s:17:0:20:Infinity":3,"f:17:17:17:18":0,"s:18:4:18:Infinity":4,"s:19:4:19:Infinity":5,"s:22:21:22:Infinity":6,"f:22:21:22:22":1,"s:22:39:22:Infinity":7}}}
,"C:\\Users\\高杰\\house-maint-ai\\server\\config\\swagger.ts": {"path":"C:\\Users\\高杰\\house-maint-ai\\server\\config\\swagger.ts","statementMap":{"0":{"start":{"line":3,"column":16},"end":{"line":41,"column":null}},"1":{"start":{"line":43,"column":13},"end":{"line":43,"column":null}}},"fnMap":{},"branchMap":{},"s":{"0":2,"1":2},"f":{},"b":{},"meta":{"lastBranch":0,"lastFunction":0,"lastStatement":2,"seen":{"s:3:16:41:Infinity":0,"s:43:13:43:Infinity":1}}}
,"C:\\Users\\高杰\\house-maint-ai\\server\\middleware\\auth.ts": {"path":"C:\\Users\\高杰\\house-maint-ai\\server\\middleware\\auth.ts","statementMap":{"0":{"start":{"line":3,"column":19},"end":{"line":3,"column":null}},"1":{"start":{"line":9,"column":23},"end":{"line":9,"column":null}},"2":{"start":{"line":11,"column":4},"end":{"line":13,"column":null}},"3":{"start":{"line":12,"column":8},"end":{"line":12,"column":null}},"4":{"start":{"line":15,"column":18},"end":{"line":15,"column":null}},"5":{"start":{"line":17,"column":4},"end":{"line":23,"column":null}},"6":{"start":{"line":18,"column":24},"end":{"line":18,"column":null}},"7":{"start":{"line":19,"column":8},"end":{"line":19,"column":null}},"8":{"start":{"line":20,"column":8},"end":{"line":20,"column":null}},"9":{"start":{"line":22,"column":8},"end":{"line":22,"column":null}},"10":{"start":{"line":30,"column":23},"end":{"line":30,"column":null}},"11":{"start":{"line":32,"column":4},"end":{"line":34,"column":null}},"12":{"start":{"line":33,"column":8},"end":{"line":33,"column":null}},"13":{"start":{"line":36,"column":18},"end":{"line":36,"column":null}},"14":{"start":{"line":38,"column":4},"end":{"line":43,"column":null}},"15":{"start":{"line":39,"column":24},"end":{"line":39,"column":null}},"16":{"start":{"line":40,"column":8},"end":{"line":40,"column":null}},"17":{"start":{"line":45,"column":4},"end":{"line":45,"column":null}},"18":{"start":{"line":52,"column":4},"end":{"line":62,"column":null}},"19":{"start":{"line":53,"column":8},"end":{"line":55,"column":null}},"20":{"start":{"line":54,"column":12},"end":{"line":54,"column":null}},"21":{"start":{"line":57,"column":8},"end":{"line":59,"column":null}},"22":{"start":{"line":58,"column":12},"end":{"line":58,"column":null}},"23":{"start":{"line":61,"column":8},"end":{"line":61,"column":null}},"24":{"start":{"line":69,"column":4},"end":{"line":78,"column":null}}},"fnMap":{"0":{"name":"authenticate","decl":{"start":{"line":8,"column":16},"end":{"line":8,"column":29}},"loc":{"start":{"line":8,"column":45},"end":{"line":24,"column":null}},"line":8},"1":{"name":"optionalAuth","decl":{"start":{"line":29,"column":16},"end":{"line":29,"column":29}},"loc":{"start":{"line":29,"column":45},"end":{"line":46,"column":null}},"line":29},"2":{"name":"authorize","decl":{"start":{"line":51,"column":16},"end":{"line":51,"column":29}},"loc":{"start":{"line":51,"column":36},"end":{"line":63,"column":null}},"line":51},"3":{"name":"(anonymous_3)","decl":{"start":{"line":52,"column":11},"end":{"line":52,"column":12}},"loc":{"start":{"line":52,"column":31},"end":{"line":62,"column":null}},"line":52},"4":{"name":"generateToken","decl":{"start":{"line":68,"column":16},"end":{"line":68,"column":30}},"loc":{"start":{"line":68,"column":36},"end":{"line":79,"column":null}},"line":68}},"branchMap":{"0":{"loc":{"start":{"line":3,"column":19},"end":{"line":3,"column":null}},"type":"binary-expr","locations":[{"start":{"line":3,"column":19},"end":{"line":3,"column":45}},{"start":{"line":3,"column":45},"end":{"line":3,"column":null}}],"line":3},"1":{"loc":{"start":{"line":11,"column":4},"end":{"line":13,"column":null}},"type":"if","locations":[{"start":{"line":11,"column":4},"end":{"line":13,"column":null}},{"start":{},"end":{}}],"line":11},"2":{"loc":{"start":{"line":11,"column":8},"end":{"line":11,"column":58}},"type":"binary-expr","locations":[{"start":{"line":11,"column":8},"end":{"line":11,"column":23}},{"start":{"line":11,"column":23},"end":{"line":11,"column":58}}],"line":11},"3":{"loc":{"start":{"line":32,"column":4},"end":{"line":34,"column":null}},"type":"if","locations":[{"start":{"line":32,"column":4},"end":{"line":34,"column":null}},{"start":{},"end":{}}],"line":32},"4":{"loc":{"start":{"line":32,"column":8},"end":{"line":32,"column":58}},"type":"binary-expr","locations":[{"start":{"line":32,"column":8},"end":{"line":32,"column":23}},{"start":{"line":32,"column":23},"end":{"line":32,"column":58}}],"line":32},"5":{"loc":{"start":{"line":53,"column":8},"end":{"line":55,"column":null}},"type":"if","locations":[{"start":{"line":53,"column":8},"end":{"line":55,"column":null}},{"start":{},"end":{}}],"line":53},"6":{"loc":{"start":{"line":57,"column":8},"end":{"line":59,"column":null}},"type":"if","locations":[{"start":{"line":57,"column":8},"end":{"line":59,"column":null}},{"start":{},"end":{}}],"line":57}},"s":{"0":2,"1":0,"2":0,"3":0,"4":0,"5":0,"6":0,"7":0,"8":0,"9":0,"10":0,"11":0,"12":0,"13":0,"14":0,"15":0,"16":0,"17":0,"18":0,"19":0,"20":0,"21":0,"22":0,"23":0,"24":0},"f":{"0":0,"1":0,"2":0,"3":0,"4":0},"b":{"0":[2,2],"1":[0,0],"2":[0,0],"3":[0,0],"4":[0,0],"5":[0,0],"6":[0,0]},"meta":{"lastBranch":7,"lastFunction":5,"lastStatement":25,"seen":{"s:3:19:3:Infinity":0,"b:3:19:3:45:3:45:3:Infinity":0,"f:8:16:8:29":0,"s:9:23:9:Infinity":1,"b:11:4:13:Infinity:undefined:undefined:undefined:undefined":1,"s:11:4:13:Infinity":2,"b:11:8:11:23:11:23:11:58":2,"s:12:8:12:Infinity":3,"s:15:18:15:Infinity":4,"s:17:4:23:Infinity":5,"s:18:24:18:Infinity":6,"s:19:8:19:Infinity":7,"s:20:8:20:Infinity":8,"s:22:8:22:Infinity":9,"f:29:16:29:29":1,"s:30:23:30:Infinity":10,"b:32:4:34:Infinity:undefined:undefined:undefined:undefined":3,"s:32:4:34:Infinity":11,"b:32:8:32:23:32:23:32:58":4,"s:33:8:33:Infinity":12,"s:36:18:36:Infinity":13,"s:38:4:43:Infinity":14,"s:39:24:39:Infinity":15,"s:40:8:40:Infinity":16,"s:45:4:45:Infinity":17,"f:51:16:51:29":2,"s:52:4:62:Infinity":18,"f:52:11:52:12":3,"b:53:8:55:Infinity:undefined:undefined:undefined:undefined":5,"s:53:8:55:Infinity":19,"s:54:12:54:Infinity":20,"b:57:8:59:Infinity:undefined:undefined:undefined:undefined":6,"s:57:8:59:Infinity":21,"s:58:12:58:Infinity":22,"s:61:8:61:Infinity":23,"f:68:16:68:30":4,"s:69:4:78:Infinity":24}}}
,"C:\\Users\\高杰\\house-maint-ai\\server\\middleware\\errorHandler.ts": {"path":"C:\\Users\\高杰\\house-maint-ai\\server\\middleware\\errorHandler.ts","statementMap":{"0":{"start":{"line":7,"column":4},"end":{"line":7,"column":null}},"1":{"start":{"line":8,"column":4},"end":{"line":8,"column":null}},"2":{"start":{"line":11,"column":4},"end":{"line":16,"column":null}},"3":{"start":{"line":12,"column":8},"end":{"line":15,"column":null}},"4":{"start":{"line":19,"column":4},"end":{"line":23,"column":null}},"5":{"start":{"line":20,"column":8},"end":{"line":22,"column":null}},"6":{"start":{"line":25,"column":4},"end":{"line":29,"column":null}},"7":{"start":{"line":26,"column":8},"end":{"line":28,"column":null}},"8":{"start":{"line":32,"column":4},"end":{"line":36,"column":null}},"9":{"start":{"line":33,"column":8},"end":{"line":35,"column":null}},"10":{"start":{"line":39,"column":4},"end":{"line":41,"column":null}}},"fnMap":{"0":{"name":"errorHandler","decl":{"start":{"line":6,"column":16},"end":{"line":6,"column":29}},"loc":{"start":{"line":6,"column":50},"end":{"line":42,"column":null}},"line":6}},"branchMap":{"0":{"loc":{"start":{"line":11,"column":4},"end":{"line":16,"column":null}},"type":"if","locations":[{"start":{"line":11,"column":4},"end":{"line":16,"column":null}},{"start":{},"end":{}}],"line":11},"1":{"loc":{"start":{"line":19,"column":4},"end":{"line":23,"column":null}},"type":"if","locations":[{"start":{"line":19,"column":4},"end":{"line":23,"column":null}},{"start":{},"end":{}}],"line":19},"2":{"loc":{"start":{"line":25,"column":4},"end":{"line":29,"column":null}},"type":"if","locations":[{"start":{"line":25,"column":4},"end":{"line":29,"column":null}},{"start":{},"end":{}}],"line":25},"3":{"loc":{"start":{"line":32,"column":4},"end":{"line":36,"column":null}},"type":"if","locations":[{"start":{"line":32,"column":4},"end":{"line":36,"column":null}},{"start":{},"end":{}}],"line":32},"4":{"loc":{"start":{"line":39,"column":15},"end":{"line":39,"column":32}},"type":"binary-expr","locations":[{"start":{"line":39,"column":15},"end":{"line":39,"column":29}},{"start":{"line":39,"column":29},"end":{"line":39,"column":32}}],"line":39},"5":{"loc":{"start":{"line":40,"column":15},"end":{"line":40,"column":null}},"type":"binary-expr","locations":[{"start":{"line":40,"column":15},"end":{"line":40,"column":30}},{"start":{"line":40,"column":30},"end":{"line":40,"column":null}}],"line":40}},"s":{"0":6,"1":6,"2":6,"3":1,"4":5,"5":1,"6":4,"7":1,"8":3,"9":1,"10":2},"f":{"0":6},"b":{"0":[1,5],"1":[1,4],"2":[1,3],"3":[1,2],"4":[2,1],"5":[6,0]},"meta":{"lastBranch":6,"lastFunction":1,"lastStatement":11,"seen":{"f:6:16:6:29":0,"s:7:4:7:Infinity":0,"s:8:4:8:Infinity":1,"b:11:4:16:Infinity:undefined:undefined:undefined:undefined":0,"s:11:4:16:Infinity":2,"s:12:8:15:Infinity":3,"b:19:4:23:Infinity:undefined:undefined:undefined:undefined":1,"s:19:4:23:Infinity":4,"s:20:8:22:Infinity":5,"b:25:4:29:Infinity:undefined:undefined:undefined:undefined":2,"s:25:4:29:Infinity":6,"s:26:8:28:Infinity":7,"b:32:4:36:Infinity:undefined:undefined:undefined:undefined":3,"s:32:4:36:Infinity":8,"s:33:8:35:Infinity":9,"s:39:4:41:Infinity":10,"b:39:15:39:29:39:29:39:32":4,"b:40:15:40:30:40:30:40:Infinity":5}}}
,"C:\\Users\\高杰\\house-maint-ai\\server\\middleware\\rateLimiter.ts": {"path":"C:\\Users\\高杰\\house-maint-ai\\server\\middleware\\rateLimiter.ts","statementMap":{"0":{"start":{"line":8,"column":13},"end":{"line":16,"column":null}},"1":{"start":{"line":22,"column":13},"end":{"line":30,"column":null}}},"fnMap":{},"branchMap":{},"s":{"0":2,"1":2},"f":{},"b":{},"meta":{"lastBranch":0,"lastFunction":0,"lastStatement":2,"seen":{"s:8:13:16:Infinity":0,"s:22:13:30:Infinity":1}}}
,"C:\\Users\\高杰\\house-maint-ai\\server\\routes\\ai.ts": {"path":"C:\\Users\\高杰\\house-maint-ai\\server\\routes\\ai.ts","statementMap":{"0":{"start":{"line":5,"column":15},"end":{"line":5,"column":null}},"1":{"start":{"line":8,"column":15},"end":{"line":8,"column":null}},"2":{"start":{"line":9,"column":14},"end":{"line":9,"column":null}},"3":{"start":{"line":11,"column":21},"end":{"line":11,"column":null}},"4":{"start":{"line":59,"column":22},"end":{"line":63,"column":null}},"5":{"start":{"line":65,"column":0},"end":{"line":111,"column":null}},"6":{"start":{"line":66,"column":4},"end":{"line":110,"column":null}},"7":{"start":{"line":67,"column":42},"end":{"line":67,"column":null}},"8":{"start":{"line":69,"column":8},"end":{"line":71,"column":null}},"9":{"start":{"line":70,"column":12},"end":{"line":70,"column":null}},"10":{"start":{"line":73,"column":22},"end":{"line":76,"column":null}},"11":{"start":{"line":78,"column":35},"end":{"line":80,"column":null}},"12":{"start":{"line":82,"column":8},"end":{"line":84,"column":null}},"13":{"start":{"line":83,"column":12},"end":{"line":83,"column":null}},"14":{"start":{"line":86,"column":8},"end":{"line":93,"column":null}},"15":{"start":{"line":87,"column":12},"end":{"line":92,"column":null}},"16":{"start":{"line":95,"column":23},"end":{"line":95,"column":null}},"17":{"start":{"line":96,"column":29},"end":{"line":96,"column":null}},"18":{"start":{"line":99,"column":24},"end":{"line":99,"column":null}},"19":{"start":{"line":101,"column":29},"end":{"line":101,"column":null}},"20":{"start":{"line":102,"column":8},"end":{"line":102,"column":null}},"21":{"start":{"line":105,"column":8},"end":{"line":105,"column":null}},"22":{"start":{"line":106,"column":8},"end":{"line":109,"column":null}}},"fnMap":{"0":{"name":"(anonymous_0)","decl":{"start":{"line":65,"column":25},"end":{"line":65,"column":32}},"loc":{"start":{"line":65,"column":45},"end":{"line":111,"column":1}},"line":65}},"branchMap":{"0":{"loc":{"start":{"line":8,"column":15},"end":{"line":8,"column":null}},"type":"binary-expr","locations":[{"start":{"line":8,"column":15},"end":{"line":8,"column":45}},{"start":{"line":8,"column":45},"end":{"line":8,"column":80}},{"start":{"line":8,"column":80},"end":{"line":8,"column":null}}],"line":8},"1":{"loc":{"start":{"line":69,"column":8},"end":{"line":71,"column":null}},"type":"if","locations":[{"start":{"line":69,"column":8},"end":{"line":71,"column":null}},{"start":{},"end":{}}],"line":69},"2":{"loc":{"start":{"line":69,"column":12},"end":{"line":69,"column":77}},"type":"binary-expr","locations":[{"start":{"line":69,"column":12},"end":{"line":69,"column":43}},{"start":{"line":69,"column":43},"end":{"line":69,"column":77}}],"line":69},"3":{"loc":{"start":{"line":82,"column":8},"end":{"line":84,"column":null}},"type":"if","locations":[{"start":{"line":82,"column":8},"end":{"line":84,"column":null}},{"start":{},"end":{}}],"line":82},"4":{"loc":{"start":{"line":86,"column":8},"end":{"line":93,"column":null}},"type":"if","locations":[{"start":{"line":86,"column":8},"end":{"line":93,"column":null}},{"start":{},"end":{}}],"line":86},"5":{"loc":{"start":{"line":90,"column":30},"end":{"line":90,"column":null}},"type":"binary-expr","locations":[{"start":{"line":90,"column":30},"end":{"line":90,"column":42}},{"start":{"line":90,"column":42},"end":{"line":90,"column":null}}],"line":90}},"s":{"0":2,"1":2,"2":2,"3":2,"4":2,"5":2,"6":0,"7":0,"8":0,"9":0,"10":0,"11":0,"12":0,"13":0,"14":0,"15":0,"16":0,"17":0,"18":0,"19":0,"20":0,"21":0,"22":0},"f":{"0":0},"b":{"0":[2,2,2],"1":[0,0],"2":[0,0],"3":[0,0],"4":[0,0],"5":[0,0]},"meta":{"lastBranch":6,"lastFunction":1,"lastStatement":23,"seen":{"s:5:15:5:Infinity":0,"s:8:15:8:Infinity":1,"b:8:15:8:45:8:45:8:80:8:80:8:Infinity":0,"s:9:14:9:Infinity":2,"s:11:21:11:Infinity":3,"s:59:22:63:Infinity":4,"s:65:0:111:Infinity":5,"f:65:25:65:32":0,"s:66:4:110:Infinity":6,"s:67:42:67:Infinity":7,"b:69:8:71:Infinity:undefined:undefined:undefined:undefined":1,"s:69:8:71:Infinity":8,"b:69:12:69:43:69:43:69:77":2,"s:70:12:70:Infinity":9,"s:73:22:76:Infinity":10,"s:78:35:80:Infinity":11,"b:82:8:84:Infinity:undefined:undefined:undefined:undefined":3,"s:82:8:84:Infinity":12,"s:83:12:83:Infinity":13,"b:86:8:93:Infinity:undefined:undefined:undefined:undefined":4,"s:86:8:93:Infinity":14,"s:87:12:92:Infinity":15,"b:90:30:90:42:90:42:90:Infinity":5,"s:95:23:95:Infinity":16,"s:96:29:96:Infinity":17,"s:99:24:99:Infinity":18,"s:101:29:101:Infinity":19,"s:102:8:102:Infinity":20,"s:105:8:105:Infinity":21,"s:106:8:109:Infinity":22}}}
,"C:\\Users\\高杰\\house-maint-ai\\server\\routes\\auth.ts": {"path":"C:\\Users\\高杰\\house-maint-ai\\server\\routes\\auth.ts","statementMap":{"0":{"start":{"line":7,"column":15},"end":{"line":7,"column":null}},"1":{"start":{"line":10,"column":23},"end":{"line":15,"column":null}},"2":{"start":{"line":17,"column":20},"end":{"line":20,"column":null}},"3":{"start":{"line":81,"column":0},"end":{"line":114,"column":null}},"4":{"start":{"line":82,"column":4},"end":{"line":113,"column":null}},"5":{"start":{"line":83,"column":21},"end":{"line":83,"column":null}},"6":{"start":{"line":86,"column":35},"end":{"line":86,"column":null}},"7":{"start":{"line":87,"column":8},"end":{"line":89,"column":null}},"8":{"start":{"line":88,"column":12},"end":{"line":88,"column":null}},"9":{"start":{"line":92,"column":29},"end":{"line":92,"column":null}},"10":{"start":{"line":95,"column":32},"end":{"line":99,"column":null}},"11":{"start":{"line":101,"column":21},"end":{"line":101,"column":null}},"12":{"start":{"line":104,"column":14},"end":{"line":104,"column":null}},"13":{"start":{"line":106,"column":8},"end":{"line":110,"column":null}},"14":{"start":{"line":112,"column":8},"end":{"line":112,"column":null}},"15":{"start":{"line":155,"column":0},"end":{"line":187,"column":null}},"16":{"start":{"line":156,"column":4},"end":{"line":186,"column":null}},"17":{"start":{"line":157,"column":21},"end":{"line":157,"column":null}},"18":{"start":{"line":160,"column":32},"end":{"line":160,"column":null}},"19":{"start":{"line":161,"column":21},"end":{"line":161,"column":null}},"20":{"start":{"line":163,"column":8},"end":{"line":165,"column":null}},"21":{"start":{"line":164,"column":12},"end":{"line":164,"column":null}},"22":{"start":{"line":168,"column":22},"end":{"line":168,"column":null}},"23":{"start":{"line":169,"column":8},"end":{"line":171,"column":null}},"24":{"start":{"line":170,"column":12},"end":{"line":170,"column":null}},"25":{"start":{"line":174,"column":14},"end":{"line":174,"column":null}},"26":{"start":{"line":177,"column":8},"end":{"line":177,"column":null}},"27":{"start":{"line":179,"column":8},"end":{"line":183,"column":null}},"28":{"start":{"line":185,"column":8},"end":{"line":185,"column":null}},"29":{"start":{"line":212,"column":0},"end":{"line":225,"column":null}},"30":{"start":{"line":213,"column":21},"end":{"line":216,"column":null}},"31":{"start":{"line":218,"column":17},"end":{"line":218,"column":null}},"32":{"start":{"line":220,"column":4},"end":{"line":222,"column":null}},"33":{"start":{"line":221,"column":8},"end":{"line":221,"column":null}},"34":{"start":{"line":224,"column":4},"end":{"line":224,"column":null}},"35":{"start":{"line":258,"column":0},"end":{"line":274,"column":null}},"36":{"start":{"line":259,"column":4},"end":{"line":273,"column":null}},"37":{"start":{"line":260,"column":33},"end":{"line":260,"column":null}},"38":{"start":{"line":262,"column":25},"end":{"line":266,"column":null}},"39":{"start":{"line":268,"column":21},"end":{"line":268,"column":null}},"40":{"start":{"line":270,"column":8},"end":{"line":270,"column":null}},"41":{"start":{"line":272,"column":8},"end":{"line":272,"column":null}}},"fnMap":{"0":{"name":"(anonymous_0)","decl":{"start":{"line":81,"column":25},"end":{"line":81,"column":32}},"loc":{"start":{"line":81,"column":51},"end":{"line":114,"column":1}},"line":81},"1":{"name":"(anonymous_1)","decl":{"start":{"line":155,"column":22},"end":{"line":155,"column":29}},"loc":{"start":{"line":155,"column":48},"end":{"line":187,"column":1}},"line":155},"2":{"name":"(anonymous_2)","decl":{"start":{"line":212,"column":32},"end":{"line":212,"column":39}},"loc":{"start":{"line":212,"column":52},"end":{"line":225,"column":1}},"line":212},"3":{"name":"(anonymous_3)","decl":{"start":{"line":258,"column":37},"end":{"line":258,"column":44}},"loc":{"start":{"line":258,"column":63},"end":{"line":274,"column":1}},"line":258}},"branchMap":{"0":{"loc":{"start":{"line":87,"column":8},"end":{"line":89,"column":null}},"type":"if","locations":[{"start":{"line":87,"column":8},"end":{"line":89,"column":null}},{"start":{},"end":{}}],"line":87},"1":{"loc":{"start":{"line":163,"column":8},"end":{"line":165,"column":null}},"type":"if","locations":[{"start":{"line":163,"column":8},"end":{"line":165,"column":null}},{"start":{},"end":{}}],"line":163},"2":{"loc":{"start":{"line":169,"column":8},"end":{"line":171,"column":null}},"type":"if","locations":[{"start":{"line":169,"column":8},"end":{"line":171,"column":null}},{"start":{},"end":{}}],"line":169},"3":{"loc":{"start":{"line":220,"column":4},"end":{"line":222,"column":null}},"type":"if","locations":[{"start":{"line":220,"column":4},"end":{"line":222,"column":null}},{"start":{},"end":{}}],"line":220},"4":{"loc":{"start":{"line":266,"column":12},"end":{"line":266,"column":35}},"type":"binary-expr","locations":[{"start":{"line":266,"column":12},"end":{"line":266,"column":20}},{"start":{"line":266,"column":20},"end":{"line":266,"column":35}}],"line":266}},"s":{"0":2,"1":2,"2":2,"3":2,"4":0,"5":0,"6":0,"7":0,"8":0,"9":0,"10":0,"11":0,"12":0,"13":0,"14":0,"15":2,"16":0,"17":0,"18":0,"19":0,"20":0,"21":0,"22":0,"23":0,"24":0,"25":0,"26":0,"27":0,"28":0,"29":2,"30":0,"31":0,"32":0,"33":0,"34":0,"35":2,"36":0,"37":0,"38":0,"39":0,"40":0,"41":0},"f":{"0":0,"1":0,"2":0,"3":0},"b":{"0":[0,0],"1":[0,0],"2":[0,0],"3":[0,0],"4":[0,0]},"meta":{"lastBranch":5,"lastFunction":4,"lastStatement":42,"seen":{"s:7:15:7:Infinity":0,"s:10:23:15:Infinity":1,"s:17:20:20:Infinity":2,"s:81:0:114:Infinity":3,"f:81:25:81:32":0,"s:82:4:113:Infinity":4,"s:83:21:83:Infinity":5,"s:86:35:86:Infinity":6,"b:87:8:89:Infinity:undefined:undefined:undefined:undefined":0,"s:87:8:89:Infinity":7,"s:88:12:88:Infinity":8,"s:92:29:92:Infinity":9,"s:95:32:99:Infinity":10,"s:101:21:101:Infinity":11,"s:104:14:104:Infinity":12,"s:106:8:110:Infinity":13,"s:112:8:112:Infinity":14,"s:155:0:187:Infinity":15,"f:155:22:155:29":1,"s:156:4:186:Infinity":16,"s:157:21:157:Infinity":17,"s:160:32:160:Infinity":18,"s:161:21:161:Infinity":19,"b:163:8:165:Infinity:undefined:undefined:undefined:undefined":1,"s:163:8:165:Infinity":20,"s:164:12:164:Infinity":21,"s:168:22:168:Infinity":22,"b:169:8:171:Infinity:undefined:undefined:undefined:undefined":2,"s:169:8:171:Infinity":23,"s:170:12:170:Infinity":24,"s:174:14:174:Infinity":25,"s:177:8:177:Infinity":26,"s:179:8:183:Infinity":27,"s:185:8:185:Infinity":28,"s:212:0:225:Infinity":29,"f:212:32:212:39":2,"s:213:21:216:Infinity":30,"s:218:17:218:Infinity":31,"b:220:4:222:Infinity:undefined:undefined:undefined:undefined":3,"s:220:4:222:Infinity":32,"s:221:8:221:Infinity":33,"s:224:4:224:Infinity":34,"s:258:0:274:Infinity":35,"f:258:37:258:44":3,"s:259:4:273:Infinity":36,"s:260:33:260:Infinity":37,"s:262:25:266:Infinity":38,"b:266:12:266:20:266:20:266:35":4,"s:268:21:268:Infinity":39,"s:270:8:270:Infinity":40,"s:272:8:272:Infinity":41}}}
,"C:\\Users\\高杰\\house-maint-ai\\server\\routes\\community.ts": {"path":"C:\\Users\\高杰\\house-maint-ai\\server\\routes\\community.ts","statementMap":{"0":{"start":{"line":6,"column":15},"end":{"line":6,"column":null}},"1":{"start":{"line":9,"column":19},"end":{"line":13,"column":null}},"2":{"start":{"line":19,"column":0},"end":{"line":47,"column":null}},"3":{"start":{"line":20,"column":4},"end":{"line":46,"column":null}},"4":{"start":{"line":21,"column":43},"end":{"line":21,"column":null}},"5":{"start":{"line":23,"column":32},"end":{"line":29,"column":null}},"6":{"start":{"line":32,"column":31},"end":{"line":41,"column":null}},"7":{"start":{"line":33,"column":12},"end":{"line":40,"column":null}},"8":{"start":{"line":34,"column":16},"end":{"line":37,"column":null}},"9":{"start":{"line":39,"column":16},"end":{"line":39,"column":null}},"10":{"start":{"line":43,"column":8},"end":{"line":43,"column":null}},"11":{"start":{"line":45,"column":8},"end":{"line":45,"column":null}},"12":{"start":{"line":53,"column":0},"end":{"line":89,"column":null}},"13":{"start":{"line":54,"column":4},"end":{"line":88,"column":null}},"14":{"start":{"line":55,"column":21},"end":{"line":55,"column":null}},"15":{"start":{"line":57,"column":25},"end":{"line":66,"column":null}},"16":{"start":{"line":68,"column":24},"end":{"line":68,"column":null}},"17":{"start":{"line":70,"column":41},"end":{"line":75,"column":null}},"18":{"start":{"line":77,"column":21},"end":{"line":77,"column":null}},"19":{"start":{"line":79,"column":8},"end":{"line":85,"column":null}},"20":{"start":{"line":87,"column":8},"end":{"line":87,"column":null}},"21":{"start":{"line":95,"column":0},"end":{"line":111,"column":null}},"22":{"start":{"line":96,"column":4},"end":{"line":110,"column":null}},"23":{"start":{"line":99,"column":29},"end":{"line":101,"column":null}},"24":{"start":{"line":103,"column":8},"end":{"line":105,"column":null}},"25":{"start":{"line":104,"column":12},"end":{"line":104,"column":null}},"26":{"start":{"line":107,"column":8},"end":{"line":107,"column":null}},"27":{"start":{"line":109,"column":8},"end":{"line":109,"column":null}}},"fnMap":{"0":{"name":"(anonymous_0)","decl":{"start":{"line":19,"column":21},"end":{"line":19,"column":28}},"loc":{"start":{"line":19,"column":47},"end":{"line":47,"column":1}},"line":19},"1":{"name":"(anonymous_1)","decl":{"start":{"line":32,"column":41},"end":{"line":32,"column":49}},"loc":{"start":{"line":32,"column":49},"end":{"line":41,"column":9}},"line":32},"2":{"name":"(anonymous_2)","decl":{"start":{"line":53,"column":36},"end":{"line":53,"column":43}},"loc":{"start":{"line":53,"column":62},"end":{"line":89,"column":1}},"line":53},"3":{"name":"(anonymous_3)","decl":{"start":{"line":95,"column":45},"end":{"line":95,"column":52}},"loc":{"start":{"line":95,"column":71},"end":{"line":111,"column":1}},"line":95}},"branchMap":{"0":{"loc":{"start":{"line":21,"column":16},"end":{"line":21,"column":28}},"type":"default-arg","locations":[{"start":{"line":21,"column":24},"end":{"line":21,"column":28}}],"line":21},"1":{"loc":{"start":{"line":21,"column":28},"end":{"line":21,"column":39}},"type":"default-arg","locations":[{"start":{"line":21,"column":37},"end":{"line":21,"column":39}}],"line":21},"2":{"loc":{"start":{"line":36,"column":26},"end":{"line":36,"column":null}},"type":"cond-expr","locations":[{"start":{"line":36,"column":38},"end":{"line":36,"column":62}},{"start":{"line":36,"column":62},"end":{"line":36,"column":null}}],"line":36},"3":{"loc":{"start":{"line":65,"column":12},"end":{"line":65,"column":null}},"type":"cond-expr","locations":[{"start":{"line":65,"column":24},"end":{"line":65,"column":52}},{"start":{"line":65,"column":52},"end":{"line":65,"column":null}}],"line":65},"4":{"loc":{"start":{"line":83,"column":33},"end":{"line":83,"column":50}},"type":"binary-expr","locations":[{"start":{"line":83,"column":33},"end":{"line":83,"column":46}},{"start":{"line":83,"column":46},"end":{"line":83,"column":50}}],"line":83},"5":{"loc":{"start":{"line":103,"column":8},"end":{"line":105,"column":null}},"type":"if","locations":[{"start":{"line":103,"column":8},"end":{"line":105,"column":null}},{"start":{},"end":{}}],"line":103}},"s":{"0":2,"1":2,"2":2,"3":0,"4":0,"5":0,"6":0,"7":0,"8":0,"9":0,"10":0,"11":0,"12":2,"13":0,"14":0,"15":0,"16":0,"17":0,"18":0,"19":0,"20":0,"21":2,"22":0,"23":0,"24":0,"25":0,"26":0,"27":0},"f":{"0":0,"1":0,"2":0,"3":0},"b":{"0":[0],"1":[0],"2":[0,0],"3":[0,0],"4":[0,0],"5":[0,0]},"meta":{"lastBranch":6,"lastFunction":4,"lastStatement":28,"seen":{"s:6:15:6:Infinity":0,"s:9:19:13:Infinity":1,"s:19:0:47:Infinity":2,"f:19:21:19:28":0,"s:20:4:46:Infinity":3,"s:21:43:21:Infinity":4,"b:21:24:21:28":0,"b:21:37:21:39":1,"s:23:32:29:Infinity":5,"s:32:31:41:Infinity":6,"f:32:41:32:49":1,"s:33:12:40:Infinity":7,"s:34:16:37:Infinity":8,"b:36:38:36:62:36:62:36:Infinity":2,"s:39:16:39:Infinity":9,"s:43:8:43:Infinity":10,"s:45:8:45:Infinity":11,"s:53:0:89:Infinity":12,"f:53:36:53:43":2,"s:54:4:88:Infinity":13,"s:55:21:55:Infinity":14,"s:57:25:66:Infinity":15,"b:65:24:65:52:65:52:65:Infinity":3,"s:68:24:68:Infinity":16,"s:70:41:75:Infinity":17,"s:77:21:77:Infinity":18,"s:79:8:85:Infinity":19,"b:83:33:83:46:83:46:83:50":4,"s:87:8:87:Infinity":20,"s:95:0:111:Infinity":21,"f:95:45:95:52":3,"s:96:4:110:Infinity":22,"s:99:29:101:Infinity":23,"b:103:8:105:Infinity:undefined:undefined:undefined:undefined":5,"s:103:8:105:Infinity":24,"s:104:12:104:Infinity":25,"s:107:8:107:Infinity":26,"s:109:8:109:Infinity":27}}}
,"C:\\Users\\高杰\\house-maint-ai\\server\\routes\\reports.ts": {"path":"C:\\Users\\高杰\\house-maint-ai\\server\\routes\\reports.ts","statementMap":{"0":{"start":{"line":6,"column":15},"end":{"line":6,"column":null}},"1":{"start":{"line":9,"column":21},"end":{"line":18,"column":null}},"2":{"start":{"line":24,"column":0},"end":{"line":53,"column":null}},"3":{"start":{"line":25,"column":4},"end":{"line":52,"column":null}},"4":{"start":{"line":26,"column":21},"end":{"line":26,"column":null}},"5":{"start":{"line":28,"column":25},"end":{"line":42,"column":null}},"6":{"start":{"line":44,"column":23},"end":{"line":44,"column":null}},"7":{"start":{"line":46,"column":8},"end":{"line":49,"column":null}},"8":{"start":{"line":51,"column":8},"end":{"line":51,"column":null}},"9":{"start":{"line":59,"column":0},"end":{"line":82,"column":null}},"10":{"start":{"line":60,"column":4},"end":{"line":81,"column":null}},"11":{"start":{"line":61,"column":27},"end":{"line":61,"column":null}},"12":{"start":{"line":62,"column":22},"end":{"line":62,"column":null}},"13":{"start":{"line":63,"column":23},"end":{"line":63,"column":null}},"14":{"start":{"line":65,"column":20},"end":{"line":65,"column":null}},"15":{"start":{"line":66,"column":23},"end":{"line":66,"column":null}},"16":{"start":{"line":68,"column":8},"end":{"line":71,"column":null}},"17":{"start":{"line":69,"column":12},"end":{"line":69,"column":null}},"18":{"start":{"line":70,"column":12},"end":{"line":70,"column":null}},"19":{"start":{"line":73,"column":8},"end":{"line":73,"column":null}},"20":{"start":{"line":74,"column":8},"end":{"line":74,"column":null}},"21":{"start":{"line":76,"column":34},"end":{"line":76,"column":null}},"22":{"start":{"line":78,"column":8},"end":{"line":78,"column":null}},"23":{"start":{"line":80,"column":8},"end":{"line":80,"column":null}},"24":{"start":{"line":88,"column":0},"end":{"line":119,"column":null}},"25":{"start":{"line":89,"column":4},"end":{"line":118,"column":null}},"26":{"start":{"line":90,"column":25},"end":{"line":98,"column":null}},"27":{"start":{"line":100,"column":23},"end":{"line":100,"column":null}},"28":{"start":{"line":102,"column":8},"end":{"line":104,"column":null}},"29":{"start":{"line":103,"column":12},"end":{"line":103,"column":null}},"30":{"start":{"line":107,"column":8},"end":{"line":113,"column":null}},"31":{"start":{"line":108,"column":12},"end":{"line":112,"column":null}},"32":{"start":{"line":109,"column":16},"end":{"line":109,"column":null}},"33":{"start":{"line":115,"column":8},"end":{"line":115,"column":null}},"34":{"start":{"line":117,"column":8},"end":{"line":117,"column":null}},"35":{"start":{"line":125,"column":0},"end":{"line":153,"column":null}},"36":{"start":{"line":126,"column":4},"end":{"line":152,"column":null}},"37":{"start":{"line":127,"column":46},"end":{"line":127,"column":null}},"38":{"start":{"line":130,"column":35},"end":{"line":130,"column":null}},"39":{"start":{"line":131,"column":8},"end":{"line":133,"column":null}},"40":{"start":{"line":132,"column":12},"end":{"line":132,"column":null}},"41":{"start":{"line":135,"column":27},"end":{"line":135,"column":null}},"42":{"start":{"line":136,"column":8},"end":{"line":138,"column":null}},"43":{"start":{"line":137,"column":12},"end":{"line":137,"column":null}},"44":{"start":{"line":140,"column":34},"end":{"line":147,"column":null}},"45":{"start":{"line":149,"column":8},"end":{"line":149,"column":null}},"46":{"start":{"line":151,"column":8},"end":{"line":151,"column":null}},"47":{"start":{"line":159,"column":0},"end":{"line":178,"column":null}},"48":{"start":{"line":160,"column":4},"end":{"line":177,"column":null}},"49":{"start":{"line":161,"column":35},"end":{"line":161,"column":null}},"50":{"start":{"line":163,"column":8},"end":{"line":165,"column":null}},"51":{"start":{"line":164,"column":12},"end":{"line":164,"column":null}},"52":{"start":{"line":167,"column":23},"end":{"line":167,"column":null}},"53":{"start":{"line":168,"column":8},"end":{"line":170,"column":null}},"54":{"start":{"line":169,"column":12},"end":{"line":169,"column":null}},"55":{"start":{"line":172,"column":8},"end":{"line":172,"column":null}},"56":{"start":{"line":174,"column":8},"end":{"line":174,"column":null}},"57":{"start":{"line":176,"column":8},"end":{"line":176,"column":null}}},"fnMap":{"0":{"name":"(anonymous_0)","decl":{"start":{"line":24,"column":31},"end":{"line":24,"column":38}},"loc":{"start":{"line":24,"column":57},"end":{"line":53,"column":1}},"line":24},"1":{"name":"(anonymous_1)","decl":{"start":{"line":59,"column":30},"end":{"line":59,"column":37}},"loc":{"start":{"line":59,"column":56},"end":{"line":82,"column":1}},"line":59},"2":{"name":"(anonymous_2)","decl":{"start":{"line":88,"column":33},"end":{"line":88,"column":40}},"loc":{"start":{"line":88,"column":59},"end":{"line":119,"column":1}},"line":88},"3":{"name":"(anonymous_3)","decl":{"start":{"line":125,"column":33},"end":{"line":125,"column":40}},"loc":{"start":{"line":125,"column":59},"end":{"line":153,"column":1}},"line":125},"4":{"name":"(anonymous_4)","decl":{"start":{"line":159,"column":36},"end":{"line":159,"column":43}},"loc":{"start":{"line":159,"column":62},"end":{"line":178,"column":1}},"line":159}},"branchMap":{"0":{"loc":{"start":{"line":36,"column":12},"end":{"line":36,"column":null}},"type":"binary-expr","locations":[{"start":{"line":36,"column":12},"end":{"line":36,"column":29}},{"start":{"line":36,"column":29},"end":{"line":36,"column":null}}],"line":36},"1":{"loc":{"start":{"line":37,"column":12},"end":{"line":37,"column":null}},"type":"binary-expr","locations":[{"start":{"line":37,"column":12},"end":{"line":37,"column":30}},{"start":{"line":37,"column":30},"end":{"line":37,"column":null}}],"line":37},"2":{"loc":{"start":{"line":38,"column":12},"end":{"line":38,"column":null}},"type":"binary-expr","locations":[{"start":{"line":38,"column":12},"end":{"line":38,"column":30}},{"start":{"line":38,"column":30},"end":{"line":38,"column":null}}],"line":38},"3":{"loc":{"start":{"line":39,"column":12},"end":{"line":39,"column":null}},"type":"cond-expr","locations":[{"start":{"line":39,"column":30},"end":{"line":39,"column":64}},{"start":{"line":39,"column":64},"end":{"line":39,"column":null}}],"line":39},"4":{"loc":{"start":{"line":40,"column":12},"end":{"line":40,"column":null}},"type":"binary-expr","locations":[{"start":{"line":40,"column":12},"end":{"line":40,"column":29}},{"start":{"line":40,"column":29},"end":{"line":40,"column":null}}],"line":40},"5":{"loc":{"start":{"line":41,"column":12},"end":{"line":41,"column":null}},"type":"binary-expr","locations":[{"start":{"line":41,"column":12},"end":{"line":41,"column":30}},{"start":{"line":41,"column":30},"end":{"line":41,"column":null}}],"line":41},"6":{"loc":{"start":{"line":62,"column":38},"end":{"line":62,"column":61}},"type":"binary-expr","locations":[{"start":{"line":62,"column":38},"end":{"line":62,"column":57}},{"start":{"line":62,"column":57},"end":{"line":62,"column":61}}],"line":62},"7":{"loc":{"start":{"line":63,"column":39},"end":{"line":63,"column":62}},"type":"binary-expr","locations":[{"start":{"line":63,"column":39},"end":{"line":63,"column":59}},{"start":{"line":63,"column":59},"end":{"line":63,"column":62}}],"line":63},"8":{"loc":{"start":{"line":68,"column":8},"end":{"line":71,"column":null}},"type":"if","locations":[{"start":{"line":68,"column":8},"end":{"line":71,"column":null}},{"start":{},"end":{}}],"line":68},"9":{"loc":{"start":{"line":102,"column":8},"end":{"line":104,"column":null}},"type":"if","locations":[{"start":{"line":102,"column":8},"end":{"line":104,"column":null}},{"start":{},"end":{}}],"line":102},"10":{"loc":{"start":{"line":107,"column":8},"end":{"line":113,"column":null}},"type":"if","locations":[{"start":{"line":107,"column":8},"end":{"line":113,"column":null}},{"start":{},"end":{}}],"line":107},"11":{"loc":{"start":{"line":131,"column":8},"end":{"line":133,"column":null}},"type":"if","locations":[{"start":{"line":131,"column":8},"end":{"line":133,"column":null}},{"start":{},"end":{}}],"line":131},"12":{"loc":{"start":{"line":136,"column":8},"end":{"line":138,"column":null}},"type":"if","locations":[{"start":{"line":136,"column":8},"end":{"line":138,"column":null}},{"start":{},"end":{}}],"line":136},"13":{"loc":{"start":{"line":136,"column":12},"end":{"line":136,"column":77}},"type":"binary-expr","locations":[{"start":{"line":136,"column":12},"end":{"line":136,"column":50}},{"start":{"line":136,"column":50},"end":{"line":136,"column":77}}],"line":136},"14":{"loc":{"start":{"line":163,"column":8},"end":{"line":165,"column":null}},"type":"if","locations":[{"start":{"line":163,"column":8},"end":{"line":165,"column":null}},{"start":{},"end":{}}],"line":163},"15":{"loc":{"start":{"line":168,"column":8},"end":{"line":170,"column":null}},"type":"if","locations":[{"start":{"line":168,"column":8},"end":{"line":170,"column":null}},{"start":{},"end":{}}],"line":168},"16":{"loc":{"start":{"line":168,"column":12},"end":{"line":168,"column":73}},"type":"binary-expr","locations":[{"start":{"line":168,"column":12},"end":{"line":168,"column":46}},{"start":{"line":168,"column":46},"end":{"line":168,"column":73}}],"line":168}},"s":{"0":2,"1":2,"2":2,"3":0,"4":0,"5":0,"6":0,"7":0,"8":0,"9":2,"10":0,"11":0,"12":0,"13":0,"14":0,"15":0,"16":0,"17":0,"18":0,"19":0,"20":0,"21":0,"22":0,"23":0,"24":2,"25":0,"26":0,"27":0,"28":0,"29":0,"30":0,"31":0,"32":0,"33":0,"34":0,"35":2,"36":0,"37":0,"38":0,"39":0,"40":0,"41":0,"42":0,"43":0,"44":0,"45":0,"46":0,"47":2,"48":0,"49":0,"50":0,"51":0,"52":0,"53":0,"54":0,"55":0,"56":0,"57":0},"f":{"0":0,"1":0,"2":0,"3":0,"4":0},"b":{"0":[0,0],"1":[0,0],"2":[0,0],"3":[0,0],"4":[0,0],"5":[0,0],"6":[0,0],"7":[0,0],"8":[0,0],"9":[0,0],"10":[0,0],"11":[0,0],"12":[0,0],"13":[0,0],"14":[0,0],"15":[0,0],"16":[0,0]},"meta":{"lastBranch":17,"lastFunction":5,"lastStatement":58,"seen":{"s:6:15:6:Infinity":0,"s:9:21:18:Infinity":1,"s:24:0:53:Infinity":2,"f:24:31:24:38":0,"s:25:4:52:Infinity":3,"s:26:21:26:Infinity":4,"s:28:25:42:Infinity":5,"b:36:12:36:29:36:29:36:Infinity":0,"b:37:12:37:30:37:30:37:Infinity":1,"b:38:12:38:30:38:30:38:Infinity":2,"b:39:30:39:64:39:64:39:Infinity":3,"b:40:12:40:29:40:29:40:Infinity":4,"b:41:12:41:30:41:30:41:Infinity":5,"s:44:23:44:Infinity":6,"s:46:8:49:Infinity":7,"s:51:8:51:Infinity":8,"s:59:0:82:Infinity":9,"f:59:30:59:37":1,"s:60:4:81:Infinity":10,"s:61:27:61:Infinity":11,"s:62:22:62:Infinity":12,"b:62:38:62:57:62:57:62:61":6,"s:63:23:63:Infinity":13,"b:63:39:63:59:63:59:63:62":7,"s:65:20:65:Infinity":14,"s:66:23:66:Infinity":15,"b:68:8:71:Infinity:undefined:undefined:undefined:undefined":8,"s:68:8:71:Infinity":16,"s:69:12:69:Infinity":17,"s:70:12:70:Infinity":18,"s:73:8:73:Infinity":19,"s:74:8:74:Infinity":20,"s:76:34:76:Infinity":21,"s:78:8:78:Infinity":22,"s:80:8:80:Infinity":23,"s:88:0:119:Infinity":24,"f:88:33:88:40":2,"s:89:4:118:Infinity":25,"s:90:25:98:Infinity":26,"s:100:23:100:Infinity":27,"b:102:8:104:Infinity:undefined:undefined:undefined:undefined":9,"s:102:8:104:Infinity":28,"s:103:12:103:Infinity":29,"b:107:8:113:Infinity:undefined:undefined:undefined:undefined":10,"s:107:8:113:Infinity":30,"s:108:12:112:Infinity":31,"s:109:16:109:Infinity":32,"s:115:8:115:Infinity":33,"s:117:8:117:Infinity":34,"s:125:0:153:Infinity":35,"f:125:33:125:40":3,"s:126:4:152:Infinity":36,"s:127:46:127:Infinity":37,"s:130:35:130:Infinity":38,"b:131:8:133:Infinity:undefined:undefined:undefined:undefined":11,"s:131:8:133:Infinity":39,"s:132:12:132:Infinity":40,"s:135:27:135:Infinity":41,"b:136:8:138:Infinity:undefined:undefined:undefined:undefined":12,"s:136:8:138:Infinity":42,"b:136:12:136:50:136:50:136:77":13,"s:137:12:137:Infinity":43,"s:140:34:147:Infinity":44,"s:149:8:149:Infinity":45,"s:151:8:151:Infinity":46,"s:159:0:178:Infinity":47,"f:159:36:159:43":4,"s:160:4:177:Infinity":48,"s:161:35:161:Infinity":49,"b:163:8:165:Infinity:undefined:undefined:undefined:undefined":14,"s:163:8:165:Infinity":50,"s:164:12:164:Infinity":51,"s:167:23:167:Infinity":52,"b:168:8:170:Infinity:undefined:undefined:undefined:undefined":15,"s:168:8:170:Infinity":53,"b:168:12:168:46:168:46:168:73":16,"s:169:12:169:Infinity":54,"s:172:8:172:Infinity":55,"s:174:8:174:Infinity":56,"s:176:8:176:Infinity":57}}}
,"C:\\Users\\高杰\\house-maint-ai\\server\\routes\\uploads.ts": {"path":"C:\\Users\\高杰\\house-maint-ai\\server\\routes\\uploads.ts","statementMap":{"0":{"start":{"line":3,"column":24},"end":{"line":3,"column":null}},"1":{"start":{"line":8,"column":15},"end":{"line":8,"column":null}},"2":{"start":{"line":11,"column":11},"end":{"line":20,"column":null}},"3":{"start":{"line":23,"column":6},"end":{"line":41,"column":null}},"4":{"start":{"line":28,"column":8},"end":{"line":28,"column":null}},"5":{"start":{"line":31,"column":29},"end":{"line":31,"column":null}},"6":{"start":{"line":32,"column":20},"end":{"line":32,"column":null}},"7":{"start":{"line":34,"column":21},"end":{"line":34,"column":null}},"8":{"start":{"line":35,"column":8},"end":{"line":37,"column":null}},"9":{"start":{"line":35,"column":40},"end":{"line":35,"column":null}},"10":{"start":{"line":35,"column":49},"end":{"line":37,"column":null}},"11":{"start":{"line":36,"column":45},"end":{"line":36,"column":null}},"12":{"start":{"line":36,"column":54},"end":{"line":37,"column":null}},"13":{"start":{"line":37,"column":45},"end":{"line":37,"column":null}},"14":{"start":{"line":39,"column":8},"end":{"line":39,"column":null}},"15":{"start":{"line":44,"column":19},"end":{"line":57,"column":null}},"16":{"start":{"line":45,"column":51},"end":{"line":49,"column":null}},"17":{"start":{"line":51,"column":20},"end":{"line":51,"column":null}},"18":{"start":{"line":52,"column":4},"end":{"line":56,"column":null}},"19":{"start":{"line":53,"column":8},"end":{"line":53,"column":null}},"20":{"start":{"line":55,"column":8},"end":{"line":55,"column":null}},"21":{"start":{"line":59,"column":6},"end":{"line":65,"column":null}},"22":{"start":{"line":76,"column":0},"end":{"line":89,"column":null}},"23":{"start":{"line":77,"column":4},"end":{"line":79,"column":null}},"24":{"start":{"line":78,"column":8},"end":{"line":78,"column":null}},"25":{"start":{"line":81,"column":17},"end":{"line":81,"column":null}},"26":{"start":{"line":83,"column":4},"end":{"line":88,"column":null}},"27":{"start":{"line":95,"column":0},"end":{"line":108,"column":null}},"28":{"start":{"line":96,"column":4},"end":{"line":98,"column":null}},"29":{"start":{"line":97,"column":8},"end":{"line":97,"column":null}},"30":{"start":{"line":100,"column":17},"end":{"line":100,"column":null}},"31":{"start":{"line":102,"column":4},"end":{"line":107,"column":null}},"32":{"start":{"line":114,"column":0},"end":{"line":127,"column":null}},"33":{"start":{"line":115,"column":4},"end":{"line":117,"column":null}},"34":{"start":{"line":116,"column":8},"end":{"line":116,"column":null}},"35":{"start":{"line":119,"column":17},"end":{"line":119,"column":null}},"36":{"start":{"line":121,"column":4},"end":{"line":126,"column":null}},"37":{"start":{"line":133,"column":0},"end":{"line":146,"column":null}},"38":{"start":{"line":134,"column":4},"end":{"line":136,"column":null}},"39":{"start":{"line":135,"column":8},"end":{"line":135,"column":null}},"40":{"start":{"line":138,"column":18},"end":{"line":138,"column":null}},"41":{"start":{"line":139,"column":17},"end":{"line":139,"column":null}},"42":{"start":{"line":139,"column":35},"end":{"line":139,"column":48}},"43":{"start":{"line":141,"column":4},"end":{"line":145,"column":null}}},"fnMap":{"0":{"name":"(anonymous_0)","decl":{"start":{"line":27,"column":4},"end":{"line":27,"column":14}},"loc":{"start":{"line":27,"column":39},"end":{"line":29,"column":null}},"line":27},"1":{"name":"(anonymous_1)","decl":{"start":{"line":30,"column":4},"end":{"line":30,"column":9}},"loc":{"start":{"line":30,"column":34},"end":{"line":40,"column":null}},"line":30},"2":{"name":"(anonymous_2)","decl":{"start":{"line":44,"column":19},"end":{"line":44,"column":20}},"loc":{"start":{"line":44,"column":91},"end":{"line":57,"column":null}},"line":44},"3":{"name":"(anonymous_3)","decl":{"start":{"line":76,"column":60},"end":{"line":76,"column":61}},"loc":{"start":{"line":76,"column":74},"end":{"line":89,"column":1}},"line":76},"4":{"name":"(anonymous_4)","decl":{"start":{"line":95,"column":60},"end":{"line":95,"column":61}},"loc":{"start":{"line":95,"column":74},"end":{"line":108,"column":1}},"line":95},"5":{"name":"(anonymous_5)","decl":{"start":{"line":114,"column":60},"end":{"line":114,"column":61}},"loc":{"start":{"line":114,"column":74},"end":{"line":127,"column":1}},"line":114},"6":{"name":"(anonymous_6)","decl":{"start":{"line":133,"column":63},"end":{"line":133,"column":64}},"loc":{"start":{"line":133,"column":77},"end":{"line":146,"column":1}},"line":133},"7":{"name":"(anonymous_7)","decl":{"start":{"line":139,"column":27},"end":{"line":139,"column":35}},"loc":{"start":{"line":139,"column":35},"end":{"line":139,"column":48}},"line":139}},"branchMap":{"0":{"loc":{"start":{"line":14,"column":21},"end":{"line":14,"column":null}},"type":"binary-expr","locations":[{"start":{"line":14,"column":21},"end":{"line":14,"column":54}},{"start":{"line":14,"column":54},"end":{"line":14,"column":null}}],"line":14},"1":{"loc":{"start":{"line":15,"column":25},"end":{"line":15,"column":null}},"type":"binary-expr","locations":[{"start":{"line":15,"column":25},"end":{"line":15,"column":62}},{"start":{"line":15,"column":62},"end":{"line":15,"column":null}}],"line":15},"2":{"loc":{"start":{"line":25,"column":12},"end":{"line":25,"column":null}},"type":"binary-expr","locations":[{"start":{"line":25,"column":12},"end":{"line":25,"column":43}},{"start":{"line":25,"column":43},"end":{"line":25,"column":null}}],"line":25},"3":{"loc":{"start":{"line":35,"column":8},"end":{"line":37,"column":null}},"type":"if","locations":[{"start":{"line":35,"column":8},"end":{"line":37,"column":null}},{"start":{"line":35,"column":49},"end":{"line":37,"column":null}}],"line":35},"4":{"loc":{"start":{"line":35,"column":49},"end":{"line":37,"column":null}},"type":"if","locations":[{"start":{"line":35,"column":49},"end":{"line":37,"column":null}},{"start":{"line":36,"column":54},"end":{"line":37,"column":null}}],"line":35},"5":{"loc":{"start":{"line":36,"column":54},"end":{"line":37,"column":null}},"type":"if","locations":[{"start":{"line":36,"column":54},"end":{"line":37,"column":null}},{"start":{},"end":{}}],"line":36},"6":{"loc":{"start":{"line":51,"column":20},"end":{"line":51,"column":null}},"type":"binary-expr","locations":[{"start":{"line":51,"column":20},"end":{"line":51,"column":52}},{"start":{"line":51,"column":52},"end":{"line":51,"column":null}}],"line":51},"7":{"loc":{"start":{"line":52,"column":4},"end":{"line":56,"column":null}},"type":"if","locations":[{"start":{"line":52,"column":4},"end":{"line":56,"column":null}},{"start":{"line":54,"column":11},"end":{"line":56,"column":null}}],"line":52},"8":{"loc":{"start":{"line":77,"column":4},"end":{"line":79,"column":null}},"type":"if","locations":[{"start":{"line":77,"column":4},"end":{"line":79,"column":null}},{"start":{},"end":{}}],"line":77},"9":{"loc":{"start":{"line":96,"column":4},"end":{"line":98,"column":null}},"type":"if","locations":[{"start":{"line":96,"column":4},"end":{"line":98,"column":null}},{"start":{},"end":{}}],"line":96},"10":{"loc":{"start":{"line":115,"column":4},"end":{"line":117,"column":null}},"type":"if","locations":[{"start":{"line":115,"column":4},"end":{"line":117,"column":null}},{"start":{},"end":{}}],"line":115},"11":{"loc":{"start":{"line":134,"column":4},"end":{"line":136,"column":null}},"type":"if","locations":[{"start":{"line":134,"column":4},"end":{"line":136,"column":null}},{"start":{},"end":{}}],"line":134},"12":{"loc":{"start":{"line":134,"column":8},"end":{"line":134,"column":46}},"type":"binary-expr","locations":[{"start":{"line":134,"column":8},"end":{"line":134,"column":22}},{"start":{"line":134,"column":22},"end":{"line":134,"column":46}}],"line":134}},"s":{"0":2,"1":2,"2":2,"3":2,"4":0,"5":0,"6":0,"7":0,"8":0,"9":0,"10":0,"11":0,"12":0,"13":0,"14":0,"15":2,"16":0,"17":0,"18":0,"19":0,"20":0,"21":2,"22":2,"23":0,"24":0,"25":0,"26":0,"27":2,"28":0,"29":0,"30":0,"31":0,"32":2,"33":0,"34":0,"35":0,"36":0,"37":2,"38":0,"39":0,"40":0,"41":0,"42":0,"43":0},"f":{"0":2,"1":2,"2":0,"3":0,"4":0,"5":0,"6":0,"7":0},"b":{"0":[2,2],"1":[2,2],"2":[2,2],"3":[0,0],"4":[0,0],"5":[0,0],"6":[0,0],"7":[0,0],"8":[0,0],"9":[0,0],"10":[0,0],"11":[0,0],"12":[0,0]},"meta":{"lastBranch":13,"lastFunction":8,"lastStatement":44,"seen":{"s:3:24:3:Infinity":0,"s:8:15:8:Infinity":1,"s:11:11:20:Infinity":2,"b:14:21:14:54:14:54:14:Infinity":0,"b:15:25:15:62:15:62:15:Infinity":1,"s:23:6:41:Infinity":3,"b:25:12:25:43:25:43:25:Infinity":2,"f:27:4:27:14":0,"s:28:8:28:Infinity":4,"f:30:4:30:9":1,"s:31:29:31:Infinity":5,"s:32:20:32:Infinity":6,"s:34:21:34:Infinity":7,"b:35:8:37:Infinity:35:49:37:Infinity":3,"s:35:8:37:Infinity":8,"s:35:40:35:Infinity":9,"b:35:49:37:Infinity:36:54:37:Infinity":4,"s:35:49:37:Infinity":10,"s:36:45:36:Infinity":11,"b:36:54:37:Infinity:undefined:undefined:undefined:undefined":5,"s:36:54:37:Infinity":12,"s:37:45:37:Infinity":13,"s:39:8:39:Infinity":14,"s:44:19:57:Infinity":15,"f:44:19:44:20":2,"s:45:51:49:Infinity":16,"s:51:20:51:Infinity":17,"b:51:20:51:52:51:52:51:Infinity":6,"b:52:4:56:Infinity:54:11:56:Infinity":7,"s:52:4:56:Infinity":18,"s:53:8:53:Infinity":19,"s:55:8:55:Infinity":20,"s:59:6:65:Infinity":21,"s:76:0:89:Infinity":22,"f:76:60:76:61":3,"b:77:4:79:Infinity:undefined:undefined:undefined:undefined":8,"s:77:4:79:Infinity":23,"s:78:8:78:Infinity":24,"s:81:17:81:Infinity":25,"s:83:4:88:Infinity":26,"s:95:0:108:Infinity":27,"f:95:60:95:61":4,"b:96:4:98:Infinity:undefined:undefined:undefined:undefined":9,"s:96:4:98:Infinity":28,"s:97:8:97:Infinity":29,"s:100:17:100:Infinity":30,"s:102:4:107:Infinity":31,"s:114:0:127:Infinity":32,"f:114:60:114:61":5,"b:115:4:117:Infinity:undefined:undefined:undefined:undefined":10,"s:115:4:117:Infinity":33,"s:116:8:116:Infinity":34,"s:119:17:119:Infinity":35,"s:121:4:126:Infinity":36,"s:133:0:146:Infinity":37,"f:133:63:133:64":6,"b:134:4:136:Infinity:undefined:undefined:undefined:undefined":11,"s:134:4:136:Infinity":38,"b:134:8:134:22:134:22:134:46":12,"s:135:8:135:Infinity":39,"s:138:18:138:Infinity":40,"s:139:17:139:Infinity":41,"f:139:27:139:35":7,"s:139:35:139:48":42,"s:141:4:145:Infinity":43}}}
[...]
t":{"line":22,"column":4},"end":{"line":22,"column":null}},"type":"default-arg","locations":[{"start":{"line":22,"column":18},"end":{"line":22,"column":null}}],"line":22},"1":{"loc":{"start":{"line":35,"column":12},"end":{"line":37,"column":null}},"type":"if","locations":[{"start":{"line":35,"column":12},"end":{"line":37,"column":null}},{"start":{},"end":{}}],"line":35},"2":{"loc":{"start":{"line":49,"column":16},"end":{"line":52,"column":null}},"type":"if","locations":[{"start":{"line":49,"column":16},"end":{"line":52,"column":null}},{"start":{},"end":{}}],"line":49},"3":{"loc":{"start":{"line":62,"column":8},"end":{"line":65,"column":null}},"type":"if","locations":[{"start":{"line":62,"column":8},"end":{"line":65,"column":null}},{"start":{},"end":{}}],"line":62},"4":{"loc":{"start":{"line":81,"column":29},"end":{"line":81,"column":null}},"type":"cond-expr","locations":[{"start":{"line":81,"column":43},"end":{"line":81,"column":59}},{"start":{"line":81,"column":59},"end":{"line":81,"column":null}}],"line":81},"5":{"loc":{"start":{"line":87,"column":14},"end":{"line":89,"column":null}},"type":"cond-expr","locations":[{"start":{"line":88,"column":30},"end":{"line":88,"column":null}},{"start":{"line":89,"column":30},"end":{"line":89,"column":null}}],"line":87},"6":{"loc":{"start":{"line":93,"column":32},"end":{"line":93,"column":null}},"type":"cond-expr","locations":[{"start":{"line":93,"column":46},"end":{"line":93,"column":55}},{"start":{"line":93,"column":55},"end":{"line":93,"column":null}}],"line":93},"7":{"loc":{"start":{"line":96,"column":25},"end":{"line":96,"column":null}},"type":"cond-expr","locations":[{"start":{"line":96,"column":39},"end":{"line":96,"column":48}},{"start":{"line":96,"column":48},"end":{"line":96,"column":null}}],"line":96},"8":{"loc":{"start":{"line":101,"column":17},"end":{"line":128,"column":null}},"type":"binary-expr","locations":[{"start":{"line":101,"column":17},"end":{"line":101,"column":null}},{"start":{"line":102,"column":20},"end":{"line":128,"column":null}}],"line":101},"9":{"loc":{"start":{"line":133,"column":13},"end":{"line":139,"column":null}},"type":"binary-expr","locations":[{"start":{"line":133,"column":13},"end":{"line":133,"column":null}},{"start":{"line":134,"column":16},"end":{"line":139,"column":null}}],"line":133},"10":{"loc":{"start":{"line":144,"column":17},"end":{"line":144,"column":null}},"type":"cond-expr","locations":[{"start":{"line":144,"column":31},"end":{"line":144,"column":42}},{"start":{"line":144,"column":42},"end":{"line":144,"column":null}}],"line":144}},"s":{"0":27,"1":27,"2":27,"3":27,"4":27,"5":27,"6":11,"7":11,"8":6,"9":27,"10":9,"11":9,"12":9,"13":9,"14":9,"15":15,"16":15,"17":1,"18":1,"19":14,"20":27,"21":3,"22":3,"23":3,"24":3,"25":3,"26":3,"27":3,"28":27,"29":1},"f":{"0":27,"1":11,"2":11,"3":9,"4":15,"5":15,"6":3},"b":{"0":[27],"1":[6,5],"2":[1,14],"3":[3,0],"4":[13,14],"5":[13,14],"6":[13,14],"7":[13,14],"8":[27,13],"9":[27,13],"10":[13,14]},"meta":{"lastBranch":11,"lastFunction":7,"lastStatement":30,"seen":{"f:19:24:19:42":0,"b:22:18:22:Infinity":0,"s:24:38:24:Infinity":0,"s:25:32:25:Infinity":1,"s:26:10:26:Infinity":2,"s:29:26:29:Infinity":3,"s:30:22:30:Infinity":4,"s:33:4:39:Infinity":5,"f:33:14:33:20":1,"s:34:8:38:Infinity":6,"f:34:15:34:21":2,"b:35:12:37:Infinity:undefined:undefined:undefined:undefined":1,"s:35:12:37:Infinity":7,"s:36:16:36:Infinity":8,"s:41:27:56:Infinity":9,"f:41:27:41:33":3,"s:42:8:42:Infinity":10,"s:43:8:43:Infinity":11,"s:44:8:44:Infinity":12,"s:45:8:45:Infinity":13,"s:47:8:55:Infinity":14,"f:47:39:47:45":4,"s:48:12:54:Infinity":15,"f:48:24:48:29":5,"b:49:16:52:Infinity:undefined:undefined:undefined:undefined":2,"s:49:16:52:Infinity":16,"s:50:20:50:Infinity":17,"s:51:20:51:Infinity":18,"s:53:16:53:Infinity":19,"s:58:26:74:Infinity":20,"f:58:26:58:32":6,"s:59:8:59:Infinity":21,"s:60:8:60:Infinity":22,"b:62:8:65:Infinity:undefined:undefined:undefined:undefined":3,"s:62:8:65:Infinity":23,"s:63:12:63:Infinity":24,"s:64:12:64:Infinity":25,"s:67:8:72:Infinity":26,"s:73:8:73:Infinity":27,"s:76:4:146:Infinity":28,"b:81:43:81:59:81:59:81:Infinity":4,"b:88:30:88:Infinity:89:30:89:Infinity":5,"b:93:46:93:55:93:55:93:Infinity":6,"b:96:39:96:48:96:48:96:Infinity":7,"b:101:17:101:Infinity:102:20:128:Infinity":8,"b:133:13:133:Infinity:134:16:139:Infinity":9,"b:144:31:144:42:144:42:144:Infinity":10,"s:150:0:157:Infinity":29}}}
,"C:\\Users\\高杰\\house-maint-ai\\src\\components\\VoiceRecordButton.tsx": {"path":"C:\\Users\\高杰\\house-maint-ai\\src\\components\\VoiceRecordButton.tsx","statementMap":{"0":{"start":{"line":23,"column":38},"end":{"line":23,"column":null}},"1":{"start":{"line":24,"column":32},"end":{"line":24,"column":null}},"2":{"start":{"line":25,"column":10},"end":{"line":25,"column":null}},"3":{"start":{"line":28,"column":4},"end":{"line":34,"column":null}},"4":{"start":{"line":29,"column":8},"end":{"line":33,"column":null}},"5":{"start":{"line":30,"column":12},"end":{"line":32,"column":null}},"6":{"start":{"line":31,"column":16},"end":{"line":31,"column":null}},"7":{"start":{"line":36,"column":27},"end":{"line":52,"column":null}},"8":{"start":{"line":37,"column":8},"end":{"line":37,"column":null}},"9":{"start":{"line":38,"column":8},"end":{"line":38,"column":null}},"10":{"start":{"line":39,"column":8},"end":{"line":39,"column":null}},"11":{"start":{"line":40,"column":8},"end":{"line":40,"column":null}},"12":{"start":{"line":43,"column":8},"end":{"line":51,"column":null}},"13":{"start":{"line":44,"column":12},"end":{"line":50,"column":null}},"14":{"start":{"line":45,"column":16},"end":{"line":48,"column":null}},"15":{"start":{"line":46,"column":20},"end":{"line":46,"column":null}},"16":{"start":{"line":47,"column":20},"end":{"line":47,"column":null}},"17":{"start":{"line":49,"column":16},"end":{"line":49,"column":null}},"18":{"start":{"line":54,"column":26},"end":{"line":68,"column":null}},"19":{"start":{"line":55,"column":8},"end":{"line":55,"column":null}},"20":{"start":{"line":56,"column":8},"end":{"line":56,"column":null}},"21":{"start":{"line":58,"column":8},"end":{"line":61,"column":null}},"22":{"start":{"line":59,"column":12},"end":{"line":59,"column":null}},"23":{"start":{"line":60,"column":12},"end":{"line":60,"column":null}},"24":{"start":{"line":63,"column":8},"end":{"line":66,"column":null}},"25":{"start":{"line":67,"column":8},"end":{"line":67,"column":null}},"26":{"start":{"line":70,"column":23},"end":{"line":74,"column":null}},"27":{"start":{"line":71,"column":21},"end":{"line":71,"column":null}},"28":{"start":{"line":72,"column":21},"end":{"line":72,"column":null}},"29":{"start":{"line":73,"column":8},"end":{"line":73,"column":null}},"30":{"start":{"line":76,"column":4},"end":{"line":118,"column":null}},"31":{"start":{"line":122,"column":0},"end":{"line":129,"column":null}}},"fnMap":{"0":{"name":"VoiceRecordButton","decl":{"start":{"line":18,"column":24},"end":{"line":18,"column":42}},"loc":{"start":{"line":22,"column":27},"end":{"line":120,"column":null}},"line":22},"1":{"name":"(anonymous_1)","decl":{"start":{"line":28,"column":14},"end":{"line":28,"column":20}},"loc":{"start":{"line":28,"column":20},"end":{"line":34,"column":7}},"line":28},"2":{"name":"(anonymous_2)","decl":{"start":{"line":29,"column":15},"end":{"line":29,"column":21}},"loc":{"start":{"line":29,"column":21},"end":{"line":33,"column":null}},"line":29},"3":{"name":"(anonymous_3)","decl":{"start":{"line":36,"column":27},"end":{"line":36,"column":33}},"loc":{"start":{"line":36,"column":33},"end":{"line":52,"column":null}},"line":36},"4":{"name":"(anonymous_4)","decl":{"start":{"line":43,"column":39},"end":{"line":43,"column":45}},"loc":{"start":{"line":43,"column":45},"end":{"line":51,"column":11}},"line":43},"5":{"name":"(anonymous_5)","decl":{"start":{"line":44,"column":24},"end":{"line":44,"column":29}},"loc":{"start":{"line":44,"column":29},"end":{"line":50,"column":13}},"line":44},"6":{"name":"(anonymous_6)","decl":{"start":{"line":54,"column":26},"end":{"line":54,"column":32}},"loc":{"start":{"line":54,"column":32},"end":{"line":68,"column":null}},"line":54},"7":{"name":"(anonymous_7)","decl":{"start":{"line":70,"column":23},"end":{"line":70,"column":24}},"loc":{"start":{"line":70,"column":36},"end":{"line":74,"column":null}},"line":70}},"branchMap":{"0":{"loc":{"start":{"line":21,"column":4},"end":{"line":21,"column":null}},"type":"default-arg","locations":[{"start":{"line":21,"column":18},"end":{"line":21,"column":null}}],"line":21},"1":{"loc":{"start":{"line":30,"column":12},"end":{"line":32,"column":null}},"type":"if","locations":[{"start":{"line":30,"column":12},"end":{"line":32,"column":null}},{"start":{},"end":{}}],"line":30},"2":{"loc":{"start":{"line":45,"column":16},"end":{"line":48,"column":null}},"type":"if","locations":[{"start":{"line":45,"column":16},"end":{"line":48,"column":null}},{"start":{},"end":{}}],"line":45},"3":{"loc":{"start":{"line":58,"column":8},"end":{"line":61,"column":null}},"type":"if","locations":[{"start":{"line":58,"column":8},"end":{"line":61,"column":null}},{"start":{},"end":{}}],"line":58},"4":{"loc":{"start":{"line":80,"column":25},"end":{"line":80,"column":null}},"type":"cond-expr","locations":[{"start":{"line":80,"column":39},"end":{"line":80,"column":55}},{"start":{"line":80,"column":55},"end":{"line":80,"column":null}}],"line":80},"5":{"loc":{"start":{"line":86,"column":12},"end":{"line":88,"column":null}},"type":"cond-expr","locations":[{"start":{"line":87,"column":26},"end":{"line":87,"column":null}},{"start":{"line":88,"column":26},"end":{"line":88,"column":null}}],"line":86},"6":{"loc":{"start":{"line":92,"column":28},"end":{"line":92,"column":null}},"type":"cond-expr","locations":[{"start":{"line":92,"column":42},"end":{"line":92,"column":51}},{"start":{"line":92,"column":51},"end":{"line":92,"column":null}}],"line":92},"7":{"loc":{"start":{"line":95,"column":21},"end":{"line":95,"column":null}},"type":"cond-expr","locations":[{"start":{"line":95,"column":35},"end":{"line":95,"column":44}},{"start":{"line":95,"column":44},"end":{"line":95,"column":null}}],"line":95},"8":{"loc":{"start":{"line":100,"column":13},"end":{"line":111,"column":null}},"type":"binary-expr","locations":[{"start":{"line":100,"column":13},"end":{"line":100,"column":null}},{"start":{"line":101,"column":16},"end":{"line":111,"column":null}}],"line":100},"9":{"loc":{"start":{"line":116,"column":17},"end":{"line":116,"column":null}},"type":"cond-expr","locations":[{"start":{"line":116,"column":31},"end":{"line":116,"column":42}},{"start":{"line":116,"column":42},"end":{"line":116,"column":null}}],"line":116}},"s":{"0":14,"1":14,"2":14,"3":14,"4":6,"5":6,"6":3,"7":14,"8":5,"9":5,"10":5,"11":5,"12":5,"13":3,"14":3,"15":0,"16":0,"17":3,"18":14,"19":2,"20":2,"21":2,"22":2,"23":2,"24":2,"25":2,"26":14,"27":12,"28":12,"29":12,"30":14,"31":1},"f":{"0":14,"1":6,"2":6,"3":5,"4":3,"5":3,"6":2,"7":12},"b":{"0":[14],"1":[3,3],"2":[0,3],"3":[2,0],"4":[6,8],"5":[6,8],"6":[6,8],"7":[6,8],"8":[14,6],"9":[6,8]},"meta":{"lastBranch":10,"lastFunction":8,"lastStatement":32,"seen":{"f:18:24:18:42":0,"b:21:18:21:Infinity":0,"s:23:38:23:Infinity":0,"s:24:32:24:Infinity":1,"s:25:10:25:Infinity":2,"s:28:4:34:Infinity":3,"f:28:14:28:20":1,"s:29:8:33:Infinity":4,"f:29:15:29:21":2,"b:30:12:32:Infinity:undefined:undefined:undefined:undefined":1,"s:30:12:32:Infinity":5,"s:31:16:31:Infinity":6,"s:36:27:52:Infinity":7,"f:36:27:36:33":3,"s:37:8:37:Infinity":8,"s:38:8:38:Infinity":9,"s:39:8:39:Infinity":10,"s:40:8:40:Infinity":11,"s:43:8:51:Infinity":12,"f:43:39:43:45":4,"s:44:12:50:Infinity":13,"f:44:24:44:29":5,"b:45:16:48:Infinity:undefined:undefined:undefined:undefined":2,"s:45:16:48:Infinity":14,"s:46:20:46:Infinity":15,"s:47:20:47:Infinity":16,"s:49:16:49:Infinity":17,"s:54:26:68:Infinity":18,"f:54:26:54:32":6,"s:55:8:55:Infinity":19,"s:56:8:56:Infinity":20,"b:58:8:61:Infinity:undefined:undefined:undefined:undefined":3,"s:58:8:61:Infinity":21,"s:59:12:59:Infinity":22,"s:60:12:60:Infinity":23,"s:63:8:66:Infinity":24,"s:67:8:67:Infinity":25,"s:70:23:74:Infinity":26,"f:70:23:70:24":7,"s:71:21:71:Infinity":27,"s:72:21:72:Infinity":28,"s:73:8:73:Infinity":29,"s:76:4:118:Infinity":30,"b:80:39:80:55:80:55:80:Infinity":4,"b:87:26:87:Infinity:88:26:88:Infinity":5,"b:92:42:92:51:92:51:92:Infinity":6,"b:95:35:95:44:95:44:95:Infinity":7,"b:100:13:100:Infinity:101:16:111:Infinity":8,"b:116:31:116:42:116:42:116:Infinity":9,"s:122:0:129:Infinity":31}}}
,"C:\\Users\\高杰\\house-maint-ai\\src\\constants\\images.ts": {"path":"C:\\Users\\高杰\\house-maint-ai\\src\\constants\\images.ts","statementMap":{"0":{"start":{"line":1,"column":22},"end":{"line":24,"column":null}}},"fnMap":{},"branchMap":{},"s":{"0":1},"f":{},"b":{},"meta":{"lastBranch":0,"lastFunction":0,"lastStatement":1,"seen":{"s:1:22:24:Infinity":0}}}
,"C:\\Users\\高杰\\house-maint-ai\\src\\utils\\matchScore.ts": {"path":"C:\\Users\\高杰\\house-maint-ai\\src\\utils\\matchScore.ts","statementMap":{"0":{"start":{"line":15,"column":31},"end":{"line":19,"column":null}},"1":{"start":{"line":28,"column":4},"end":{"line":28,"column":null}},"2":{"start":{"line":28,"column":23},"end":{"line":28,"column":null}},"3":{"start":{"line":29,"column":4},"end":{"line":29,"column":null}},"4":{"start":{"line":29,"column":33},"end":{"line":29,"column":null}},"5":{"start":{"line":30,"column":4},"end":{"line":30,"column":null}},"6":{"start":{"line":39,"column":4},"end":{"line":39,"column":null}},"7":{"start":{"line":49,"column":4},"end":{"line":49,"column":null}},"8":{"start":{"line":49,"column":56},"end":{"line":49,"column":null}},"9":{"start":{"line":50,"column":4},"end":{"line":50,"column":null}},"10":{"start":{"line":50,"column":52},"end":{"line":50,"column":null}},"11":{"start":{"line":52,"column":23},"end":{"line":54,"column":null}},"12":{"start":{"line":53,"column":8},"end":{"line":53,"column":null}},"13":{"start":{"line":56,"column":4},"end":{"line":56,"column":null}},"14":{"start":{"line":74,"column":27},"end":{"line":74,"column":null}},"15":{"start":{"line":77,"column":14},"end":{"line":77,"column":null}},"16":{"start":{"line":80,"column":14},"end":{"line":80,"column":null}},"17":{"start":{"line":83,"column":14},"end":{"line":83,"column":null}},"18":{"start":{"line":86,"column":14},"end":{"line":86,"column":null}},"19":{"start":{"line":88,"column":4},"end":{"line":88,"column":null}},"20":{"start":{"line":97,"column":4},"end":{"line":97,"column":null}},"21":{"start":{"line":97,"column":21},"end":{"line":97,"column":null}},"22":{"start":{"line":98,"column":4},"end":{"line":98,"column":null}},"23":{"start":{"line":98,"column":21},"end":{"line":98,"column":null}},"24":{"start":{"line":99,"column":4},"end":{"line":99,"column":null}},"25":{"start":{"line":99,"column":21},"end":{"line":99,"column":null}},"26":{"start":{"line":100,"column":4},"end":{"line":100,"column":null}}},"fnMap":{"0":{"name":"calculateDistanceScore","decl":{"start":{"line":27,"column":16},"end":{"line":27,"column":39}},"loc":{"start":{"line":27,"column":67},"end":{"line":31,"column":null}},"line":27},"1":{"name":"calculateRatingScore","decl":{"start":{"line":38,"column":16},"end":{"line":38,"column":37}},"loc":{"start":{"line":38,"column":45},"end":{"line":40,"column":null}},"line":38},"2":{"name":"calculateTechnicalScore","decl":{"start":{"line":48,"column":16},"end":{"line":48,"column":40}},"loc":{"start":{"line":48,"column":70},"end":{"line":57,"column":null}},"line":48},"3":{"name":"(anonymous_3)","decl":{"start":{"line":52,"column":45},"end":{"line":52,"column":null}},"loc":{"start":{"line":53,"column":8},"end":{"line":53,"column":null}},"line":53},"4":{"name":"calculateMatchScore","decl":{"start":{"line":73,"column":16},"end":{"line":73,"column":36}},"loc":{"start":{"line":73,"column":66},"end":{"line":89,"column":null}},"line":73},"5":{"name":"getMatchLevel","decl":{"start":{"line":96,"column":16},"end":{"line":96,"column":30}},"loc":{"start":{"line":96,"column":37},"end":{"line":101,"column":null}},"line":96}},"branchMap":{"0":{"loc":{"start":{"line":27,"column":49},"end":{"line":27,"column":67}},"type":"default-arg","locations":[{"start":{"line":27,"column":63},"end":{"line":27,"column":67}}],"line":27},"1":{"loc":{"start":{"line":28,"column":4},"end":{"line":28,"column":null}},"type":"if","locations":[{"start":{"line":28,"column":4},"end":{"line":28,"column":null}},{"start":{},"end":{}}],"line":28},"2":{"loc":{"start":{"line":29,"column":4},"end":{"line":29,"column":null}},"type":"if","locations":[{"start":{"line":29,"column":4},"end":{"line":29,"column":null}},{"start":{},"end":{}}],"line":29},"3":{"loc":{"start":{"line":49,"column":4},"end":{"line":49,"column":null}},"type":"if","locations":[{"start":{"line":49,"column":4},"end":{"line":49,"column":null}},{"start":{},"end":{}}],"line":49},"4":{"loc":{"start":{"line":49,"column":8},"end":{"line":49,"column":56}},"type":"binary-expr","locations":[{"start":{"line":49,"column":8},"end":{"line":49,"column":27}},{"start":{"line":49,"column":27},"end":{"line":49,"column":56}}],"line":49},"5":{"loc":{"start":{"line":50,"column":4},"end":{"line":50,"column":null}},"type":"if","locations":[{"start":{"line":50,"column":4},"end":{"line":50,"column":null}},{"start":{},"end":{}}],"line":50},"6":{"loc":{"start":{"line":50,"column":8},"end":{"line":50,"column":52}},"type":"binary-expr","locations":[{"start":{"line":50,"column":8},"end":{"line":50,"column":25}},{"start":{"line":50,"column":25},"end":{"line":50,"column":52}}],"line":50},"7":{"loc":{"start":{"line":73,"column":52},"end":{"line":73,"column":66}},"type":"default-arg","locations":[{"start":{"line":73,"column":62},"end":{"line":73,"column":66}}],"line":73},"8":{"loc":{"start":{"line":97,"column":4},"end":{"line":97,"column":null}},"type":"if","locations":[{"start":{"line":97,"column":4},"end":{"line":97,"column":null}},{"start":{},"end":{}}],"line":97},"9":{"loc":{"start":{"line":98,"column":4},"end":{"line":98,"column":null}},"type":"if","locations":[{"start":{"line":98,"column":4},"end":{"line":98,"column":null}},{"start":{},"end":{}}],"line":98},"10":{"loc":{"start":{"line":99,"column":4},"end":{"line":99,"column":null}},"type":"if","locations":[{"start":{"line":99,"column":4},"end":{"line":99,"column":null}},{"start":{},"end":{}}],"line":99}},"s":{"0":1,"1":14,"2":3,"3":11,"4":4,"5":7,"6":10,"7":13,"8":2,"9":11,"10":3,"11":8,"12":15,"13":8,"14":5,"15":5,"16":5,"17":5,"18":5,"19":5,"20":14,"21":3,"22":11,"23":11,"24":7,"25":7,"26":3},"f":{"0":14,"1":10,"2":13,"3":15,"4":5,"5":14},"b":{"0":[14],"1":[3,11],"2":[4,7],"3":[2,11],"4":[13,12],"5":[3,8],"6":[11,10],"7":[5],"8":[3,11],"9":[4,7],"10":[4,3]},"meta":{"lastBranch":11,"lastFunction":6,"lastStatement":27,"seen":{"s:15:31:19:Infinity":0,"f:27:16:27:39":0,"b:27:63:27:67":0,"b:28:4:28:Infinity:undefined:undefined:undefined:undefined":1,"s:28:4:28:Infinity":1,"s:28:23:28:Infinity":2,"b:29:4:29:Infinity:undefined:undefined:undefined:undefined":2,"s:29:4:29:Infinity":3,"s:29:33:29:Infinity":4,"s:30:4:30:Infinity":5,"f:38:16:38:37":1,"s:39:4:39:Infinity":6,"f:48:16:48:40":2,"b:49:4:49:Infinity:undefined:undefined:undefined:undefined":3,"s:49:4:49:Infinity":7,"b:49:8:49:27:49:27:49:56":4,"s:49:56:49:Infinity":8,"b:50:4:50:Infinity:undefined:undefined:undefined:undefined":5,"s:50:4:50:Infinity":9,"b:50:8:50:25:50:25:50:52":6,"s:50:52:50:Infinity":10,"s:52:23:54:Infinity":11,"f:52:45:52:Infinity":3,"s:53:8:53:Infinity":12,"s:56:4:56:Infinity":13,"f:73:16:73:36":4,"b:73:62:73:66":7,"s:74:27:74:Infinity":14,"s:77:14:77:Infinity":15,"s:80:14:80:Infinity":16,"s:83:14:83:Infinity":17,"s:86:14:86:Infinity":18,"s:88:4:88:Infinity":19,"f:96:16:96:30":5,"b:97:4:97:Infinity:undefined:undefined:undefined:undefined":8,"s:97:4:97:Infinity":20,"s:97:21:97:Infinity":21,"b:98:4:98:Infinity:undefined:undefined:undefined:undefined":9,"s:98:4:98:Infinity":22,"s:98:21:98:Infinity":23,"b:99:4:99:Infinity:undefined:undefined:undefined:undefined":10,"s:99:4:99:Infinity":24,"s:99:21:99:Infinity":25,"s:100:4:100:Infinity":26}}}
}
